----system---- --total-cpu-usage-- -dsk/total- ------memory-usage----- ------tcp-sockets------- -net/total-
     time     |usr sys idl wai stl| read  writ| used  free  buff  cach|lis  act  syn  tim  clo | recv  send
25-11 06:35:21|  1   0  99   0   0|  96k  338k| 838M  999M 90.3M 1648M| 10   13    0    8    0 |   0     0 
25-11 06:35:22|  4   3  93   0   0|   0   416k| 838M  999M 90.3M 1648M| 10   13    0    8    0 |  52B    0 
25-11 06:35:23|  0   0  98   1   0|   0  4192k| 838M  999M 90.3M 1648M| 10   13    0    8    0 |   0     0 
25-11 06:35:24|  0   0  99   1   0|   0  1600k| 838M  999M 90.3M 1648M| 10   13    0    8    0 |7539B 6270B
25-11 06:35:25|  0   0  99   0   0|   0  2288k| 838M  999M 90.3M 1648M| 10   13    0    8    0 |  46B   54B
25-11 06:35:26|  0   0 100   0   0|   0   328k| 838M  998M 90.3M 1648M| 10   13    0    8    0 |   0     0 
25-11 06:35:27|  0   0 100   0   0|   0   144k| 838M  998M 90.3M 1648M| 10   13    0    8    0 |   0     0 
25-11 06:35:28|  0   0 100   0   0|   0     0 | 838M  998M 90.3M 1648M| 10   13    0    8    0 |   0     0 
25-11 06:35:29|  0   0 100   0   0|   0     0 | 838M  998M 90.3M 1648M| 10   13    0    8    0 |   0     0 
25-11 06:35:30|  0   1  98   0   0|   0     0 | 839M  998M 90.3M 1648M| 10   13    0    8    0 | 140B  198B
25-11 06:35:31|  0   0 100   0   0|   0     0 | 839M  998M 90.3M 1648M| 10   13    0    8    0 |  76B   90B
25-11 06:35:32|  0   0 100   0   0|   0     0 | 839M  998M 90.3M 1648M| 10   13    0    8    0 |   0     0 
25-11 06:35:33|  0   0 100   0   0|   0    32k| 839M  998M 90.4M 1648M| 10   13    0    8    0 |   0     0 
25-11 06:35:34|  0   0 100   0   0|   0     0 | 839M  998M 90.4M 1648M| 10   13    0    8    0 |   0     0 
25-11 06:35:35|  0   0 100   0   0|   0     0 | 839M  998M 90.4M 1648M| 10   13    0    8    0 |   0     0 
25-11 06:35:36|  0   0 100   0   0|   0     0 | 839M  998M 90.4M 1648M| 10   13    0    8    0 |   0     0 
25-11 06:35:37|  0   0 100   0   0|   0     0 | 839M  998M 90.4M 1648M| 10   13    0    8    0 |   0     0 
25-11 06:35:38|  0   0 100   0   0|   0    32k| 839M  998M 90.4M 1648M| 10   13    0    8    0 |   0     0 
25-11 06:35:39|  0   0 100   0   0|   0    80k| 839M  998M 90.4M 1648M| 10   13    0    8    0 |  46B   54B
25-11 06:35:40|  0   0 100   0   0|   0     0 | 839M  998M 90.4M 1648M| 10   13    0    8    0 |  46B   54B
25-11 06:35:41|  0   0 100   0   0|   0     0 | 839M  998M 90.4M 1648M| 10   13    0    8    0 |   0     0 
25-11 06:35:42|  0   0 100   0   0|   0     0 | 839M  998M 90.4M 1648M| 10   13    0    8    0 |   0     0 
25-11 06:35:43|  0   0 100   0   0|   0  1008k| 839M  998M 90.4M 1648M| 10   13    0    8    0 |   0     0 
25-11 06:35:44|  0   0  98   2   0|   0  2808k| 839M  998M 90.4M 1648M| 10   13    0    8    0 |7576B 6162B
25-11 06:35:45|  0   0 100   0   0|   0  8192B| 839M  998M 90.4M 1648M| 10   13    0    8    0 |   0     0 
25-11 06:35:46|  0   0 100   0   0|   0     0 | 839M  998M 90.4M 1648M| 10   13    0    8    0 |   0     0 
25-11 06:35:47|  0   0 100   0   0|   0     0 | 839M  998M 90.4M 1648M| 10   13    0    8    0 |  76B   90B
25-11 06:35:48|  0   0 100   0   0|   0     0 | 839M  998M 90.4M 1648M| 10   13    0    8    0 |   0     0 
25-11 06:35:49|  0   0 100   0   0|   0   120k| 839M  998M 90.4M 1648M| 10   13    0    8    0 |   0     0 
25-11 06:35:50|  0   0 100   0   0|   0     0 | 839M  998M 90.4M 1648M| 10   13    0    8    0 |  28B   42B
25-11 06:35:51|  0   0 100   0   0|   0     0 | 839M  998M 90.4M 1648M| 10   13    0    8    0 |   0     0 
25-11 06:35:52|  0   0 100   0   0|   0     0 | 839M  998M 90.4M 1648M| 10   13    0    8    0 |   0     0 
25-11 06:35:53|  0   0 100   0   0|   0     0 | 839M  998M 90.4M 1648M| 10   13    0    8    0 |   0     0 
25-11 06:35:54|  0   0 100   0   0|   0    16k| 839M  998M 90.4M 1648M| 10   13    0    8    0 |   0     0 
25-11 06:35:55|  0   0 100   0   0|   0   168k| 839M  998M 90.4M 1648M| 10   13    0    8    0 |  46B   54B
25-11 06:35:56|  0   0 100   0   0|   0     0 | 839M  998M 90.4M 1648M| 10   13    0    8    0 |   0     0 
25-11 06:35:57|  0   0 100   0   0|   0     0 | 839M  998M 90.4M 1648M| 10   13    0    8    0 |   0     0 
25-11 06:35:58|  0   0 100   0   0|   0     0 | 839M  998M 90.4M 1648M| 10   13    0    8    0 |   0     0 
25-11 06:35:59|  0   0 100   0   0|   0     0 | 839M  998M 90.4M 1648M| 10   13    0    8    0 |   0     0 
25-11 06:36:00|  0   0 100   0   0|   0    48k| 839M  998M 90.4M 1648M| 10   13    0    8    0 |  46B   54B
25-11 06:36:01|  0   0 100   0   0|   0     0 | 839M  998M 90.4M 1648M| 10   13    0    8    0 |  28B   42B
25-11 06:36:02|  0   0 100   0   0|   0     0 | 839M  998M 90.4M 1648M| 10   13    0    8    0 |   0     0 
25-11 06:36:03|  0   0 100   0   0|   0     0 | 839M  998M 90.4M 1648M| 10   13    0    8    0 |  76B   90B
25-11 06:36:04|  0   0  99   0   0|   0     0 | 839M  998M 90.4M 1648M| 10   12    0    8    0 | 586B  355B
25-11 06:36:05|  0   0 100   0   0|   0     0 | 839M  998M 90.4M 1648M| 10   13    0    8    0 |6944B 5861B
25-11 06:36:06|  0   0 100   0   0|   0    32k| 839M  998M 90.4M 1648M| 10   13    0    8    0 |   0     0 
25-11 06:36:07|  0   0 100   0   0|   0     0 | 839M  998M 90.4M 1648M| 10   13    0    8    0 |   0     0 
25-11 06:36:08|  0   0 100   0   0|   0     0 | 839M  998M 90.4M 1648M| 10   13    0    8    0 |   0     0 
25-11 06:36:09|  0   0 100   0   0|   0     0 | 839M  998M 90.4M 1648M| 10   13    0    8    0 |   0     0 
25-11 06:36:10|  0   0 100   0   0|   0     0 | 839M  998M 90.4M 1648M| 10   13    0    8    0 |  46B   54B
25-11 06:36:11|  0   0  99   0   0|   0    32k| 839M  998M 90.4M 1648M| 10   13    0    7    0 |   0     0 
25-11 06:36:12|  0   0 100   0   0|   0     0 | 839M  998M 90.4M 1648M| 10   13    0    7    0 |   0     0 
25-11 06:36:13|  0   0 100   0   0|   0     0 | 839M  998M 90.4M 1648M| 10   13    0    7    0 |   0     0 
25-11 06:36:14|  0   0 100   0   0|   0   112k| 839M  998M 90.4M 1648M| 10   13    0    7    0 |   0     0 
25-11 06:36:15|  0   0 100   0   0|   0     0 | 839M  998M 90.4M 1648M| 10   13    0    7    0 |   0     0 
25-11 06:36:16|  0   0 100   0   0|   0     0 | 839M  998M 90.4M 1648M| 10   13    0    7    0 |   0     0 
25-11 06:36:17|  0   0 100   0   0|   0    32k| 839M  998M 90.4M 1648M| 10   13    0    7    0 |   0     0 
25-11 06:36:18|  0   0 100   0   0|   0     0 | 839M  998M 90.4M 1648M| 10   13    0    7    0 |   0     0 
25-11 06:36:19|  0   0 100   0   0|   0     0 | 839M  998M 90.4M 1648M| 10   13    0    7    0 |  76B   90B
25-11 06:36:20|  0   0 100   0   0|   0     0 | 839M  998M 90.4M 1648M| 10   13    0    7    0 |  46B   54B
25-11 06:36:21|  0   0 100   0   0|   0     0 | 839M  998M 90.4M 1648M| 10   13    0    7    0 |   0     0 
25-11 06:36:22|  0   0 100   0   0|   0    32k| 839M  998M 90.4M 1648M| 10   13    0    7    0 |   0     0 
25-11 06:36:23|  0   0 100   0   0|   0     0 | 839M  998M 90.4M 1648M| 10   13    0    0    0 |   0     0 
25-11 06:36:24|  0   0 100   0   0|   0     0 | 839M  998M 90.4M 1648M| 10   13    0    0    0 |   0     0 
25-11 06:36:25|  0   0  99   0   0|   0     0 | 839M  998M 90.4M 1648M| 10   13    0    0    0 |7625B 6378B
25-11 06:36:26|  0   0 100   0   0|   0   120k| 839M  998M 90.4M 1648M| 10   13    0    0    0 |   0     0 
25-11 06:36:27|  0   0 100   0   0|   0   104k| 839M  998M 90.4M 1648M| 10   13    0    0    0 |   0     0 
25-11 06:36:28|  0   0 100   0   0|   0     0 | 839M  998M 90.4M 1648M| 10   13    0    0    0 |   0     0 
25-11 06:36:29|  0   0 100   0   0|   0     0 | 839M  998M 90.4M 1648M| 10   13    0    0    0 |   0     0 
25-11 06:36:30|  0   0 100   0   0|   0     0 | 839M  998M 90.4M 1648M| 10   13    0    0    0 |  28B   42B
25-11 06:36:31|  0   0 100   0   0|   0     0 | 839M  998M 90.4M 1648M| 10   13    0    0    0 |   0     0 
25-11 06:36:32|  0   0 100   0   0|   0    80k| 839M  998M 90.4M 1648M| 10   13    0    0    0 |   0     0 
25-11 06:36:33|  0   0 100   0   0|   0     0 | 839M  998M 90.4M 1648M| 10   13    0    0    0 |   0     0 
25-11 06:36:34|  0   0 100   0   0|   0     0 | 839M  998M 90.4M 1648M| 10   13    0    0    0 |   0     0 
25-11 06:36:35|  0   0 100   0   0|   0     0 | 839M  998M 90.4M 1648M| 10   13    0    0    0 |  76B   90B
25-11 06:36:36|  0   0 100   0   0|   0     0 | 839M  998M 90.4M 1648M| 10   13    0    0    0 |   0     0 
25-11 06:36:37|  0   0 100   0   0|   0   104k| 839M  998M 90.4M 1648M| 10   13    0    0    0 |   0     0 
25-11 06:36:38|  0   0 100   0   0|   0     0 | 839M  998M 90.4M 1648M| 10   13    0    0    0 |   0     0 
25-11 06:36:39|  0   0 100   0   0|   0     0 | 839M  998M 90.4M 1648M| 10   13    0    0    0 |   0     0 
25-11 06:36:40|  0   0 100   0   0|   0     0 | 839M  998M 90.4M 1648M| 10   13    0    0    0 |  92B  108B
25-11 06:36:41|  0   0 100   0   0|   0     0 | 839M  998M 90.4M 1648M| 10   13    0    0    0 |   0     0 
25-11 06:36:42|  0   0 100   0   0|   0    56k| 839M  998M 90.4M 1648M| 10   13    0    0    0 |   0     0 
25-11 06:36:43|  0   0 100   0   0|   0    32k| 839M  998M 90.4M 1648M| 10   13    0    0    0 |   0     0 
25-11 06:36:44|  1   0  99   0   0|   0     0 | 839M  998M 90.4M 1648M| 10   14    0    0    0 |  11k 7792B
25-11 06:36:45|  0   0 100   0   0|   0     0 | 839M  998M 90.4M 1648M| 10   14    0    0    0 |7576B 6162B
25-11 06:36:46|  0   0 100   0   0|   0     0 | 839M  998M 90.4M 1648M| 10   14    0    0    0 |   0     0 
25-11 06:36:47|  0   0 100   0   0|   0  8192B| 839M  998M 90.4M 1648M| 10   14    0    0    0 |   0     0 
25-11 06:36:48|  0   0 100   0   0|   0    88k| 839M  998M 90.4M 1648M| 10   14    0    0    0 |   0     0 
25-11 06:36:49|  0   0 100   0   0|   0  8192B| 839M  998M 90.4M 1648M| 10   14    0    0    0 |   0     0 
25-11 06:36:50|  0   0 100   0   0|   0     0 | 839M  998M 90.4M 1648M| 10   14    0    0    0 |   0     0 
25-11 06:36:51|  0   0 100   0   0|   0     0 | 839M  998M 90.4M 1648M| 10   14    0    0    0 |   0     0 
25-11 06:36:52|  0   0 100   0   0|   0     0 | 839M  998M 90.4M 1648M| 10   14    0    0    0 |  76B   90B
25-11 06:36:53|  0   0 100   0   0|   0    56k| 839M  998M 90.4M 1648M| 10   13    0    0    0 | 156B  132B
25-11 06:36:54|  0   0 100   0   0|   0    32k| 839M  998M 90.4M 1648M| 10   13    0    0    0 |   0     0 
25-11 06:36:55|  0   0 100   0   0|   0     0 | 839M  998M 90.4M 1648M| 10   13    0    0    0 |  46B   54B
25-11 06:36:56|  0   0  99   0   0| 160k    0 | 839M  998M 90.4M 1648M| 10   13    0    0    0 |  63B   93B
25-11 06:36:57|  0   0 100   0   0|   0   232k| 838M  998M 90.4M 1648M| 10   13    0    0    0 |  28B   42B
25-11 06:36:58|  0   0 100   0   0|   0    64k| 838M  998M 90.4M 1648M| 10   13    0    0    0 |   0     0 
25-11 06:36:59|  5   1  95   0   0|   0    32k| 838M  998M 90.4M 1649M| 10   13    0    0    0 | 950B 1475B
25-11 06:37:00|  0   0 100   0   0|   0     0 | 838M  998M 90.4M 1649M| 10   13    0    0    0 |  46B   54B
25-11 06:37:01|  0   0 100   0   0|   0     0 | 838M  998M 90.4M 1649M| 10   13    0    0    0 |   0     0 
25-11 06:37:02|  0   0 100   0   0|   0    16k| 838M  998M 90.4M 1649M| 10   13    0    0    0 |   0     0 
25-11 06:37:03|  0   0 100   0   0|   0    88k| 838M  998M 90.4M 1649M| 10   13    0    0    0 |   0     0 
25-11 06:37:04|  0   0 100   0   0|   0     0 | 838M  998M 90.4M 1649M| 10   13    0    0    0 |   0     0 
25-11 06:37:05|  0   0 100   0   0|   0     0 | 838M  998M 90.4M 1649M| 10   13    0    0    0 |7484B 6216B
25-11 06:37:06|  0   0 100   0   0|   0     0 | 838M  998M 90.4M 1649M| 10   13    0    0    0 |   0     0 
25-11 06:37:07|  0   0 100   0   0|   0     0 | 838M  998M 90.4M 1649M| 10   13    0    0    0 |   0     0 
25-11 06:37:08|  0   0 100   0   0|   0    88k| 838M  998M 90.4M 1649M| 10   13    0    0    0 |  76B   90B
25-11 06:37:09|  0   0 100   0   0|   0     0 | 838M  998M 90.4M 1649M| 10   13    0    0    0 |   0     0 
25-11 06:37:10|  0   0 100   0   0|   0     0 | 838M  998M 90.4M 1649M| 10   13    0    0    0 |  74B   96B
25-11 06:37:11|  0   0 100   0   0|   0     0 | 838M  998M 90.4M 1649M| 10   13    0    0    0 |   0     0 
25-11 06:37:12|  0   0 100   0   0|   0     0 | 838M  998M 90.4M 1649M| 10   13    0    0    0 |   0     0 
25-11 06:37:13|  0   0 100   0   0|   0    40k| 838M  998M 90.4M 1649M| 10   13    0    0    0 |   0     0 
25-11 06:37:14|  2   0  96   1   0|  32k  616k| 841M  995M 90.4M 1649M| 10   13    0    2    0 | 702B  743B
25-11 06:37:15|  0   0 100   0   0|  32k   64k| 841M  995M 90.5M 1649M| 10   13    0    2    0 |   0     0 
25-11 06:37:16|  0   0 100   0   0|   0   368k| 841M  995M 90.5M 1649M| 10   13    0    2    0 |   0     0 
25-11 06:37:17|  1   1  97   0   0|   0   880k| 843M  993M 90.5M 1649M| 10   13    0    4    0 | 679B  644B
25-11 06:37:18|  0   0 100   0   0|   0    56k| 843M  993M 90.5M 1649M| 10   13    0    4    0 |   0     0 
25-11 06:37:19|  0   0  99   1   0|  64k 1520k| 843M  993M 90.5M 1649M| 10   13    0    4    0 |   0     0 
25-11 06:37:20|  0   0 100   0   0|   0     0 | 843M  993M 90.5M 1649M| 10   13    0    4    0 |  46B   54B
