----system---- --total-cpu-usage-- -dsk/total- ------memory-usage----- ------tcp-sockets------- -net/total-
     time     |usr sys idl wai stl| read  writ| used  free  buff  cach|lis  act  syn  tim  clo | recv  send
25-11 06:35:25|  6   1  92   1   0| 280k  978k| 852M  781M  134M 1791M| 11   14    5    8    0 |   0     0 
25-11 06:35:26|  1   2  97   0   0|   0   264k| 852M  781M  134M 1791M| 11   14    5    8    0 |   0     0 
25-11 06:35:27|  0   0  97   3   0|   0    14M| 853M  781M  134M 1791M| 11   14    5    8    0 |   0     0 
25-11 06:35:28|  0   0 100   0   0|   0  1600k| 853M  780M  134M 1791M| 11   14    5    8    0 |  46B  116B
25-11 06:35:29|  0   0  96   3   0|   0  6032k| 853M  780M  134M 1791M| 11   14    5    8    0 |   0     0 
25-11 06:35:30|  0   0  99   1   0|   0   400k| 853M  780M  134M 1791M| 11   14    5    8    0 |  46B   54B
25-11 06:35:31|  0   0 100   0   0|   0   144k| 853M  780M  134M 1791M| 11   14    5    8    0 |   0     0 
25-11 06:35:32|  0   0  98   1   0|   0    12M| 853M  780M  134M 1791M| 11   14    5    8    0 |   0   116B
25-11 06:35:33|  0   0 100   0   0|   0     0 | 853M  780M  134M 1791M| 11   14    5    8    0 |   0     0 
25-11 06:35:34|  0   0 100   0   0|   0     0 | 853M  780M  134M 1791M| 11   14    6    8    0 | 138B  112B
25-11 06:35:35|  0   0 100   0   0|   0     0 | 853M  780M  134M 1791M| 11   14    6    8    0 |   0    58B
25-11 06:35:36|  0   0 100   0   0|   0     0 | 853M  780M  134M 1791M| 11   14    6    8    0 |   0     0 
25-11 06:35:37|  0   0 100   0   0|   0    40k| 853M  780M  134M 1791M| 11   14    6    8    0 |   0    58B
25-11 06:35:38|  0   0 100   0   0|   0     0 | 853M  780M  134M 1791M| 11   14    6    8    0 |   0     0 
25-11 06:35:39|  0   0 100   0   0|   0  8192B| 853M  780M  134M 1791M| 11   14    6    8    0 |7563B 6306B
25-11 06:35:40|  0   0 100   0   0|   0     0 | 853M  780M  134M 1791M| 11   14    6    8    0 |  46B   58B
25-11 06:35:41|  0   0 100   0   0|   0     0 | 853M  780M  134M 1791M| 11   14    6    8    0 |  52B  124B
25-11 06:35:42|  0   0  99   0   0|   0    32k| 853M  780M  134M 1791M| 11   14    5    8    0 |   0     0 
25-11 06:35:43|  0   0 100   0   0|   0     0 | 853M  780M  134M 1791M| 11   14    5    8    0 |  46B   98B
25-11 06:35:44|  0   0 100   0   0|   0     0 | 853M  780M  134M 1791M| 11   14    5    8    0 |  28B  158B
25-11 06:35:45|  0   0 100   0   0|   0     0 | 853M  780M  134M 1791M| 11   14    5    8    0 |   0     0 
25-11 06:35:46|  0   0 100   0   0|   0     0 | 853M  780M  134M 1791M| 11   14    6    5    0 |  92B   58B
25-11 06:35:47|  0   0 100   0   0|   0     0 | 853M  780M  134M 1791M| 11   14    6    5    0 |   0    58B
25-11 06:35:48|  0   0 100   0   0|   0    32k| 853M  780M  134M 1791M| 11   14    6    5    0 |   0     0 
25-11 06:35:49|  0   0 100   0   0|   0  8192B| 853M  780M  134M 1791M| 11   14    6    5    0 |   0    58B
25-11 06:35:50|  0   0 100   0   0|   0     0 | 853M  780M  134M 1791M| 11   14    6    5    0 |   0     0 
25-11 06:35:51|  0   0 100   0   0|   0     0 | 853M  780M  134M 1791M| 11   14    6    5    0 |   0     0 
25-11 06:35:52|  0   0 100   0   0|   0     0 | 853M  780M  134M 1791M| 11   14    6    4    0 |  46B   58B
25-11 06:35:53|  0   0 100   0   0|   0    32k| 854M  780M  134M 1791M| 11   14    6    4    0 |   0    58B
25-11 06:35:54|  0   0 100   0   0|   0     0 | 854M  780M  134M 1791M| 11   14    5    4    0 |  46B   54B
25-11 06:35:55|  0   0 100   0   0|   0   520k| 854M  780M  134M 1791M| 11   14    5    4    0 | 104B  132B
25-11 06:35:56|  0   0 100   0   0|   0     0 | 854M  780M  134M 1791M| 11   14    5    4    0 |  52B  124B
25-11 06:35:57|  0   0 100   0   0|   0     0 | 854M  780M  134M 1791M| 11   14    5    4    0 |   0    58B
25-11 06:35:58|  0   0 100   0   0|   0   120k| 854M  780M  134M 1791M| 11   14    6    4    0 | 138B  112B
25-11 06:35:59|  0   0  99   0   0|   0    56k| 854M  780M  134M 1791M| 11   14    6    4    0 |7459B 6220B
25-11 06:36:00|  0   0 100   0   0|   0     0 | 854M  780M  134M 1791M| 11   14    6    4    0 |   0     0 
25-11 06:36:01|  0   0 100   0   0|   0     0 | 854M  780M  134M 1791M| 11   14    6    4    0 |  28B  100B
25-11 06:36:02|  0   0 100   0   0|   0     0 | 854M  780M  134M 1791M| 11   14    6    4    0 |   0     0 
25-11 06:36:03|  0   0 100   0   0|   0     0 | 854M  780M  134M 1791M| 11   14    6    4    0 |   0     0 
25-11 06:36:04|  0   0 100   0   0|   0    72k| 854M  780M  134M 1791M| 11   14    6    4    0 |  46B   58B
25-11 06:36:05|  0   0 100   0   0|   0     0 | 854M  780M  134M 1791M| 11   14    6    4    0 |   0    58B
25-11 06:36:06|  0   0 100   0   0|   0     0 | 854M  780M  134M 1791M| 11   14    5    4    0 |   0     0 
25-11 06:36:07|  0   0 100   0   0|   0     0 | 854M  780M  134M 1791M| 11   14    5    4    0 |   0     0 
25-11 06:36:08|  0   0 100   0   0|   0     0 | 854M  780M  134M 1791M| 11   14    5    4    0 |   0    58B
25-11 06:36:09|  0   0 100   0   0|   0    88k| 854M  780M  134M 1791M| 11   14    5    4    0 |   0    58B
25-11 06:36:10|  0   0 100   0   0|   0     0 | 854M  780M  134M 1791M| 11   14    6    4    0 |  92B   58B
25-11 06:36:11|  0   0 100   0   0|   0     0 | 854M  780M  134M 1791M| 11   14    6    4    0 |  52B  124B
25-11 06:36:12|  0   0 100   0   0|   0     0 | 854M  780M  134M 1791M| 11   14    6    4    0 |  76B   90B
25-11 06:36:13|  0   0 100   0   0|   0     0 | 854M  780M  134M 1791M| 11   14    6    3    0 |  46B  112B
25-11 06:36:14|  1   0  99   0   0|   0   128k| 855M  778M  134M 1791M| 11   14    5    3    0 | 140B  257B
25-11 06:36:15|  0   0  99   0   0|   0    32k| 855M  778M  134M 1791M| 11   14    5    3    0 |   0     0 
25-11 06:36:16|  0   0 100   0   0|   0     0 | 855M  778M  134M 1791M| 11   14    5    3    0 |   0     0 
25-11 06:36:17|  0   0 100   0   0|   0     0 | 855M  778M  134M 1791M| 11   14    4    3    0 |   0    58B
25-11 06:36:18|  0   0 100   0   0|   0     0 | 855M  778M  134M 1791M| 11   14    4    3    0 |   0     0 
25-11 06:36:19|  0   0  99   0   0|   0   376k| 855M  778M  134M 1791M| 11   14    4    3    0 |7576B 6162B
25-11 06:36:20|  0   0 100   0   0|   0    32k| 855M  778M  134M 1791M| 11   14    4    3    0 |   0     0 
25-11 06:36:21|  0   0 100   0   0|   0     0 | 855M  778M  134M 1791M| 11   14    4    3    0 |   0    58B
25-11 06:36:22|  0   0 100   0   0|   0     0 | 855M  778M  134M 1791M| 11   14    4    3    0 |   0     0 
25-11 06:36:23|  0   0 100   0   0|   0     0 | 855M  778M  134M 1791M| 11   14    4    3    0 |   0     0 
25-11 06:36:24|  0   0 100   0   0|   0    16k| 855M  778M  134M 1791M| 11   14    4    3    0 |  28B   42B
25-11 06:36:25|  0   0 100   0   0|   0    48k| 855M  778M  134M 1791M| 11   14    4    3    0 |   0     0 
25-11 06:36:26|  0   0 100   0   0|   0    32k| 855M  778M  134M 1791M| 11   14    4    3    0 |  52B   66B
25-11 06:36:27|  0   0 100   0   0|   0     0 | 855M  778M  134M 1791M| 11   14    4    0    0 |  76B   90B
25-11 06:36:28|  0   0 100   0   0|   0     0 | 855M  778M  134M 1791M| 11   14    4    0    0 | 122B  144B
25-11 06:36:29|  0   0 100   0   0|   0     0 | 855M  778M  134M 1791M| 11   14    3    0    0 |   0     0 
25-11 06:36:30|  0   0 100   0   0|   0    48k| 855M  778M  134M 1791M| 11   14    3    0    0 |   0     0 
25-11 06:36:31|  0   0 100   0   0|   0    32k| 855M  778M  134M 1791M| 11   14    3    0    0 |  28B   42B
25-11 06:36:32|  0   0 100   0   0|   0     0 | 855M  778M  134M 1791M| 11   14    3    0    0 |   0     0 
25-11 06:36:33|  0   0 100   0   0|   0     0 | 855M  778M  134M 1791M| 11   14    3    0    0 |   0    58B
25-11 06:36:34|  0   0 100   0   0|   0     0 | 855M  778M  134M 1791M| 11   14    3    0    0 |  46B   54B
25-11 06:36:35|  0   0 100   0   0|   0     0 | 855M  778M  134M 1791M| 11   14    3    0    0 |   0     0 
25-11 06:36:36|  0   0  99   0   0|   0    48k| 855M  778M  134M 1791M| 11   14    3    0    0 |   0     0 
25-11 06:36:37|  0   0 100   0   0|   0    32k| 855M  778M  134M 1791M| 11   14    3    0    0 |   0     0 
25-11 06:36:38|  0   0 100   0   0|   0     0 | 855M  778M  134M 1791M| 11   14    3    0    0 |   0     0 
25-11 06:36:39|  0   0 100   0   0|   0     0 | 855M  778M  134M 1791M| 11   14    3    0    0 |7487B 6162B
25-11 06:36:40|  0   0 100   0   0|   0     0 | 855M  778M  134M 1791M| 11   14    3    0    0 |   0     0 
25-11 06:36:41|  0   0 100   0   0|   0    48k| 855M  778M  134M 1791M| 11   14    2    0    0 |  52B   66B
25-11 06:36:42|  0   0 100   0   0|   0    48k| 855M  778M  134M 1791M| 11   14    2    0    0 |   0     0 
25-11 06:36:43|  0   0 100   0   0|   0     0 | 855M  778M  134M 1791M| 11   14    2    0    0 |  46B   54B
25-11 06:36:44|  0   0 100   0   0|   0     0 | 855M  778M  134M 1791M| 11   14    2    0    0 |  76B   90B
25-11 06:36:45|  0   0 100   0   0|   0     0 | 855M  778M  134M 1791M| 11   14    2    0    0 |   0     0 
25-11 06:36:46|  0   0 100   0   0|   0     0 | 855M  778M  134M 1791M| 11   14    2    0    0 |   0     0 
25-11 06:36:47|  0   0 100   0   0|   0    56k| 855M  778M  134M 1791M| 11   14    2    0    0 |   0     0 
25-11 06:36:48|  0   0 100   0   0|   0    24k| 855M  778M  134M 1791M| 11   14    2    0    0 |   0     0 
25-11 06:36:49|  0   0 100   0   0|   0     0 | 855M  778M  134M 1791M| 11   14    2    0    0 |   0     0 
25-11 06:36:50|  0   0  99   0   0|   0     0 | 855M  778M  134M 1791M| 11   14    2    0    0 |   0     0 
25-11 06:36:51|  0   0 100   0   0|   0     0 | 855M  778M  134M 1791M| 11   14    2    0    0 |  28B   42B
25-11 06:36:52|  0   0 100   0   0|   0    56k| 855M  778M  134M 1791M| 11   14    2    0    0 |   0     0 
25-11 06:36:53|  0   0 100   0   0|   0    40k| 855M  778M  134M 1791M| 11   14    2    0    0 |   0     0 
25-11 06:36:54|  0   0 100   0   0|   0     0 | 855M  778M  134M 1791M| 11   14    1    0    0 |  46B   54B
25-11 06:36:55|  0   0 100   0   0|   0     0 | 855M  778M  134M 1791M| 11   14    1    0    0 |   0     0 
25-11 06:36:56|  1   0  99   0   0|   0     0 | 857M  776M  134M 1791M| 11   18    1    0    0 |4650B 6876B
25-11 06:36:57|  1   1  97   0   0|   0     0 | 857M  776M  134M 1791M| 11   18    1    1    0 | 129k  474k
25-11 06:36:58|  3   1  96   0   0|   0    48k| 861M  772M  134M 1791M| 11   18    1    7    0 |  88k 3472k
25-11 06:36:59| 12   5  82   2   0| 128k 4800k| 865M  767M  134M 1792M| 11   21    1   15    0 | 375k  206k
25-11 06:37:00|  2   1  97   0   0|   0     0 | 865M  767M  134M 1792M| 11   21    1   15    0 |  86k  162k
25-11 06:37:01|  0   1  98   1   0|   0  1184k| 865M  767M  134M 1792M| 11   21    1   15    0 |  86k  161k
25-11 06:37:02|  4   3  93   0   0|   0   184k| 866M  766M  134M 1792M| 11   21    1   16    0 |2203k  402k
25-11 06:37:03|  4   3  93   0   0|   0   152k| 866M  766M  134M 1792M| 11   21    1   16    0 | 371k  552k
25-11 06:37:04|  4   4  92   0   0|   0    56k| 866M  766M  134M 1792M| 11   18    1   16    0 | 376k  558k
25-11 06:37:05|  6   5  89   0   0|   0     0 | 867M  765M  134M 1792M| 11   18    1   16    0 | 380k  566k
25-11 06:37:06|  5   4  92   0   0|   0     0 | 867M  765M  134M 1792M| 11   18    0   16    0 | 378k  562k
25-11 06:37:07|  3   2  96   0   0|   0     0 | 867M  765M  134M 1792M| 11   20    0   26    0 | 485k  254k
25-11 06:37:08|  2   1  97   0   0|   0   104k| 867M  765M  134M 1792M| 11   20    0   26    0 |  87k  163k
25-11 06:37:09|  4   1  93   1   0|   0   680k| 868M  764M  134M 1792M| 11   20    0   27    0 |2034k  173k
25-11 06:37:10|  4   4  92   0   0|   0    32k| 868M  764M  134M 1792M| 11   20    0   27    0 | 380k  563k
25-11 06:37:11|  5   3  92   0   0|   0     0 | 868M  764M  134M 1792M| 11   20    0   27    0 | 378k  563k
25-11 06:37:12|  7   4  90   0   0|   0    32k| 868M  764M  134M 1792M| 11   18    0   27    0 | 380k  564k
25-11 06:37:13|  5   3  92   0   0|   0     0 | 869M  763M  134M 1792M| 11   18    0   27    0 | 380k  565k
25-11 06:37:14|  8   3  89   0   0|   0     0 | 869M  763M  134M 1792M| 11   22    0   37    0 | 547k  506k
25-11 06:37:15|  5   5  89   1   0|   0  1896k| 869M  763M  134M 1792M| 11   22    0   60    0 | 933k  363k
25-11 06:37:16|  7   4  89   0   0|   0     0 | 869M  763M  134M 1792M| 11   22    0   65    0 |1293k  419k
25-11 06:37:17|  4   2  94   0   0|   0     0 | 869M  763M  134M 1792M| 11   24    0   79    0 | 472k  263k
25-11 06:37:18|  0   0 100   0   0|   0     0 | 869M  763M  134M 1792M| 11   24    0   79    0 |   0     0 
25-11 06:37:19|  4   2  94   0   0|   0   176k| 870M  762M  134M 1792M| 11   26    0  154    0 |1214k  532k
25-11 06:37:20|  0   0 100   0   0|   0     0 | 870M  762M  134M 1792M| 11   26    0  154    0 |7104B   15k
25-11 06:37:21|  2   1  98   0   0|   0   168k| 870M  761M  134M 1793M| 11   33    0  166    0 |2377k   77k
25-11 06:37:22|  5   3  92   0   0|   0     0 | 870M  761M  134M 1793M| 11   63    0  212    0 |1707k  774k
25-11 06:37:23| 54  19  26   1   0|   0  9088k| 879M  745M  134M 1801M| 11  152    0  784    0 |  69M   17M
25-11 06:37:24| 63  18  18   0   0|   0     0 | 887M  736M  134M 1802M| 11  186    0    1k   0 |  92M   23M
