----system---- --total-cpu-usage-- -dsk/total- ------memory-usage----- ------tcp-sockets------- -net/total-
     time     |usr sys idl wai stl| read  writ| used  free  buff  cach|lis  act  syn  tim  clo | recv  send
30-11 07:59:11|  6   2  92   0   0| 261k  684k|1070M  370M 97.6M 2034M| 11   14    0    8    0 |   0     0 
30-11 07:59:12|  0   2  98   0   0|  32k  304k|1070M  370M 97.7M 2034M| 11   14    0    8    0 |  52B   66B
30-11 07:59:13|  0   0  99   1   0|   0  3872k|1071M  369M 97.7M 2034M| 11   14    0    8    0 |  52B   66B
30-11 07:59:14|  0   1  99   0   0|   0  1600k|1074M  366M 97.7M 2034M| 11   18    0    8    0 |7739B   13k
30-11 07:59:15|  4   1  94   0   0|   0  2296k|1079M  361M 97.7M 2034M| 11   18    0   10    0 | 183k 2733k
30-11 07:59:16|  3   1  95   0   0|   0   392k|1080M  360M 97.7M 2034M| 11   18    0   15    0 |  36k 1334k
30-11 07:59:17| 16   5  77   2   0|  96k 4368k|1087M  352M 97.7M 2035M| 11   28    0   45    0 | 435k  255k
30-11 07:59:18|  5   4  91   0   0|   0   584k|1088M  351M 97.7M 2035M| 11   28    0   70    0 |1228k  449k
30-11 07:59:19|  7   2  91   1   0|   0   832k|1088M  351M 97.7M 2035M| 11   30    0   86    0 | 850k  381k
30-11 07:59:20|  0   0 100   0   0|   0   144k|1088M  351M 97.7M 2035M| 11   30    0   86    0 |  52B   66B
30-11 07:59:21|  3   1  96   0   0|   0     0 |1088M  350M 97.7M 2035M| 11   36    0  161    0 | 366k  475k
30-11 07:59:22|  0   0 100   0   0|   0     0 |1088M  350M 97.7M 2035M| 11   27    0  161    0 |1892B 5204B
30-11 07:59:23|  0   1  99   0   0|   0     0 |1088M  350M 97.7M 2035M| 11   29    0  165    0 |  28k   30k
30-11 07:59:24| 13   3  84   0   0|   0   176k|1089M  349M 97.7M 2036M| 11   75    2  327    0 |1830k 2436k
30-11 07:59:25| 45  23  32   0   0|   0     0 |1096M  341M 97.7M 2037M| 11  164    0    1k   2 |6824k   32M
30-11 07:59:26| 56  24  19   1   0|   0    16M|1100M  335M 97.7M 2039M| 11  222    0    2k   0 |6816k   36M
30-11 07:59:27| 53  24  22   1   0|   0  1008k|1108M  325M 97.7M 2041M| 11  279    0    4k   4 |6783k   38M
30-11 07:59:28| 56  22  21   1   1|   0    19M|1113M  316M 97.7M 2044M| 11  340    0    5k   2 |6814k   45M
30-11 07:59:29| 57  19  24   0   0|   0    24k|1121M  307M 97.8M 2046M| 11  345    0    6k   0 |7286k   44M
30-11 07:59:30| 52  25  23   0   0|   0     0 |1121M  305M 97.8M 2048M| 11  376    0    7k   0 |7149k   43M
30-11 07:59:31| 53  24  23   0   0|   0     0 |1130M  293M 97.8M 2051M| 11  398    0    8k   0 |6707k   37M
30-11 07:59:32| 54  25  20   0   0|   0   216k|1132M  289M 97.8M 2053M| 11  408    0    9k   1 |6782k   41M
30-11 07:59:33| 52  24  24   0   0|   0     0 |1142M  278M 97.8M 2054M| 11  421    0    9k   1 |7747k   42M
30-11 07:59:34| 53  22  24   1   0|   0    15M|1145M  273M 97.8M 2056M| 11  430    0   10k   0 |6687k   35M
30-11 07:59:35| 54  23  22   0   0|   0     0 |1120M  294M 97.8M 2059M| 11  436    0   11k   0 |6445k   44M
30-11 07:59:36| 54  20  26   0   0|   0     0 |1124M  289M 97.8M 2061M| 11  458    0   12k   1 |7604k   47M
30-11 07:59:37| 56  23  21   0   0|   0   224k|1130M  281M 97.8M 2062M| 11  468    0   12k   1 |7156k   40M
30-11 07:59:38| 53  21  26   0   0|   0     0 |1131M  279M 97.8M 2063M| 11  465    0   13k   0 |6641k   37M
30-11 07:59:39| 55  25  20   0   0|   0  6232k|1133M  276M 97.8M 2065M| 11  479    0   14k   3 |6350k   40M
30-11 07:59:40| 56  22  22   0   0|   0     0 |1136M  271M 97.8M 2066M| 11  494    0   14k   0 |6904k   40M
30-11 07:59:41| 54  25  21   0   0|   0     0 |1137M  269M 97.8M 2068M| 11  506    0   15k   0 |6840k   41M
30-11 07:59:42| 57  23  18   2   0|   0    40M|1140M  264M 97.8M 2069M| 11  505    0   15k   1 |6253k   44M
30-11 07:59:43| 53  22  25   0   0|   0     0 |1141M  262M 97.8M 2070M| 11  526    1   16k   0 |6449k   38M
30-11 07:59:44| 54  22  24   1   0|   0  6232k|1142M  260M 97.8M 2072M| 11  514    1   16k   1 |8142k   45M
30-11 07:59:45| 55  21  24   0   0|   0     0 |1144M  257M 97.8M 2073M| 11  528    0   16k   1 |6621k   38M
30-11 07:59:46| 54  22  23   0   0|   0     0 |1155M  244M 97.8M 2074M| 11  520    0   16k   1 |5696k   43M
30-11 07:59:47| 51  26  21   2   0|   0    34M|1162M  236M 97.8M 2076M| 11  529    1   16k   0 |6530k   43M
30-11 07:59:48| 52  23  24   0   1|   0     0 |1166M  230M 97.8M 2077M| 11  520    0   16k   0 |6083k   35M
30-11 07:59:49| 54  21  25   0   0|   0  3360k|1140M  255M 97.8M 2079M| 11  521    0   16k   0 |6368k   37M
30-11 07:59:50| 53  21  26   0   0|   0     0 |1144M  249M 97.8M 2081M| 11  526    0   16k   0 |7212k   37M
30-11 07:59:51| 52  23  25   0   0|   0     0 |1146M  246M 97.8M 2082M| 11  510    0   16k   0 |6212k   36M
30-11 07:59:52| 49  23  27   0   0|   0   120k|1146M  244M 97.8M 2084M| 11  529    0   16k   0 |6511k   34M
30-11 07:59:53| 54  24  22   0   0|   0     0 |1149M  240M 97.8M 2085M| 11  530    0   16k   1 |6696k   33M
30-11 07:59:54| 52  27  21   0   0|   0  3248k|1153M  234M 97.8M 2087M| 11  524    0   16k   0 |6512k   35M
30-11 07:59:55| 56  21  24   0   0|   0     0 |1153M  233M 97.8M 2088M| 11  512    0   16k   0 |6353k   41M
30-11 07:59:56| 54  20  26   0   0|   0     0 |1153M  231M 97.8M 2089M| 11  507    0   16k   1 |6471k   39M
30-11 07:59:57| 53  21  26   0   0|   0   128k|1154M  229M 97.8M 2090M| 11  492    0   16k   0 |7813k   41M
30-11 07:59:58| 54  23  20   4   0|   0    44M|1157M  225M 97.8M 2092M| 11  491    1   16k   1 |6404k   41M
30-11 07:59:59| 52  23  24   1   0|   0    11M|1159M  221M 97.8M 2093M| 11  503    1   16k   0 |6290k   35M
30-11 08:00:00| 52  23  25   0   0|   0     0 |1165M  214M 97.8M 2094M| 11  496    0   16k   0 |6403k   36M
30-11 08:00:01| 53  24  23   0   0|   0     0 |1168M  210M 97.8M 2096M| 11  509    0   16k   0 |5858k   35M
30-11 08:00:02| 52  26  22   0   0|   0   136k|1169M  208M 97.8M 2097M| 11  514    0   16k   1 |6649k   38M
30-11 08:00:03| 55  23  23   0   0|   0   264k|1171M  204M 97.8M 2098M| 11  521    0   16k   1 |6810k   40M
30-11 08:00:04| 52  22  26   0   0|   0     0 |1172M  202M 97.8M 2099M| 11  507    1   16k   0 |5946k   35M
30-11 08:00:05| 51  23  26   0   0|   0     0 |1172M  201M 97.8M 2101M| 11  521    0   16k   0 |6196k   39M
30-11 08:00:06| 54  23  23   0   0|   0     0 |1179M  192M 97.8M 2102M| 11  517    0   16k   0 |6410k   42M
30-11 08:00:07| 54  22  24   0   0|   0   128k|1182M  188M 97.8M 2103M| 11  498    0   16k   0 |6618k   41M
30-11 08:00:08| 51  25  24   0   0|   0     0 |1183M  186M 97.8M 2105M| 11  501    0   16k   0 |7830k   39M
30-11 08:00:09| 49  26  24   0   1|   0     0 |1186M  182M 97.8M 2106M| 11  500    0   16k   0 |6412k   34M
30-11 08:00:10| 55  19  26   0   0|   0     0 |1186M  180M 97.8M 2107M| 11  497    0   16k   0 |6807k   38M
30-11 08:00:11| 54  23  23   0   0|   0     0 |1190M  175M 97.8M 2109M| 11  512    0   16k   1 |6416k   34M
30-11 08:00:12| 56  21  22   1   0|   0   144k|1165M  198M 97.8M 2110M| 11  514    0   16k   0 |7537k   37M
30-11 08:00:13| 53  24  23   0   0|   0     0 |1167M  195M 97.8M 2111M| 11  510    0   16k   1 |7094k   38M
30-11 08:00:14| 51  25  25   0   0|   0     0 |1171M  190M 97.8M 2112M| 11  521    0   16k   4 |6207k   37M
30-11 08:00:15| 56  21  23   0   0|   0  7424k|1171M  189M 97.8M 2114M| 11  514    0   16k   0 |6702k   37M
30-11 08:00:16| 52  24  23   0   0|   0     0 |1182M  176M 97.8M 2115M| 11  527    0   16k   0 |6732k   38M
30-11 08:00:17| 54  21  25   0   0|   0   144k|1188M  170M 97.8M 2116M| 11  518    1   16k   2 |6449k   35M
30-11 08:00:18| 55  21  22   2   0|   0    19M|1188M  168M 97.8M 2117M| 11  515    0   16k   0 |7224k   29M
30-11 08:00:19| 54  22  23   1   0|   0    21M|1188M  167M 97.8M 2118M| 11  495    0   16k   1 |8085k   33M
30-11 08:00:20| 55  22  23   1   0|   0    12M|1190M  164M 97.8M 2119M| 11  495    0   16k   0 |6498k   31M
30-11 08:00:21| 56  19  25   0   0|   0     0 |1193M  160M 97.8M 2121M| 11  494    1   16k   0 |7038k   29M
30-11 08:00:22| 58  20  22   0   0|   0   136k|1195M  155M 97.8M 2124M| 11  480    1   16k   0 |7402k   31M
30-11 08:00:23| 53  23  24   0   0|   0     0 |1203M  146M 97.8M 2125M| 11  486    1   16k   0 |7021k   34M
30-11 08:00:24| 30  15  53   3   0|   0    59M|1205M  143M 97.8M 2126M| 11   30    0   16k   0 |2936k   17M
30-11 08:00:25|  0   2  98   0   0|   0     0 |1205M  143M 97.8M 2126M| 11   30    0   16k   0 |   0    66B
30-11 08:00:26|  1   1  98   0   0|   0     0 |1205M  143M 97.8M 2126M| 11   30    0   16k   0 |  52B    0 
30-11 08:00:27|  2   1  98   0   0|   0     0 |1205M  143M 97.8M 2126M| 11   30    0   16k   0 |  52B   66B
30-11 08:00:28|  0   1  98   0   0|   0   136k|1205M  143M 97.8M 2126M| 11   30    0   16k   0 |  52B   66B
30-11 08:00:29|  1   1  97   1   0|   0  1432k|1205M  143M 97.8M 2126M| 11   30    0   16k   0 |  52B   66B
30-11 08:00:30|  1   1  98   0   0|   0  2648k|1205M  143M 97.8M 2126M| 11   30    0   16k   0 |  52B   66B
30-11 08:00:31|  1   1  98   0   0|   0     0 |1205M  143M 97.8M 2126M| 11   30    0   15k   0 |  52B   66B
30-11 08:00:32|  1   1  98   0   0|   0     0 |1205M  143M 97.8M 2126M| 11   30    0   15k   0 |   0    66B
30-11 08:00:33|  1   1  97   0   0|   0    96k|1205M  143M 97.8M 2126M| 11   30    0   15k   0 |  98B    0 
30-11 08:00:34|  1   1  98   0   0|   0     0 |1205M  143M 97.8M 2126M| 11   30    0   15k   0 |  52B   66B
30-11 08:00:35|  1   1  98   0   0|   0     0 |1205M  143M 97.8M 2126M| 11   30    0   14k   0 | 104B  132B
30-11 08:00:36|  1   0  98   0   0|   0     0 |1205M  143M 97.8M 2126M| 11   30    0   14k   0 | 128B  156B
30-11 08:00:37|  1   1  98   0   0|   0     0 |1205M  143M 97.8M 2126M| 11   30    0   14k   0 |  80B  108B
30-11 08:00:38|  0   1  98   0   0|   0   264k|1205M  143M 97.8M 2126M| 11   30    0   14k   0 |  52B   66B
30-11 08:00:39|  1   1  98   0   0|   0     0 |1205M  143M 97.8M 2126M| 11   30    0   14k   0 | 832B 1122B
30-11 08:00:40|  1   1  98   0   0|   0     0 |1205M  143M 97.8M 2126M| 11   30    0   14k   0 |  52B    0 
30-11 08:00:41|  1   1  98   0   0|   0     0 |1205M  143M 97.8M 2126M| 11   30    0   13k   0 |  52B   66B
30-11 08:00:42|  1   1  98   0   0|   0     0 |1205M  143M 97.8M 2126M| 11   30    0   13k   0 |  52B   66B
30-11 08:00:43|  0   1  99   0   0|   0    24k|1206M  142M 97.8M 2126M| 11   30    0   13k   0 |  52B   66B
30-11 08:00:44|  0   1  98   0   0|   0     0 |1206M  142M 97.8M 2126M| 11   30    0   13k   0 | 141B   66B
30-11 08:00:45|  1   1  98   0   0|   0  4224k|1206M  142M 97.8M 2126M| 11   30    0   12k   0 |  52B   66B
30-11 08:00:46|  1   1  98   0   0|   0     0 |1206M  142M 97.8M 2126M| 11   30    0   12k   0 |   0    66B
30-11 08:00:47|  0   1  98   0   0|   0     0 |1206M  142M 97.8M 2126M| 11   30    0   12k   0 |  80B   42B
30-11 08:00:48|  1   1  98   0   0|   0    48k|1206M  142M 97.8M 2126M| 11   30    0   12k   0 |  52B   66B
30-11 08:00:49|  0   1  99   0   0|   0     0 |1206M  142M 97.8M 2126M| 11   30    0   12k   0 |  52B   66B
30-11 08:00:50|  0   1  98   0   0|   0     0 |1206M  142M 97.8M 2126M| 11   30    0   12k   0 | 104B  132B
30-11 08:00:51|  1   1  98   0   0|   0     0 |1206M  142M 97.8M 2126M| 11   30    0   11k   0 |  52B   66B
30-11 08:00:52|  0   1  99   0   0|   0     0 |1206M  142M 97.8M 2126M| 11   30    0   11k   0 |  52B   66B
30-11 08:00:53|  0   1  98   0   0|   0     0 |1206M  142M 97.8M 2126M| 11   30    0   11k   0 |  76B  156B
30-11 08:00:54|  0   1  98   0   0|   0    24k|1206M  142M 97.8M 2126M| 11   30    0   11k   0 | 884B 1056B
30-11 08:00:55|  1   0  98   0   0|   0     0 |1206M  142M 97.8M 2126M| 11   30    0   10k   0 |  52B   66B
30-11 08:00:56|  0   1  98   0   0|   0     0 |1206M  142M 97.8M 2126M| 11   29    0   10k   0 | 174B  222B
30-11 08:00:57|  0   1  98   0   0|   0     0 |1206M  142M 97.8M 2126M| 11   29    0   10k   0 |   0     0 
30-11 08:00:58|  1   1  99   0   0|   0     0 |1206M  142M 97.8M 2126M| 11   29    0   10k   0 |   0     0 
30-11 08:00:59|  2   2  96   0   0|   0    24k|1174M  174M 97.8M 2126M| 11   29    0   10k   0 | 244B 1352B
30-11 08:01:00|  1   1  99   0   0|   0     0 |1174M  174M 97.8M 2126M| 11   29    0    9k   0 |1120B 1156B
30-11 08:01:01|  1   1  97   1   0|   0  1928k|1174M  174M 97.9M 2126M| 11   29    0    9k   0 | 560B  480B
30-11 08:01:02| 46   3  51   0   0| 408k    0 |1203M  145M 97.9M 2126M| 11   29    0    9k   0 |1104B   11k
30-11 08:01:03| 15   3  82   0   0| 192k    0 |1171M  177M 97.9M 2126M| 11   29    0    9k   0 |3885B   15k
30-11 08:01:04|  1   2  96   0   0|   0     0 |1171M  177M 97.9M 2126M| 11   29    0    8k   0 | 472B 1442B
30-11 08:01:05|  2   1  98   0   0|   0     0 |1172M  175M 97.9M 2126M| 11   29    0    8k   0 | 104B  264B
30-11 08:01:06|  0   0  99   0   0|   0     0 |1172M  175M 97.9M 2126M| 11   29    0    8k   0 |  76B   90B
30-11 08:01:07|  0   1  99   0   0|   0   152k|1172M  175M 97.9M 2126M| 11   29    0    8k   0 |  28B   42B
30-11 08:01:08|  0   1  99   0   0|   0     0 |1172M  175M 97.9M 2126M| 11   29    0    7k   0 |   0     0 
30-11 08:01:09|  0   1  99   0   0|   0    16k|1172M  175M 97.9M 2126M| 11   29    0    7k   0 | 908B 1146B
30-11 08:01:10|  0   1  99   0   0|   0     0 |1172M  175M 97.9M 2126M| 11   29    0    6k   0 |   0     0 
