----system---- --total-cpu-usage-- -dsk/total- ------memory-usage----- ------tcp-sockets------- -net/total-
     time     |usr sys idl wai stl| read  writ| used  free  buff  cach|lis  act  syn  tim  clo | recv  send
30-11 07:59:05|  7   1  91   0   0| 181k  837k| 845M 1082M 89.1M 1565M| 10   11    0    8    0 |   0     0 
30-11 07:59:06|  1   1  98   0   0|   0   272k| 845M 1082M 89.1M 1565M| 10   11    0    8    0 |   0     0 
30-11 07:59:07|  0   0  98   1   0|   0  3968k| 845M 1082M 89.1M 1565M| 10   11    0    8    0 |   0     0 
30-11 07:59:08|  0   0  99   0   0|   0  2064k| 845M 1082M 89.1M 1565M| 10   11    0    8    0 |   0     0 
30-11 07:59:09|  0   0  99   1   0|   0  2536k| 846M 1082M 89.1M 1565M| 10   11    0    8    0 |   0     0 
30-11 07:59:10|  0   1  99   0   0|   0   280k| 846M 1082M 89.1M 1565M| 10   11    0    8    0 |   0     0 
30-11 07:59:11|  0   0  99   0   0|   0   176k| 846M 1082M 89.1M 1565M| 10   11    0    8    0 |   0     0 
30-11 07:59:12|  0   0 100   0   0|   0     0 | 846M 1082M 89.1M 1565M| 10   11    0    8    0 |   0     0 
30-11 07:59:13|  0   0 100   0   0|   0     0 | 846M 1082M 89.1M 1565M| 10   11    0    8    0 |   0     0 
30-11 07:59:14|  0   0  99   0   0| 128k  192k| 846M 1081M 89.2M 1565M| 10   11    0    8    0 |  63B   93B
30-11 07:59:15|  0   0  99   0   0|   0     0 | 846M 1081M 89.2M 1565M| 10   11    0    8    0 |   0     0 
30-11 07:59:16|  0   0 100   0   0|   0    40k| 846M 1081M 89.2M 1565M| 10   11    0    8    0 |   0     0 
30-11 07:59:17|  1   0  99   0   0| 256k    0 | 846M 1081M 89.2M 1565M| 10   11    0    8    0 | 949B 1474B
30-11 07:59:18|  1   1  96   2   0| 320k 2800k| 849M 1079M 89.2M 1565M| 10   11    0   10    0 | 781B  833B
30-11 07:59:19|  2   0  98   0   0|  64k  216k| 850M 1078M 89.2M 1565M| 10   11    0   12    0 | 630B  644B
30-11 07:59:20|  0   0  99   1   0|   0  1432k| 850M 1078M 89.2M 1565M| 10   11    0   12    0 |   0     0 
30-11 07:59:21|  0   0 100   0   0|   0    80k| 850M 1078M 89.2M 1565M| 10   11    0   12    0 |   0     0 
30-11 07:59:22|  1   0  99   0   0|   0   184k| 850M 1078M 89.2M 1565M| 10   11    0   12    0 |   0     0 
30-11 07:59:23|  0   0  99   0   0|   0     0 | 850M 1078M 89.2M 1565M| 10   11    0   12    0 |   0     0 
30-11 07:59:24| 24   5  70   2   0|   0  1784k| 855M 1072M 89.2M 1566M| 10   14    0   34    0 |  14k   19k
30-11 07:59:25| 56  17  26   1   0|   0   288k| 857M 1068M 89.2M 1567M| 10   14    0   72    0 |  37k   55k
30-11 07:59:26| 58  13  29   0   0|   0   352k| 858M 1065M 89.2M 1570M| 10   14    0  111    0 |  36k   54k
30-11 07:59:27| 63  15  22   0   0|   0   320k| 859M 1062M 89.2M 1572M| 10   11    0  146    0 |  40k   63k
30-11 07:59:28| 57  17  25   1   0|   0   328k| 861M 1058M 89.2M 1574M| 10   11    0  180    0 |  39k   61k
30-11 07:59:29| 68  12  20   0   0|   0   864k| 859M 1057M 89.2M 1576M| 10   14    0  213    0 |  41k   65k
30-11 07:59:30| 66  18  15   0   0|   0   256k| 858M 1056M 89.2M 1579M| 10   14    0  248    0 |  44k   70k
30-11 07:59:31| 72  18  11   0   0|  96k  304k| 859M 1052M 89.2M 1581M| 10   11    0  281    0 |  46k   74k
30-11 07:59:32| 76  18   5   0   0|   0   328k| 859M 1049M 89.3M 1585M| 10   11    0  313    0 |  51k   82k
30-11 07:59:33| 70  18  11   0   0|   0  8504k| 861M 1044M 89.3M 1587M| 10   11    0  338    0 |  47k   77k
30-11 07:59:34| 76  20   4   0   0|   0   296k| 861M 1041M 89.3M 1590M| 10   11    0  369    0 |  51k   82k
30-11 07:59:35| 79  19   1   0   1|   0   816k| 860M 1039M 89.3M 1593M| 10   11    0  398    0 |  53k   87k
30-11 07:59:36| 78  22   0   0   0|   0   864k| 861M 1036M 89.3M 1597M| 10   13    0  431    0 |  53k   87k
30-11 07:59:37| 78  20   2   0   0|   0   912k| 862M 1031M 89.3M 1600M| 10   17    0  453    0 |  52k   85k
30-11 07:59:38| 76  23   2   0   0|   0    25M| 862M 1028M 89.3M 1603M| 10   11    0  479    0 |  53k   90k
30-11 07:59:39| 80  20   0   0   0|   0    33M| 864M 1022M 89.3M 1606M| 10   17    0  506    0 |  53k   86k
30-11 07:59:40| 76  22   1   0   0|   0   976k| 861M 1022M 89.3M 1610M| 10   17    0  527    0 |  53k   89k
30-11 07:59:41| 78  21   0   0   0|   0   864k| 863M 1017M 89.3M 1613M| 10   11    0  560    0 |  53k   88k
30-11 07:59:42| 74  26   0   0   0|   0   944k| 866M 1011M 89.3M 1616M| 10   11    0  589    0 |  53k   86k
30-11 07:59:43| 77  21   2   0   0|   0   896k| 863M 1008M 89.3M 1622M| 10   11    0  619    0 |  51k   85k
30-11 07:59:44| 78  20   2   0   0|   0    85M| 864M 1004M 89.3M 1625M| 10   17    0  643    0 |  53k   84k
30-11 07:59:45| 82  16   2   0   0|   0  3456k| 864M 1000M 89.3M 1629M| 10   17    0  668    0 |  52k   86k
30-11 07:59:46| 78  22   1   0   0|   0   928k| 867M  994M 89.3M 1631M| 10   14    0  697    0 |  53k   88k
30-11 07:59:47| 78  21   1   0   0|   0   848k| 865M  993M 89.4M 1634M| 10   14    0  720    0 |  54k   90k
30-11 07:59:48| 80  17   3   0   0|   0   920k| 864M  991M 89.4M 1638M| 10   17    0  742    0 |  53k   86k
30-11 07:59:49| 79  19   2   0   0|   0    23M| 864M  987M 89.4M 1642M| 10   14    0  766    0 |  51k   85k
30-11 07:59:50| 73  22   4   0   0|   0   960k| 865M  984M 89.4M 1644M| 10   14    0  792    0 |  52k   85k
30-11 07:59:51| 75  22   3   0   0|   0   832k| 866M  979M 89.4M 1647M| 10   14    0  813    0 |  53k   89k
30-11 07:59:52| 74  20   6   0   0|   0   784k| 866M  977M 89.4M 1650M| 10   17    0  841    0 |  51k   82k
30-11 07:59:53| 75  21   4   0   0|   0   968k| 865M  975M 89.4M 1653M| 10   17    0  862    0 |  52k   85k
30-11 07:59:54| 78  21   0   0   0|   0   792k| 866M  971M 89.4M 1656M| 10   11    0  887    0 |  53k   89k
30-11 07:59:55| 75  23   2   0   0|   0  1120k| 868M  965M 89.4M 1660M| 10   11    0  914    0 |  52k   85k
30-11 07:59:56| 76  22   2   0   0|   0   808k| 867M  963M 89.4M 1663M| 10   14    0  942    0 |  53k   87k
30-11 07:59:57| 79  20   1   0   0|   0   816k| 866M  961M 89.4M 1666M| 10   17    0  967    0 |  53k   87k
30-11 07:59:58| 73  24   3   0   0|   0   352k| 865M  958M 89.4M 1669M| 10   12    0  992    1 |  53k   88k
30-11 07:59:59| 77  21   2   0   0|   0   264k| 866M  954M 89.4M 1672M| 10   17    0    1k   0 |  52k   85k
30-11 08:00:00| 78  21   1   0   0|   0   272k| 865M  952M 89.4M 1676M| 10   11    0    1k   0 |  54k   92k
30-11 08:00:01| 76  21   3   0   0|   0   296k| 866M  948M 89.5M 1679M| 10   11    0    1k   0 |  53k   86k
30-11 08:00:02| 76  21   3   0   0|   0   416k| 866M  944M 89.5M 1682M| 10   14    0    1k   0 |  52k   84k
30-11 08:00:03| 78  20   1   0   0|   0   232k| 867M  941M 89.5M 1685M| 10   14    0    1k   0 |  52k   85k
30-11 08:00:04| 80  18   3   0   0|   0   376k| 867M  938M 89.5M 1688M| 10   11    0    1k   0 |  52k   87k
30-11 08:00:05| 78  20   3   0   0|   0   800k| 866M  935M 89.5M 1691M| 10   11    0    1k   0 |  52k   85k
30-11 08:00:06| 78  20   1   1   0|   0  1040k| 866M  932M 89.5M 1695M| 10   14    0    1k   0 |  53k   87k
30-11 08:00:07| 82  18   0   0   0|   0   848k| 866M  929M 89.5M 1698M| 10   12    0    1k   0 |  52k   85k
30-11 08:00:08| 73  23   4   0   0|   0   968k| 866M  926M 89.5M 1701M| 10   15    0    1k   0 |  54k   86k
30-11 08:00:09| 75  21   3   0   0|   0   936k| 867M  922M 89.5M 1704M| 10   14    0    1k   0 |  52k   86k
30-11 08:00:10| 78  21   1   0   0|   0  1024k| 864M  918M 89.5M 1710M| 10   14    0    1k   0 |  52k   85k
30-11 08:00:11| 81  18   2   0   0|   0  1024k| 866M  914M 89.5M 1713M| 10   17    0    1k   0 |  53k   85k
30-11 08:00:12| 78  19   2   0   0|   0   992k| 870M  907M 89.5M 1716M| 10   15    0    1k   0 |  51k   83k
30-11 08:00:13| 80  17   2   0   0|   0   784k| 871M  903M 89.5M 1719M| 10   11    0    1k   0 |  51k   83k
30-11 08:00:14| 78  20   1   0   0|   0    88M| 868M  902M 89.5M 1722M| 10   11    0    1k   0 |  52k   85k
30-11 08:00:15| 81  18   0   1   0|   0   105M| 866M  901M 89.5M 1726M| 10   17    0    1k   0 |  52k   84k
30-11 08:00:16| 79  18   2   0   0|   0  6160k| 866M  898M 89.5M 1728M| 10   11    0    1k   1 |  53k   88k
30-11 08:00:17| 82  16   2   0   0|   0   792k| 865M  895M 89.5M 1733M| 10   17    0    1k   0 |  54k   89k
30-11 08:00:18| 83  15   2   0   0|   0   896k| 866M  891M 89.5M 1735M| 10   14    0    2k   0 |  53k   88k
30-11 08:00:19| 78  21   2   0   0|   0   912k| 866M  888M 89.5M 1738M| 10   11    0    2k   0 |  53k   88k
30-11 08:00:20| 81  18   1   1   0|   0  8744k| 867M  884M 89.5M 1742M| 10   11    0    2k   0 |  52k   86k
30-11 08:00:21| 78  20   2   0   0|   0    58M| 866M  882M 89.5M 1745M| 10   15    0    2k   0 |  52k   85k
30-11 08:00:22| 79  21   1   0   0|   0   864k| 867M  878M 89.5M 1748M| 10   14    0    2k   0 |  53k   86k
30-11 08:00:23| 78  20   2   0   0|   0   792k| 867M  875M 89.5M 1751M| 10   11    0    2k   0 |  53k   88k
30-11 08:00:24| 65  13  22   0   0|   0  1008k| 867M  872M 89.5M 1754M| 10   11    0    2k   0 |  41k   69k
30-11 08:00:25|  0   0  99   0   0|   0   704k| 867M  872M 89.6M 1754M| 10   11    0    2k   0 |   0     0 
30-11 08:00:26|  0   0  99   0   0|   0   632k| 867M  872M 89.6M 1754M| 10   11    0    2k   0 |   0     0 
30-11 08:00:27|  0   0  99   0   0|   0   576k| 867M  872M 89.6M 1754M| 10   11    0    2k   0 |   0     0 
30-11 08:00:28|  0   0  92   8   0|   0    14M| 867M  872M 89.7M 1754M| 10   11    0    2k   0 |   0     0 
30-11 08:00:29|  0   0  90   9   0|   0    13M| 867M  872M 89.8M 1754M| 10   11    0    1k   0 |   0     0 
30-11 08:00:30|  0   0  94   6   0|   0    10M| 867M  872M 89.8M 1754M| 10   11    0    1k   0 |   0     0 
30-11 08:00:31|  0   1  94   5   0|   0  8672k| 867M  872M 89.9M 1754M| 10   11    0    1k   0 |   0     0 
30-11 08:00:32|  0   0  95   4   0|   0  6608k| 867M  872M 89.9M 1754M| 10   11    0    1k   0 |   0     0 
30-11 08:00:33|  0   0 100   0   0|   0   192k| 867M  872M 89.9M 1754M| 10   11    0    1k   0 |   0     0 
30-11 08:00:34|  0   0 100   0   0|   0     0 | 867M  872M 89.9M 1754M| 10   11    0    1k   0 |   0     0 
30-11 08:00:35|  0   0 100   0   0|   0     0 | 867M  872M 89.9M 1754M| 10   11    0    1k   0 |   0     0 
30-11 08:00:36|  0   0 100   0   0|   0     0 | 867M  872M 89.9M 1754M| 10   11    0    1k   0 |   0     0 
30-11 08:00:37|  0   0 100   0   0|   0     0 | 867M  872M 89.9M 1754M| 10   11    0    1k   0 |   0     0 
30-11 08:00:38|  0   0  99   0   0|   0     0 | 867M  872M 89.9M 1754M| 10   11    0    1k   0 |   0     0 
30-11 08:00:39|  0   0  99   0   0|   0    64k| 867M  872M 89.9M 1754M| 10   11    0    1k   0 |  76B   90B
30-11 08:00:40|  0   0 100   0   0|   0     0 | 867M  872M 89.9M 1754M| 10   11    0    1k   0 |   0     0 
30-11 08:00:41|  0   0 100   0   0|   0     0 | 867M  872M 89.9M 1754M| 10   11    0    1k   0 |   0     0 
30-11 08:00:42|  0   0  99   0   0|   0   176k| 867M  872M 89.9M 1754M| 10   11    0    1k   0 |   0     0 
30-11 08:00:43|  0   0 100   0   0|   0     0 | 867M  872M 89.9M 1754M| 10   11    0    1k   0 |   0     0 
30-11 08:00:44|  0   0 100   0   0|   0    88k| 867M  872M 89.9M 1754M| 10   11    0    1k   0 |   0     0 
30-11 08:00:45|  0   0 100   0   0|   0     0 | 867M  872M 89.9M 1754M| 10   11    0    1k   0 |   0     0 
30-11 08:00:46|  0   0  94   6   0|   0    52M| 867M  872M 89.9M 1754M| 10   11    0    1k   0 |   0     0 
30-11 08:00:47|  0   1  92   6   0|   0    16M| 866M  872M 89.9M 1754M| 10   11    0    1k   0 |   0     0 
30-11 08:00:48|  0   0 100   0   0|   0     0 | 866M  872M 89.9M 1754M| 10   11    0    1k   0 |   0     0 
30-11 08:00:49|  0   1  99   0   0|   0   128k| 866M  872M 89.9M 1754M| 10   11    0    1k   0 | 420B  590B
30-11 08:00:50|  2   1  93   4   0|   0  6552k| 867M  871M 89.9M 1754M| 10   11    0  962    0 | 524B 1678B
30-11 08:00:51|  1   1  97   0   0|   0   616k| 869M  869M 89.9M 1754M| 10   11    0  962    0 | 980B 1840B
30-11 08:00:52|  1   0  99   0   0|   0     0 | 869M  869M 89.9M 1754M| 10   11    0  916    0 | 332B  764B
30-11 08:00:53|  1   0  99   0   0|   0     0 | 869M  869M 89.9M 1754M| 10   11    0  916    0 | 752B  724B
30-11 08:00:54|  7   4  89   0   0|   0     0 | 888M  851M 89.9M 1754M| 10   11    0  861    0 | 875B 1544B
30-11 08:00:55| 50   0  49   0   0|  32k   40k| 900M  839M 89.9M 1754M| 10   13    0  861    0 |  76B   90B
30-11 08:00:56| 50   0  49   0   0|   0   192k| 900M  839M 89.9M 1754M| 10   13    0  802    0 |   0     0 
30-11 08:00:57| 50   0  49   0   0|   0     0 | 900M  839M 89.9M 1754M| 10   13    0  802    0 |   0     0 
30-11 08:00:58| 50   0  50   0   0|   0     0 | 900M  839M 89.9M 1754M| 10   13    0  741    0 |  28B   42B
30-11 08:00:59| 50   1  49   0   0|   0     0 | 900M  839M 89.9M 1754M| 10   13    0  741    0 |   0     0 
30-11 08:01:00| 50   0  50   0   0|   0    56k| 900M  839M 89.9M 1754M| 10   13    0  687    0 |  28B   42B
30-11 08:01:01| 50   0  49   0   0|   0    64k| 900M  839M 89.9M 1754M| 10   13    0  687    0 |   0     0 
30-11 08:01:02| 50   0  50   0   0|   0     0 | 900M  839M 89.9M 1754M| 10   13    0  634    0 |   0     0 
30-11 08:01:03| 50   0  50   0   0|   0     0 | 900M  839M 89.9M 1754M| 10   13    0  634    0 |   0     0 
30-11 08:01:04| 51   0  49   0   0|   0     0 | 900M  839M 89.9M 1754M| 10   13    0  578    0 |   0     0 
