----system---- --total-cpu-usage-- -dsk/total- ------memory-usage----- ------tcp-sockets------- -net/total-
     time     |usr sys idl wai stl| read  writ| used  free  buff  cach|lis  act  syn  tim  clo | recv  send
25-11 08:11:24|  5   1  94   1   0| 228k 1405k| 882M 1172M  120M 1395M| 10   13    1    7    1 |   0     0 
25-11 08:11:25| 17   5  61  17   0|2272k   17M| 892M 1161M  120M 1396M| 10   14    1    7    1 | 474k  159k
25-11 08:11:26| 18   4  58  20   0|  96k   48M| 929M 1113M  120M 1406M| 10   14    1    7    1 |3437k   92k
25-11 08:11:27| 16   2  73   8   0|   0    56M| 935M 1104M  120M 1410M| 10   14    1    7    0 | 203k  579k
25-11 08:11:28| 21   4  73   2   0|   0  8080k| 935M 1104M  120M 1410M| 10   14    1    7    0 | 243k  937k
25-11 08:11:29| 12   3  80   5   0|   0    28M| 935M 1103M  120M 1411M| 10   14    1    7    0 | 295k 1263k
25-11 08:11:30|  4   1  90   4   0|   0    13M| 935M 1102M  120M 1411M| 10   14    1    7    0 | 171k  273k
25-11 08:11:31|  0   0  97   2   0|   0    11M| 935M 1102M  120M 1411M| 10   14    1    7    0 |   0     0 
25-11 08:11:32|  4   1  90   5   0|  64k   14M| 936M 1101M  120M 1412M| 10   14    1    7    0 | 164k 1325k
25-11 08:11:33|  0   0 100   0   0|   0    72k| 936M 1101M  120M 1412M| 10   14    1    7    0 |   0     0 
25-11 08:11:34|  4   0  96   0   0|   0    48k| 938M 1099M  120M 1412M| 10   14    1    7    0 |  86k 2927k
25-11 08:11:35| 20   4  71   5   0|   0    20M| 941M 1094M  120M 1414M| 10   20    1    7    0 |1077k 9688k
25-11 08:11:36| 76  16   8   0   0|   0  6016k| 988M 1041M  120M 1420M| 10   30    1    7    0 |2731k   73M
25-11 08:11:37| 79  17   5   0   0|   0    24M| 999M 1022M  120M 1427M| 10   30    0    7    0 |3307k   90M
25-11 08:11:38| 76  16   8   0   0|   0  6544k|1009M 1006M  120M 1434M| 10   30    0    7    0 |3307k  104M
25-11 08:11:39| 79  15   6   1   0|   0  7800k|1017M  991M  120M 1441M| 10   30    0    7    0 |3185k  102M
25-11 08:11:40| 74  19   6   1   0|   0    29M|1023M  978M  120M 1448M| 10   31    0    7    0 |3106k  105M
25-11 08:11:41| 78  15   6   0   0|   0    31M|1027M  967M  120M 1454M| 10   31    0    7    0 |2939k  101M
25-11 08:11:42| 80  16   4   1   0|   0    32M|1031M  958M  120M 1460M| 10   31    0    7    0 |2949k  104M
25-11 08:11:43| 76  16   8   0   1|   0  7752k|1034M  948M  120M 1467M| 10   31    0    7    0 |3114k  111M
25-11 08:11:44| 79  15   7   0   0|   0  5904k|1036M  938M  120M 1474M| 10   31    0    7    0 |3446k  105M
25-11 08:11:45| 74  18   6   0   0|   0    29M|1008M  961M  120M 1480M| 10   31    0    7    0 |2864k  103M
25-11 08:11:46| 76  18   5   0   0|   0    27M|1014M  948M  120M 1487M| 10   31    0    7    0 |3222k  102M
25-11 08:11:47| 75  19   6   1   0|   0  8016k|1017M  938M  120M 1494M| 10   31    0    7    0 |3400k   84M
25-11 08:11:48| 74  20   6   0   0|   0   162M|1021M  927M  120M 1500M| 10   31    0    7    0 |2911k   91M
25-11 08:11:49| 80  14   7   0   0|   0  5176k|1023M  919M  120M 1507M| 10   31    0    7    0 |3178k  110M
25-11 08:11:50| 77  16   6   0   0|   0    26M|1024M  911M  120M 1513M| 10   31    0    7    0 |3112k  108M
25-11 08:11:51| 79  13   7   0   0|   0    26M|1028M  901M  120M 1520M| 10   31    0    7    0 |3082k  106M
25-11 08:11:52| 77  16   6   0   0|   0    17M|1031M  892M  120M 1526M| 10   31    0    7    0 |3209k   94M
25-11 08:11:53| 80  14   6   0   0|   0  5072k|1035M  881M  120M 1533M| 10   31    0    7    0 |3083k   86M
25-11 08:11:54| 78  16   5   0   0|   0    12M|1034M  876M  120M 1539M| 10   31    0    7    0 |2793k  107M
25-11 08:11:55| 79  16   6   0   0|   0    21M|1038M  866M  120M 1545M| 10   31    0    7    0 |3257k  100M
25-11 08:11:56| 80  13   7   0   0|   0    25M|1039M  858M  120M 1552M| 10   31    0    7    0 |3097k  105M
25-11 08:11:57| 75  18   7   1   0|   0    10M|1043M  848M  120M 1558M| 10   31    0    7    0 |3144k  107M
25-11 08:11:58| 79  15   6   0   0|   0    19M|1047M  836M  120M 1565M| 10   31    0    7    0 |3409k  105M
25-11 08:11:59| 78  16   7   0   0|   0    11M|1051M  825M  120M 1572M| 10   31    0    7    0 |3204k  105M
25-11 08:12:00| 77  17   6   0   0|   0    12M|1054M  816M  120M 1578M| 10   31    0    7    0 |3116k  106M
25-11 08:12:01| 78  16   5   1   0|   0    19M|1059M  805M  120M 1585M| 10   31    0    7    0 |3319k   96M
25-11 08:12:02| 79  14   7   1   0|   0    12M|1062M  795M  120M 1592M| 10   31    0    7    0 |3178k  103M
25-11 08:12:03| 76  15   8   0   0|   0    19M|1065M  786M  120M 1598M| 10   31    0    7    0 |2936k   98M
25-11 08:12:04| 73  22   5   0   0|   0    12M|1066M  778M  120M 1604M| 10   31    0    7    0 |2944k  104M
25-11 08:12:05| 78  14   7   0   0|   0    11M|1067M  771M  120M 1610M| 10   31    0    7    0 |2841k  105M
25-11 08:12:06| 78  16   6   0   0|   0    12M|1069M  764M  120M 1616M| 10   31    0    7    0 |2697k  105M
25-11 08:12:07| 75  17   7   0   0|   0    11M|1071M  756M  120M 1622M| 10   31    0    7    0 |2584k   98M
25-11 08:12:08| 80  15   5   0   0|   0    20M|1072M  748M  120M 1628M| 10   31    0    7    0 |2867k  102M
25-11 08:12:09| 79  14   7   1   0|   0    12M|1074M  740M  120M 1635M| 10   31    1    7    0 |3258k  102M
25-11 08:12:10| 77  16   7   0   0|   0    12M|1078M  729M  120M 1642M| 10   31    1    7    0 |3122k  103M
25-11 08:12:11| 76  16   7   0   0|   0    20M|1053M  748M  120M 1648M| 10   31    1    7    0 |3110k  101M
25-11 08:12:12| 76  16   8   0   0|   0    12M|1059M  735M  120M 1655M| 10   31    1    7    0 |3261k  104M
25-11 08:12:13| 77  15   8   0   0|   0    22M|1067M  721M  120M 1661M| 10   31    1    7    0 |3083k  104M
25-11 08:12:14| 73  19   8   0   0|   0    13M|1071M  710M  120M 1668M| 10   31    1    7    0 |3207k  110M
25-11 08:12:15| 75  15   9   1   0|   0    21M|1072M  703M  120M 1674M| 10   31    1    7    0 |2943k  108M
25-11 08:12:16| 76  16   7   0   0|   0    12M|1073M  695M  120M 1680M| 10   31    1    7    0 |2968k  113M
25-11 08:12:17| 74  18   8   0   0|   0    20M|1075M  687M  120M 1687M| 10   31    1    7    0 |2932k  107M
25-11 08:12:18| 76  17   6   1   0|   0   213M|1076M  680M  120M 1693M| 10   31    1    7    0 |2908k   92M
25-11 08:12:19| 79  17   3   0   0|   0   119M|1082M  667M  120M 1699M| 10   31    1    7    0 |2924k   87M
25-11 08:12:20| 78  16   6   0   0|   0    12M|1084M  659M  120M 1705M| 10   31    1    7    0 |2997k   94M
25-11 08:12:21| 75  16   8   0   0|   0    12M|1089M  648M  120M 1712M| 10   31    1    7    0 |2952k  100M
25-11 08:12:22| 75  18   7   0   0|   0    12M|1092M  638M  120M 1718M| 10   31    1    7    0 |2955k  101M
25-11 08:12:23| 78  15   6   1   0|   0    20M|1094M  629M  120M 1724M| 10   31    1    7    0 |3052k   95M
25-11 08:12:24| 78  16   6   0   0|   0    14M|1096M  620M  120M 1731M| 10   31    1    0    0 |3119k  104M
25-11 08:12:25| 74  18   8   1   0|   0    14M|1099M  611M  120M 1737M| 10   31    1    0    0 |2925k  106M
25-11 08:12:26| 78  15   7   1   0|   0    22M|1107M  597M  120M 1743M| 10   31    1    0    0 |2814k   98M
25-11 08:12:27| 79  13   8   0   0|   0    12M|1109M  589M  120M 1749M| 10   31    1    0    0 |2821k   97M
25-11 08:12:28| 80  14   6   0   0|   0    13M|1082M  610M  120M 1755M| 10   31    1    0    0 |2956k  108M
25-11 08:12:29| 78  12   9   0   0|   0    13M|1088M  598M  120M 1761M| 10   31    1    0    0 |2674k  115M
25-11 08:12:30| 73  18   9   0   0|   0    21M|1093M  586M  120M 1767M| 10   31    1    0    0 |2805k  114M
25-11 08:12:31| 75  13  10   2   0|  32k   14M|1096M  577M  120M 1773M| 10   31    1    0    0 |3013k   97M
25-11 08:12:32| 74  15  10   1   0|   0    30M|1098M  568M  120M 1780M| 10   31    1    0    0 |3201k   85M
25-11 08:12:33| 79  15   5   0   0|   0    13M|1100M  560M  120M 1786M| 10   31    1    0    0 |3225k  100M
25-11 08:12:34| 72  16  12   0   0|   0    13M|1102M  552M  120M 1791M| 10   31    1    0    0 |3099k  102M
25-11 08:12:35| 46  11  41   2   0|   0    12M|1104M  547M  120M 1794M| 10   20    1    0    0 |1982k   60M
25-11 08:12:36|  0   0  98   2   0|   0  9120k|1104M  547M  120M 1794M| 10   20    1    0    0 |  52B   66B
25-11 08:12:37|  0   0  94   6   0|   0    14M|1104M  547M  120M 1794M| 10   20    1    0    0 |7530B 6162B
25-11 08:12:38|  0   0  95   5   0|   0    14M|1104M  547M  120M 1794M| 10   20    1    0    0 |   0     0 
25-11 08:12:39|  0   0  94   4   0|   0    14M|1104M  547M  120M 1794M| 10   20    1    0    0 |  46B   54B
25-11 08:12:40|  0   0  95   4   0|   0    13M|1104M  547M  120M 1794M| 10   20    1    0    0 |  60B   74B
25-11 08:12:41|  0   0  97   3   0|   0  7544k|1104M  547M  120M 1794M| 10   20    1    0    0 |   0     0 
25-11 08:12:42|  0   0  99   1   0|   0  3520k|1104M  547M  120M 1794M| 10   20    1    0    0 |  76B   90B
25-11 08:12:43|  0   0  98   1   0|   0  2288k|1104M  547M  120M 1794M| 10   20    1    0    0 |  28B   42B
25-11 08:12:44|  0   0  99   0   0|   0   392k|1104M  547M  120M 1794M| 10   20    1    0    0 |   0     0 
25-11 08:12:45|  0   0 100   0   0|   0   800k|1104M  547M  120M 1794M| 10   20    1    0    0 |   0     0 
25-11 08:12:46|  0   0 100   0   0|   0     0 |1104M  547M  120M 1794M| 10   20    1    0    0 |   0     0 
25-11 08:12:47|  0   0 100   0   0|   0    40k|1104M  547M  120M 1794M| 10   20    1    0    0 |   0     0 
25-11 08:12:48|  0   0 100   0   0|   0     0 |1104M  547M  120M 1794M| 10   20    1    0    0 |   0     0 
25-11 08:12:49|  0   1  92   8   0|   0   161M|1104M  547M  120M 1794M| 10   20    1    0    0 |  52B   66B
25-11 08:12:50|  0   0 100   0   0|   0     0 |1104M  547M  120M 1794M| 10   20    1    0    0 | 260B  330B
25-11 08:12:51|  0   0 100   0   0|   0    88k|1104M  547M  120M 1794M| 10   20    1    0    0 |  80B  108B
25-11 08:12:52|  0   0 100   0   0|   0   280k|1104M  547M  120M 1794M| 10   20    1    0    0 |   0     0 
25-11 08:12:53|  0   0  99   1   0|   0   704k|1104M  547M  120M 1794M| 10   20    1    0    0 |  46B   54B
25-11 08:12:54|  0   0 100   0   0|   0     0 |1104M  547M  120M 1794M| 10   20    1    0    0 |  46B   54B
25-11 08:12:55|  0   0 100   0   0|   0     0 |1104M  547M  120M 1794M| 10   20    1    0    0 |   0     0 
25-11 08:12:56|  0   0 100   0   0|   0     0 |1104M  547M  120M 1794M| 10   20    1    0    0 |   0    74B
25-11 08:12:57|  0   0 100   0   0|   0     0 |1104M  547M  120M 1794M| 10   19    1    0    0 | 592B  409B
25-11 08:12:58|  0   0 100   0   0|   0    32k|1104M  547M  120M 1794M| 10   20    1    0    0 |6990B 5861B
25-11 08:12:59|  0   0 100   0   0|   0    48k|1104M  547M  120M 1794M| 10   20    1    0    0 |  76B   90B
25-11 08:13:00|  0   0 100   0   0|   0     0 |1104M  547M  120M 1794M| 10   20    1    0    0 |   0     0 
25-11 08:13:01|  0   0 100   0   0|   0     0 |1104M  547M  120M 1794M| 10   20    1    0    0 |   0     0 
25-11 08:13:02|  0   0 100   0   0|   0     0 |1104M  547M  120M 1794M| 10   20    1    0    0 |   0     0 
25-11 08:13:03|  0   0  99   1   0|   0   672k|1104M  547M  120M 1794M| 10   20    1    0    0 |   0     0 
25-11 08:13:04|  0   0 100   0   0|   0    32k|1104M  547M  120M 1794M| 10   20    1    0    0 |  52B   66B
25-11 08:13:05|  0   0 100   0   0|   0  8192B|1104M  547M  120M 1794M| 10   20    1    0    0 | 260B  330B
25-11 08:13:06|  0   0  97   3   0|   0    11M|1104M  547M  120M 1794M| 10   20    1    0    0 |  52B   66B
25-11 08:13:07|  0   0  99   0   0|   0  1560k|1104M  547M  120M 1794M| 10   20    1    0    0 |   0     0 
25-11 08:13:08|  0   0 100   0   0|   0     0 |1104M  547M  120M 1794M| 10   20    1    0    0 |   0     0 
25-11 08:13:09|  0   0 100   0   0|   0    32k|1104M  547M  120M 1794M| 10   20    1    0    0 |  46B   54B
25-11 08:13:10|  0   0 100   0   0|   0     0 |1104M  547M  120M 1794M| 10   20    1    0    0 |   0     0 
25-11 08:13:11|  0   0 100   0   0|   0     0 |1104M  547M  120M 1794M| 10   20    1    0    0 |   0     0 
25-11 08:13:12|  0   0 100   0   0|   0     0 |1104M  547M  120M 1794M| 10   20    1    0    0 |   0     0 
25-11 08:13:13|  0   0  99   0   0|   0   656k|1104M  547M  120M 1794M| 10   20    1    0    0 |  46B   54B
25-11 08:13:14|  0   0 100   0   0|   0    40k|1104M  547M  120M 1794M| 10   20    1    0    0 |   0     0 
25-11 08:13:15|  0   0 100   0   0|   0    32k|1104M  547M  120M 1794M| 10   20    1    0    0 |  76B   90B
25-11 08:13:16|  0   0 100   0   0|   0     0 |1104M  547M  120M 1794M| 10   20    1    0    0 |   0     0 
25-11 08:13:17|  0   0 100   0   0|   0     0 |1104M  547M  120M 1794M| 10   20    1    0    0 |   0     0 
25-11 08:13:18|  0   0  99   0   0|   0     0 |1104M  547M  120M 1794M| 10   20    1    0    0 |7533B 6216B
25-11 08:13:19|  0   0 100   0   0|   0     0 |1104M  547M  120M 1794M| 10   20    1    0    0 |  52B   66B
25-11 08:13:20|  0   0 100   0   0|   0    88k|1104M  547M  120M 1794M| 10   20    1    0    0 |  52B   66B
25-11 08:13:21|  0   0 100   0   0|   0     0 |1104M  547M  120M 1794M| 10   20    1    0    0 | 260B  330B
25-11 08:13:22|  0   0 100   0   0|   0     0 |1104M  547M  120M 1794M| 10   20    1    0    0 |   0     0 
25-11 08:13:23|  0   0 100   0   0|   0   744k|1104M  547M  120M 1794M| 10   20    1    0    0 |  28B   42B
