----system---- --total-cpu-usage-- -dsk/total- ------memory-usage----- ------tcp-sockets------- -net/total-
     time     |usr sys idl wai stl| read  writ| used  free  buff  cach|lis  act  syn  tim  clo | recv  send
25-11 08:11:19|  6   1  92   1   0| 291k  888k| 856M  471M  134M 2088M| 11   15    0    3k   0 |   0     0 
25-11 08:11:20|  1   1  98   0   0|   0   224k| 856M  471M  134M 2088M| 11   15    0    3k   0 |   0     0 
25-11 08:11:21|  0   1  98   1   0|   0  3936k| 857M  470M  134M 2088M| 11   14    0    3k   1 |  52B   66B
25-11 08:11:22|  1   0  99   0   0|   0  1624k| 857M  470M  134M 2088M| 11   14    0    3k   1 |   0     0 
25-11 08:11:23|  0   0  99   1   0|   0  2376k| 857M  470M  134M 2088M| 11   14    0    3k   1 |   0     0 
25-11 08:11:24|  1   1  99   0   0|   0   336k| 860M  467M  134M 2088M| 11   18    0    3k   1 |7498B   11k
25-11 08:11:25|  3   1  95   1   0|   0   136k| 865M  462M  134M 2088M| 11   18    0    2k   1 | 180k 2655k
25-11 08:11:26| 13   4  83   1   0| 160k  888k| 867M  460M  134M 2089M| 11   21    0    2k   1 |  36k 1387k
25-11 08:11:27| 12   5  82   1   0|   0  3328k| 870M  455M  134M 2089M| 11   28    0    2k   0 | 930k  355k
25-11 08:11:28|  7   5  89   0   0|   0     0 | 871M  455M  134M 2089M| 11   29    0    2k   0 |1048k  369k
25-11 08:11:29|  9   5  85   2   0|   0    12M| 871M  455M  134M 2089M| 11   31    0    1k   0 |1162k  497k
25-11 08:11:30|  0   0  99   0   0|   0   272k| 871M  455M  134M 2089M| 11   31    0    1k   0 | 272B  480B
25-11 08:11:31|  0   1  97   2   0|   0  4896k| 871M  455M  134M 2089M| 11   33    0  789    0 |1032k  297k
25-11 08:11:32|  3   2  95   0   1|   0     0 | 871M  455M  134M 2089M| 11   28    0  860    0 | 434k  310k
25-11 08:11:33|  0   0 100   0   0|   0     0 | 871M  455M  134M 2089M| 11   27    0  275    0 | 180B   66B
25-11 08:11:34|  5   2  93   1   0|   0  3072k| 871M  455M  134M 2089M| 11   32    0  299    0 |3435k  556k
25-11 08:11:35| 34   8  58   1   0|   0  9216k| 876M  446M  134M 2093M| 11  123    0  561    1 |  35M 9069k
25-11 08:11:36| 67  18  15   0   0|   0   272k| 883M  438M  134M 2094M| 11  187    0    1k   1 |  83M   20M
25-11 08:11:37| 66  18  16   0   0|   0   904k| 886M  435M  134M 2095M| 11  236    0    2k   0 | 101M   21M
25-11 08:11:38| 66  17  17   0   0|   0     0 | 888M  431M  134M 2096M| 11  287    0    2k   0 | 109M   25M
25-11 08:11:39| 65  17  18   0   0|   0     0 | 892M  426M  134M 2096M| 11  334    0    3k   0 | 102M   21M
25-11 08:11:40| 64  16  19   0   0|   0     0 | 895M  422M  134M 2098M| 11  352    0    4k   0 | 109M   23M
25-11 08:11:41| 64  19  18   0   0|   0  3296k| 896M  419M  134M 2100M| 11  376    0    4k   0 |  98M   20M
25-11 08:11:42| 64  17  18   1   0|   0    16M| 901M  414M  134M 2100M| 11  398    0    5k   0 | 113M   20M
25-11 08:11:43| 67  17  16   0   0|   0  3368k| 901M  412M  134M 2101M| 11  419    0    5k   0 | 110M   22M
25-11 08:11:44| 64  18  18   0   0|   0     0 | 903M  409M  134M 2102M| 11  427    0    6k   2 | 107M   27M
25-11 08:11:45| 61  18  20   0   0|   0     0 | 905M  407M  134M 2103M| 11  442    0    6k   1 | 106M   20M
25-11 08:11:46| 63  19  18   0   0|   0     0 | 906M  405M  134M 2104M| 11  432    0    7k   0 |  98M   29M
25-11 08:11:47| 57  24  17   2   0|   0    34M| 906M  403M  134M 2106M| 11  426    0    7k   0 |  84M   18M
25-11 08:11:48| 64  16  20   0   0|   0     0 | 906M  402M  134M 2107M| 11  411    0    7k   0 | 103M   18M
25-11 08:11:49| 65  17  17   0   0|   0     0 | 907M  399M  134M 2108M| 11  398    0    8k   0 | 111M   19M
25-11 08:11:50| 69  17  14   0   0|   0     0 | 907M  399M  134M 2109M| 11  407    0    8k   3 | 110M   21M
25-11 08:11:51| 64  17  19   0   0|   0     0 | 908M  397M  134M 2109M| 11  407    0    9k   0 | 108M   21M
25-11 08:11:52| 61  17  22   0   0|   0   120k| 909M  396M  134M 2110M| 11  401    0    9k   0 |  89M   20M
25-11 08:11:53| 65  15  20   0   0|   0     0 | 909M  395M  134M 2111M| 11  416    0    9k   0 |  96M   18M
25-11 08:11:54| 63  16  21   0   0|   0     0 | 910M  394M  134M 2111M| 11  408    0   10k   1 | 106M   18M
25-11 08:11:55| 61  20  19   0   1|   0     0 | 910M  392M  134M 2112M| 11  384    0   10k   0 | 107M   18M
25-11 08:11:56| 67  12  21   0   0|   0     0 | 910M  392M  134M 2113M| 11  387    0   10k   0 | 109M   16M
25-11 08:11:57| 63  17  20   0   0|   0   112k| 911M  390M  134M 2113M| 11  390    0   10k   0 | 108M   19M
25-11 08:11:58| 65  16  19   0   0|   0     0 | 912M  389M  134M 2114M| 11  391    0   11k   0 | 105M   19M
25-11 08:11:59| 64  18  18   0   0|   0     0 | 912M  387M  134M 2115M| 11  403    0   11k   0 | 112M   20M
25-11 08:12:00| 64  17  18   0   0|   0   120k| 912M  387M  134M 2116M| 11  408    0   11k   0 |  99M   19M
25-11 08:12:01| 60  18  22   0   0|   0     0 | 912M  386M  134M 2116M| 11  402    0   11k   0 | 103M   18M
25-11 08:12:02| 63  17  19   1   0|   0    12M| 914M  384M  134M 2117M| 11  405    0   12k   0 | 101M   19M
25-11 08:12:03| 64  20  15   2   0|   0    41M| 915M  382M  134M 2117M| 11  397    0   12k   0 | 101M   17M
25-11 08:12:04| 64  17  19   0   0|   0     0 | 920M  377M  134M 2118M| 11  388    0   12k   0 | 108M   17M
25-11 08:12:05| 66  15  19   0   0|   0   184k| 920M  376M  134M 2119M| 11  396    0   12k   0 | 107M   20M
25-11 08:12:06| 62  18  20   0   0|   0   256k| 921M  374M  134M 2119M| 11  395    0   13k   0 | 105M   18M
25-11 08:12:07| 62  16  22   0   0|   0  6176k| 921M  374M  134M 2120M| 11  386    0   13k   0 |  97M   16M
25-11 08:12:08| 60  18  22   0   0|   0     0 | 921M  373M  134M 2120M| 11  385    0   13k   2 | 105M   19M
25-11 08:12:09| 62  18  20   0   0|   0     0 | 922M  371M  134M 2121M| 11  392    0   13k   0 | 106M   17M
25-11 08:12:10| 63  16  21   0   0|   0     0 | 922M  370M  134M 2121M| 11  386    0   14k   0 | 105M   17M
25-11 08:12:11| 61  20  19   0   0|   0     0 | 926M  366M  134M 2122M| 11  384    0   14k   0 | 103M   19M
25-11 08:12:12| 64  19  17   0   0|   0  1232k| 929M  363M  134M 2123M| 11  400    0   15k   2 | 109M   23M
25-11 08:12:13| 66  16  17   0   0|   0  3176k| 931M  360M  134M 2123M| 11  414    0   15k   0 | 107M   21M
25-11 08:12:14| 63  17  20   0   0|   0     0 | 903M  387M  134M 2124M| 11  407    0   15k   0 | 109M   23M
25-11 08:12:15| 63  18  18   0   0|   0     0 | 906M  384M  134M 2125M| 11  411    0   15k   0 | 113M   20M
25-11 08:12:16| 68  16  16   0   0|   0     0 | 907M  382M  134M 2125M| 11  417    0   15k   1 | 113M   21M
25-11 08:12:17| 66  17  17   0   0|   0   232k| 912M  375M  134M 2127M| 11  407    0   16k   0 | 107M   23M
25-11 08:12:18| 59  20  21   0   0|   0     0 | 913M  372M  134M 2128M| 11  390    0   16k   0 |  86M   19M
25-11 08:12:19| 63  19  18   0   0|   0  1632k| 915M  370M  134M 2129M| 11  403    0   16k   0 |  91M   18M
25-11 08:12:20| 63  17  20   0   0|   0     0 | 917M  367M  134M 2130M| 11  393    0   16k   0 | 100M   17M
25-11 08:12:21| 64  18  17   0   0|   0     0 | 917M  366M  134M 2130M| 11  383    0   16k   0 | 103M   19M
25-11 08:12:22| 63  15  22   0   0|   0   184k| 918M  365M  134M 2131M| 11  381    0   16k   1 |  99M   18M
25-11 08:12:23| 58  20  22   0   0|   0     0 | 918M  365M  134M 2131M| 11  380    0   16k   1 | 100M   16M
25-11 08:12:24| 64  17  19   0   0|   0     0 | 918M  364M  134M 2133M| 11  386    0   16k   0 | 110M   21M
25-11 08:12:25| 60  20  19   0   0|   0     0 | 918M  363M  134M 2133M| 11  395    0   16k   0 | 105M   18M
25-11 08:12:26| 63  16  21   0   0|   0     0 | 918M  362M  134M 2134M| 11  396    0   16k   0 |  95M   16M
25-11 08:12:27| 64  17  19   0   0|   0    96k| 919M  360M  134M 2135M| 11  403    0   16k   0 | 106M   20M
25-11 08:12:28| 66  17  16   0   0|   0     0 | 919M  360M  134M 2135M| 11  406    0   16k   0 | 112M   18M
25-11 08:12:29| 65  16  19   0   0|   0     0 | 919M  359M  134M 2136M| 11  394    0   16k   2 | 115M   18M
25-11 08:12:30| 66  18  15   0   0|   0     0 | 920M  357M  134M 2137M| 11  398    0   16k   0 | 110M   16M
25-11 08:12:31| 63  20  17   0   0|   0   104k| 921M  355M  134M 2138M| 11  396    0   16k   1 |  92M   19M
25-11 08:12:32| 63  18  19   0   0|   0   176k| 921M  355M  134M 2139M| 11  396    0   16k   0 |  91M   18M
25-11 08:12:33| 62  22  15   1   0|   0    24M| 921M  354M  134M 2139M| 11  402    0   16k   0 | 108M   19M
25-11 08:12:34| 64  23  10   3   0|   0    61M| 923M  351M  134M 2140M| 11  396    0   16k   1 |  99M   21M
25-11 08:12:35| 18   8  74   0   0|   0     0 | 923M  351M  134M 2140M| 11   21    0   16k   0 |  20M 4697k
25-11 08:12:36|  1   1  97   0   0|   0     0 | 923M  351M  134M 2140M| 11   21    0   16k   0 | 500B  454B
25-11 08:12:37|  1   2  96   1   0|   0  5344k| 923M  351M  134M 2140M| 11   21    0   16k   0 | 140B  990B
25-11 08:12:38|  2   1  97   0   0|   0   360k| 924M  350M  134M 2140M| 11   21    0   15k   0 | 560B  512B
25-11 08:12:39|  1   1  98   0   0|   0     0 | 925M  349M  134M 2140M| 11   21    0   15k   0 | 560B  566B
25-11 08:12:40|  2   2  97   0   0|   0     0 | 926M  348M  134M 2140M| 11   21    0   15k   0 | 444B 1316B
25-11 08:12:41|  2   3  95   0   0|   0     0 | 929M  345M  134M 2140M| 11   21    0   15k   0 |2572B 2004B
25-11 08:12:42|  2   2  96   0   0|   0     0 | 935M  339M  134M 2140M| 11   21    0   15k   0 |2100B 1650B
25-11 08:12:43|  2   2  95   0   0|   0    56k| 936M  337M  134M 2140M| 11   21    0   15k   0 |1120B 1276B
25-11 08:12:44|  1   2  98   0   0|   0     0 | 936M  337M  134M 2140M| 11   21    0   14k   0 |1218B 1956B
25-11 08:12:45|  1   2  98   0   0|   0     0 | 936M  337M  134M 2140M| 11   21    0   14k   0 | 140B  880B
25-11 08:12:46|  1   1  98   0   0|   0     0 | 936M  337M  134M 2140M| 11   21    0   13k   0 |   0     0 
25-11 08:12:47|  0   1  98   0   0|   0     0 | 936M  337M  134M 2140M| 11   21    0   13k   0 |   0     0 
25-11 08:12:48|  1   1  98   0   0|   0    24k| 936M  337M  134M 2140M| 11   21    0   13k   0 |  52B   66B
25-11 08:12:49|  1   1  99   0   0|   0     0 | 936M  337M  134M 2140M| 11   21    0   13k   0 |   0     0 
25-11 08:12:50|  1   2  97   0   0|   0     0 | 936M  337M  134M 2140M| 11   21    0   13k   0 |1006B 1180B
25-11 08:12:51| 33   8  59   0   0|   0    64k| 977M  297M  134M 2140M| 11   21    0   12k   0 |1624B 6764B
25-11 08:12:52| 82  12   6   0   0|   0    56k|1125M  149M  134M 2140M| 11   21    0   12k   0 |1988B 2976B
25-11 08:12:53| 15   5  80   0   0|   0   768k|1138M  135M  134M 2140M| 11   24    0   12k   0 |  23k   15k
25-11 08:12:54|  2   0  98   0   0|   0     0 |1139M  134M  134M 2140M| 11   24    0   12k   0 | 672B 2818B
25-11 08:12:55|  2   1  97   0   0|   0     0 |1140M  134M  134M 2140M| 11   24    0   11k   0 |8518B   10k
25-11 08:12:56|  1   1  98   0   0|   0     0 |1141M  133M  134M 2140M| 11   24    0   11k   0 |1064B 4662B
25-11 08:12:57|  1   1  98   0   0|   0     0 |1141M  133M  134M 2140M| 11   24    0   11k   0 | 908B  788B
25-11 08:12:58|  1   1  98   0   0|   0    24k|1141M  133M  134M 2140M| 11   24    0   11k   0 |1984B 2874B
25-11 08:12:59|  1   1  98   0   0|   0     0 |1141M  133M  134M 2140M| 11   24    0   10k   0 | 462B  842B
25-11 08:13:00|  1   1  99   0   0|   0     0 |1141M  133M  134M 2140M| 11   24    0   10k   0 | 156B  198B
25-11 08:13:01|  1   1  98   0   0|  24k    0 |1141M  133M  134M 2140M| 11   24    0   10k   0 | 436B 4522B
25-11 08:13:02|  1   1  98   0   0|   0   176k|1142M  132M  134M 2140M| 11   24    0   10k   0 | 756B  836B
25-11 08:13:03|  2   2  96   0   0|   0     0 | 924M  350M  134M 2140M| 11   21    0    9k   0 | 400B 1660B
25-11 08:13:04|  1   1  98   0   0|   0   232k| 925M  349M  134M 2140M| 11   21    0    9k   0 | 472B  632B
25-11 08:13:05|  1   1  97   2   0|   0  6416k| 926M  348M  134M 2140M| 11   21    0    9k   0 | 260B  330B
25-11 08:13:06|  1   1  98   0   0|   0     0 | 926M  348M  134M 2140M| 11   21    0    9k   0 | 612B  664B
25-11 08:13:07|  0   0  99   0   0|   0     0 | 926M  348M  134M 2140M| 11   21    0    8k   0 |   0     0 
25-11 08:13:08|  1   1  99   0   0|   0    48k| 926M  348M  134M 2140M| 11   21    0    8k   0 |   0     0 
25-11 08:13:09|  0   2  98   0   0|   0    96k| 927M  347M  134M 2140M| 11   21    0    8k   0 | 508B  642B
25-11 08:13:10|  0   1  97   1   0|   0  1664k| 928M  346M  134M 2140M| 11   21    0    8k   0 | 466B  360B
25-11 08:13:11|  1   1  99   0   0|   0     0 | 929M  345M  134M 2140M| 11   21    0    7k   0 | 140B  110B
25-11 08:13:12|  2   2  96   0   0|   0     0 | 900M  374M  134M 2140M| 11   21    0    7k   0 |2404B 4768B
25-11 08:13:13|  1   1  99   0   0|   0   768k| 900M  374M  134M 2140M| 11   21    0    6k   0 | 560B  574B
25-11 08:13:14| 41   9  50   0   0|   0   120k| 976M  298M  134M 2140M| 11   21    0    6k   0 |1514B 6436B
25-11 08:13:15| 78   8  13   0   0|   0   576k|1107M  166M  134M 2140M| 11   21    0    6k   0 |  11k   12k
25-11 08:13:16|  8   3  89   0   0|   0     0 |1110M  163M  134M 2140M| 11   24    0    6k   0 |  19k   15k
25-11 08:13:17|  0   0  99   0   0|   0     0 |1110M  163M  134M 2140M| 11   24    0    5k   0 |1468B 1530B
25-11 08:13:18|  1   1  99   0   0|   0     0 |1110M  163M  134M 2140M| 11   24    0    5k   0 | 696B 1024B
