----system---- --total-cpu-usage-- -dsk/total- ------memory-usage----- ------tcp-sockets------- -net/total-
     time     |usr sys idl wai stl| read  writ| used  free  buff  cach|lis  act  syn  tim  clo | recv  send
30-11 05:45:47|  6   1  93   1   0| 312k  682k| 840M 1528M 73.9M 1165M| 10   11    0    7    0 |   0     0 
30-11 05:45:48|  1   1  98   1   0|   0   296k| 840M 1528M 73.9M 1165M| 10   11    0    7    0 |  28B   42B
30-11 05:45:49|  0   0  99   1   0|   0  4320k| 840M 1528M 73.9M 1165M| 10   11    0    7    0 |   0     0 
30-11 05:45:50|  0   0 100   0   0|   0  1608k| 840M 1528M 73.9M 1165M| 10   11    0    7    0 |   0     0 
30-11 05:45:51|  0   1  99   1   0|   0  2392k| 840M 1528M 74.0M 1165M| 10   11    0    7    0 |   0     0 
30-11 05:45:52|  0   0 100   0   0|   0   328k| 840M 1528M 74.0M 1165M| 10   11    0    7    0 |  76B   90B
30-11 05:45:53|  0   0 100   0   0|   0   128k| 840M 1528M 74.0M 1165M| 10   11    0    7    0 |   0     0 
30-11 05:45:54|  0   0 100   0   0|   0    16k| 840M 1528M 74.0M 1165M| 10   11    0    7    0 |   0     0 
30-11 05:45:55|  0   0 100   0   0|   0     0 | 840M 1528M 74.0M 1165M| 10   11    0    7    0 |   0     0 
30-11 05:45:56|  0   0 100   0   0|   0     0 | 840M 1528M 74.0M 1165M| 10   11    0    7    0 |   0     0 
30-11 05:45:57|  0   0 100   0   0|   0     0 | 840M 1528M 74.0M 1165M| 10   11    0    7    0 |   0     0 
30-11 05:45:58|  0   0  99   0   0| 160k  200k| 841M 1527M 74.0M 1165M| 10   11    0    7    0 |  63B   93B
30-11 05:45:59|  0   0 100   0   0|   0     0 | 841M 1527M 74.0M 1165M| 10   11    0    7    0 |   0     0 
30-11 05:46:00|  0   0 100   0   0|   0     0 | 841M 1527M 74.0M 1165M| 10   11    0    7    0 |   0     0 
30-11 05:46:01|  0   0 100   0   0|   0     0 | 841M 1527M 74.0M 1165M| 10   11    0    7    0 |   0     0 
30-11 05:46:02|  3   0  96   0   0| 160k  624k| 845M 1522M 74.0M 1165M| 10   11    0    9    0 |1585B 2118B
30-11 05:46:03|  0   0 100   0   0|  32k  184k| 845M 1522M 74.0M 1165M| 10   11    0    9    0 |   0     0 
30-11 05:46:04|  2   0  96   2   0|   0  4272k| 847M 1520M 74.0M 1165M| 10   11    0   11    0 | 630B  644B
30-11 05:46:05|  0   0 100   0   0|   0    48k| 847M 1520M 74.0M 1165M| 10   11    0   11    0 |   0     0 
30-11 05:46:06|  0   0  98   0   0|   0   128k| 847M 1520M 74.0M 1165M| 10   11    0   11    0 |   0     0 
30-11 05:46:07|  0   0 100   0   0|   0     0 | 847M 1520M 74.0M 1165M| 10   11    0   11    0 |   0     0 
30-11 05:46:08|  0   1  99   0   0|   0     0 | 848M 1519M 74.0M 1165M| 10   14    0   11    0 | 612B  230B
30-11 05:46:09| 35  10  54   1   0| 128k 2768k| 855M 1511M 74.1M 1167M| 10   11    0   43    0 |  22k   32k
30-11 05:46:10| 61  13  26   0   0|   0   368k| 860M 1505M 74.1M 1169M| 10   15    0   81    0 |  38k   56k
30-11 05:46:11| 60  15  24   1   0|   0   216k| 859M 1503M 74.1M 1171M| 10   14    0  121    0 |  36k   56k
30-11 05:46:12| 66  18  16   0   0|   0   216k| 859M 1501M 74.1M 1173M| 10   17    0  158    0 |  43k   67k
30-11 05:46:13| 64  19  17   0   0|   0   216k| 860M 1497M 74.1M 1175M| 10   14    0  196    0 |  42k   66k
30-11 05:46:14| 71  20   9   0   0|  32k  232k| 860M 1496M 74.1M 1178M| 10   14    0  234    0 |  47k   74k
30-11 05:46:15| 73  21   6   0   0|  64k  272k| 858M 1494M 74.1M 1181M| 10   14    0  268    0 |  48k   75k
30-11 05:46:16| 76  20   3   0   0|   0   256k| 857M 1492M 74.1M 1184M| 10   17    0  301    0 |  51k   80k
30-11 05:46:17| 76  20   4   0   0|   0   808k| 858M 1488M 74.1M 1187M| 10   14    0  338    0 |  50k   81k
30-11 05:46:18| 77  22   1   0   0|   0   864k| 858M 1485M 74.1M 1190M| 10   14    0  370    0 |  52k   83k
30-11 05:46:19| 81  18   1   0   0|   0   824k| 858M 1482M 74.2M 1193M| 10   11    0  405    0 |  52k   84k
30-11 05:46:20| 81  18   1   1   0|   0  1016k| 858M 1479M 74.2M 1196M| 10   11    0  437    0 |  52k   85k
30-11 05:46:21| 76  23   0   0   0|   0   816k| 859M 1475M 74.2M 1199M| 10   11    0  471    0 |  52k   85k
30-11 05:46:22| 80  19   1   0   0|   0   840k| 859M 1472M 74.2M 1202M| 10   17    0  498    0 |  52k   85k
30-11 05:46:23| 81  19   0   0   0|   0   752k| 859M 1468M 74.2M 1206M| 10   14    0  530    0 |  52k   84k
30-11 05:46:24| 80  18   0   0   0|   0    47M| 859M 1465M 74.2M 1209M| 10   14    0  562    0 |  53k   85k
30-11 05:46:25| 80  19   1   0   0|   0    13M| 860M 1461M 74.2M 1212M| 10   17    0  591    0 |  53k   86k
30-11 05:46:26| 80  18   2   0   0|   0   848k| 860M 1458M 74.2M 1215M| 10   14    0  627    0 |  51k   82k
30-11 05:46:27| 78  21   1   0   0|   0   768k| 861M 1454M 74.2M 1218M| 10   14    0  658    0 |  53k   86k
30-11 05:46:28| 78  20   1   0   0|   0   824k| 861M 1450M 74.2M 1222M| 10   11    0  687    0 |  52k   88k
30-11 05:46:29| 78  21   1   0   0|   0   736k| 863M 1445M 74.2M 1225M| 10   17    0  717    0 |  54k   87k
30-11 05:46:30| 75  21   2   2   0|   0    69M| 862M 1443M 74.3M 1228M| 10   17    0  742    0 |  51k   84k
30-11 05:46:31| 78  21   1   0   0|   0   824k| 861M 1440M 74.3M 1231M| 10   14    0  778    0 |  52k   85k
30-11 05:46:32| 74  25   0   0   0|   0   784k| 861M 1437M 74.3M 1234M| 10   11    0  805    0 |  53k   86k
30-11 05:46:33| 76  22   0   2   0|   0    48M| 860M 1424M 74.4M 1249M| 10   14    0  838    0 |  49k   79k
30-11 05:46:34| 79  21   0   0   0|   0   720k| 861M 1419M 74.4M 1252M| 10   17    0  867    0 |  53k   85k
30-11 05:46:35| 80  20   0   0   0|   0   760k| 861M 1416M 74.4M 1256M| 10   17    0  897    0 |  55k   90k
30-11 05:46:36| 80  19   1   0   0|   0   936k| 861M 1413M 74.4M 1259M| 10   14    0  926    0 |  53k   88k
30-11 05:46:37| 76  23   1   0   0|   0   768k| 862M 1409M 74.4M 1262M| 10   14    0  961    0 |  52k   84k
30-11 05:46:38| 83  17   0   0   0|   0   816k| 861M 1405M 74.4M 1266M| 10   14    0  994    0 |  53k   85k
30-11 05:46:39| 78  22   0   0   0|   0   784k| 861M 1402M 74.5M 1269M| 10   12    0    1k   0 |  52k   85k
30-11 05:46:40| 80  19   1   1   0|   0   784k| 862M 1399M 74.5M 1272M| 10   11    0    1k   0 |  52k   87k
30-11 05:46:41| 77  22   1   0   0|   0   776k| 861M 1396M 74.5M 1276M| 10   17    0    1k   0 |  54k   87k
30-11 05:46:42| 76  23   1   0   0|   0   792k| 863M 1392M 74.5M 1278M| 10   17    0    1k   0 |  54k   89k
30-11 05:46:43| 77  23   1   0   0|   0   864k| 862M 1389M 74.5M 1281M| 10   14    0    1k   0 |  52k   84k
30-11 05:46:44| 76  24   0   0   1|   0   232k| 863M 1385M 74.6M 1284M| 10   17    0    1k   0 |  52k   82k
30-11 05:46:45| 78  21   0   0   0|   0   216k| 862M 1383M 74.6M 1287M| 10   14    0    1k   0 |  52k   85k
30-11 05:46:46| 80  20   0   0   0|   0   248k| 863M 1379M 74.6M 1290M| 10   14    0    1k   0 |  52k   84k
30-11 05:46:47| 78  21   1   0   0|   0   800k| 862M 1377M 74.6M 1293M| 10   14    0    1k   0 |  53k   85k
30-11 05:46:48| 78  20   1   0   0|   0   752k| 862M 1374M 74.6M 1296M| 10   11    0    1k   1 |  53k   88k
30-11 05:46:49| 85  15   0   0   0|   0   872k| 864M 1367M 74.6M 1302M| 10   14    0    1k   0 |  53k   84k
30-11 05:46:50| 76  23   0   0   0|   0   848k| 862M 1365M 74.6M 1305M| 10   14    0    1k   0 |  52k   84k
30-11 05:46:51| 76  23   1   1   0|   0   784k| 862M 1362M 74.6M 1308M| 10   11    0    1k   0 |  55k   92k
30-11 05:46:52| 74  24   2   0   0|   0   832k| 863M 1358M 74.6M 1312M| 10   14    0    1k   0 |  54k   88k
30-11 05:46:53| 78  21   0   0   0|   0   696k| 864M 1354M 74.7M 1315M| 10   14    0    1k   0 |  52k   85k
30-11 05:46:54| 78  21   1   0   0|   0   784k| 865M 1349M 74.7M 1318M| 10   11    0    1k   0 |  53k   89k
30-11 05:46:55| 77  22   1   0   0|   0   848k| 865M 1345M 74.7M 1321M| 10   17    0    2k   0 |  53k   87k
30-11 05:46:56| 82  17   1   0   0|   0  5936k| 867M 1341M 74.7M 1325M| 10   11    0    2k   0 |  55k   91k
30-11 05:46:57| 78  22   0   0   0|   0   752k| 864M 1340M 74.7M 1328M| 10   12    0    2k   0 |  53k   87k
30-11 05:46:58| 78  20   2   0   0|   0   904k| 864M 1337M 74.7M 1331M| 10   11    0    2k   0 |  53k   87k
30-11 05:46:59| 79  21   1   0   0|   0   768k| 864M 1334M 74.7M 1334M| 10   14    0    2k   0 |  53k   86k
30-11 05:47:00| 80  19   0   0   0|   0   744k| 864M 1330M 74.7M 1337M| 10   11    0    2k   0 |  52k   86k
30-11 05:47:01| 77  21   1   1   0|   0   192M| 864M 1327M 74.8M 1340M| 10   12    0    2k   0 |  50k   80k
30-11 05:47:02| 80  20   0   0   0|   0   704k| 864M 1325M 74.8M 1343M| 10   11    0    2k   0 |  51k   85k
30-11 05:47:03| 76  22   0   0   0|   0   888k| 864M 1320M 74.8M 1347M| 10   15    0    2k   0 |  54k   86k
30-11 05:47:04| 78  22   0   0   0|   0   752k| 865M 1317M 74.8M 1350M| 10   17    0    2k   0 |  52k   85k
30-11 05:47:05| 77  22   1   0   0|   0   784k| 865M 1314M 74.8M 1352M| 10   17    0    2k   0 |  53k   88k
30-11 05:47:06| 82  18   0   1   0|   0    35M| 863M 1312M 74.8M 1356M| 10   14    0    2k   0 |  52k   84k
30-11 05:47:07| 80  19   2   0   0|   0   760k| 864M 1309M 74.8M 1358M| 10   11    0    2k   0 |  51k   83k
30-11 05:47:08| 79  20   1   0   0|   0   768k| 864M 1306M 74.8M 1362M| 10   11    0    2k   0 |  52k   86k
30-11 05:47:09| 40  13  46   0   0|   0   656k| 864M 1304M 74.8M 1363M| 10   11    0    2k   0 |  27k   46k
30-11 05:47:10|  0   0  99   0   0|   0   592k| 864M 1304M 74.8M 1363M| 10   11    0    2k   0 |   0     0 
30-11 05:47:11|  0   1  94   6   0|   0    15M| 864M 1304M 74.9M 1363M| 10   11    0    2k   0 |   0     0 
30-11 05:47:12|  0   0  94   5   0|   0    12M| 864M 1304M 75.1M 1363M| 10   11    0    2k   0 |   0     0 
30-11 05:47:13|  0   0  95   4   0|   0  9616k| 864M 1304M 75.2M 1363M| 10   11    0    2k   0 |  76B   90B
30-11 05:47:14|  0   1  95   4   0|   0  8672k| 863M 1304M 75.3M 1363M| 10   11    0    2k   0 |   0     0 
30-11 05:47:15|  0   0  97   2   0|   0  5408k| 863M 1304M 75.3M 1363M| 10   11    0    2k   0 |   0     0 
30-11 05:47:16|  0   0  99   1   0|   0  1712k| 863M 1304M 75.4M 1363M| 10   11    0    2k   0 |   0     0 
30-11 05:47:17|  0   0  99   0   0|   0   128k| 863M 1304M 75.4M 1363M| 10   11    0    2k   0 |   0     0 
30-11 05:47:18|  0   0 100   0   0|   0     0 | 863M 1304M 75.4M 1363M| 10   11    0    2k   0 |   0     0 
30-11 05:47:19|  0   0 100   0   0|   0     0 | 863M 1304M 75.4M 1363M| 10   11    0    2k   0 |   0     0 
30-11 05:47:20|  0   0 100   0   0|   0     0 | 863M 1304M 75.4M 1363M| 10   11    0    2k   0 |   0     0 
30-11 05:47:21|  1   0  99   0   0|   0     0 | 863M 1304M 75.4M 1363M| 10   11    0    2k   0 |   0     0 
30-11 05:47:22|  0   0 100   0   0|   0     0 | 863M 1304M 75.4M 1363M| 10   11    0    1k   0 |  76B   90B
30-11 05:47:23|  0   0 100   0   0|   0    24k| 863M 1304M 75.4M 1363M| 10   11    0    1k   0 |   0    90B
30-11 05:47:24|  0   1  99   0   0|   0     0 | 863M 1304M 75.4M 1363M| 10   11    0    1k   0 | 776B  676B
30-11 05:47:25|  2   1  97   0   0|   0     0 | 867M 1300M 75.4M 1363M| 10   11    0    1k   0 | 875B 1374B
30-11 05:47:26| 49   2  49   0   0|   0     0 | 891M 1276M 75.4M 1363M| 10   13    0    1k   0 |   0     0 
30-11 05:47:27| 50   0  49   0   0|   0     0 | 891M 1276M 75.4M 1363M| 10   13    0    1k   0 |  76B   90B
30-11 05:47:28| 50   1  49   0   0|   0   112k| 891M 1276M 75.4M 1363M| 10   13    0    1k   0 |   0     0 
30-11 05:47:29| 50   0  49   0   0|   0     0 | 891M 1276M 75.4M 1363M| 10   13    0    1k   0 |  76B   90B
30-11 05:47:30| 50   0  50   0   0|   0     0 | 891M 1276M 75.4M 1363M| 10   13    0    1k   0 |   0     0 
30-11 05:47:31| 50   1  49   0   0|   0  8192B| 891M 1276M 75.4M 1363M| 10   13    0    1k   0 |  28B   42B
30-11 05:47:32| 51   0  45   4   0|   0    42M| 891M 1276M 75.4M 1363M| 10   13    0    1k   0 |   0     0 
30-11 05:47:33| 50   0  49   0   0|   0    88k| 891M 1276M 75.4M 1363M| 10   13    0    1k   0 |   0     0 
30-11 05:47:34| 50   0  49   0   0|   0     0 | 891M 1276M 75.4M 1363M| 10   13    0    1k   0 |   0     0 
30-11 05:47:35| 50   1  49   0   0|   0     0 | 891M 1276M 75.4M 1363M| 10   13    0    1k   0 |   0     0 
30-11 05:47:36| 51   0  49   0   0|   0     0 | 891M 1276M 75.4M 1363M| 10   13    0    1k   0 |   0     0 
30-11 05:47:37| 50   1  48   1   0|   0  9744k| 891M 1276M 75.4M 1363M| 10   13    0    1k   0 |   0     0 
30-11 05:47:38| 51   0  49   0   0|   0    40k| 891M 1276M 75.4M 1363M| 10   13    0  960    0 |   0     0 
30-11 05:47:39| 51   0  49   0   0|   0     0 | 891M 1276M 75.4M 1363M| 10   13    0  960    0 |   0     0 
30-11 05:47:40| 50   0  50   0   0|   0     0 | 891M 1276M 75.4M 1363M| 10   13    0  894    0 |   0     0 
30-11 05:47:41| 50   0  49   0   0|   0     0 | 891M 1276M 75.4M 1363M| 10   13    0  894    0 |  28B   42B
30-11 05:47:42| 50   0  50   0   0|   0   112k| 891M 1276M 75.4M 1363M| 10   13    0  834    0 |   0     0 
30-11 05:47:43| 50   0  50   0   0|   0    56k| 891M 1276M 75.4M 1363M| 10   13    0  834    0 |   0     0 
30-11 05:47:44| 50   1  49   0   0|   0     0 | 891M 1276M 75.4M 1363M| 10   13    0  834    0 |   0     0 
30-11 05:47:45| 50   0  50   0   0|   0     0 | 891M 1276M 75.4M 1363M| 10   13    0  765    0 |  76B   90B
30-11 05:47:46| 50   1  49   0   0|   0   168k| 891M 1276M 75.4M 1363M| 10   13    0  765    0 |   0     0 
