----system---- --total-cpu-usage-- -dsk/total- ------memory-usage----- ------tcp-sockets------- -net/total-
     time     |usr sys idl wai stl| read  writ| used  free  buff  cach|lis  act  syn  tim  clo | recv  send
30-11 05:45:56|  6   2  93   0   0| 390k  745k| 852M  997M 84.4M 1659M| 11   13    0   16    0 |   0     0 
30-11 05:45:57|  2   1  97   1   0|  32k  272k| 852M  997M 84.4M 1659M| 11   13    0   16    0 |   0     0 
30-11 05:45:58|  1   0  98   1   0|   0  3872k| 852M  997M 84.4M 1659M| 11   14    0   16    0 | 555B 4545B
30-11 05:45:59|  0   0  99   0   0|   0  1600k| 854M  995M 84.4M 1659M| 11   17    0   16    0 |7803B 8379B
30-11 05:46:00|  3   2  94   1   0|   0  2264k| 859M  990M 84.4M 1659M| 11   17    0   18    0 | 182k 2731k
30-11 05:46:01|  3   1  95   0   0|   0   400k| 860M  988M 84.4M 1659M| 11   17    0   20    0 |  35k 1334k
30-11 05:46:02| 15   4  80   2   0|  96k 4328k| 864M  984M 84.4M 1660M| 11   27    0   46    0 | 285k  221k
30-11 05:46:03|  7   4  89   0   0|   0     0 | 865M  983M 84.4M 1660M| 11   27    0   74    0 |1215k  438k
30-11 05:46:04|  9   6  84   1   0|   0   936k| 865M  983M 84.5M 1660M| 11   31    0   91    0 |1597k  610k
30-11 05:46:05|  0   0  99   0   0|   0   200k| 865M  983M 84.5M 1660M| 11   29    0   92    0 | 306B 5814B
30-11 05:46:06|  0   0  98   2   0|   0  3144k| 865M  983M 84.5M 1660M| 11   29    0   92    0 |   0     0 
30-11 05:46:07|  5   2  93   0   0|   0     0 | 865M  982M 84.5M 1660M| 11   26    0  167    0 |1367k  567k
30-11 05:46:08|  0   0 100   0   0|   0  1400k| 865M  982M 84.5M 1660M| 11   25    0  167    0 | 180B   66B
30-11 05:46:09|  4   2  93   1   0|   0    10M| 869M  978M 84.5M 1660M| 11   39    0  202    0 |3092k  214k
30-11 05:46:10| 36  13  51   0   0|   0     0 | 873M  973M 84.5M 1661M| 11  118    0  557    1 |  43M   10M
30-11 05:46:11| 64  17  19   0   0|   0   152k| 886M  960M 84.5M 1662M| 11  188    0    1k   0 |  92M   19M
30-11 05:46:12| 69  17  14   0   0|   0  1104k| 892M  952M 84.5M 1664M| 11  234    0    2k   0 | 106M   22M
30-11 05:46:13| 64  19  18   0   0|   0     0 | 897M  946M 84.5M 1665M| 11  282    0    3k   4 | 111M   21M
30-11 05:46:14| 68  17  15   0   0|   0    14M| 897M  945M 84.5M 1666M| 11  320    1    3k   0 | 118M   21M
30-11 05:46:15| 67  18  15   0   0|   0     0 | 898M  942M 84.5M 1666M| 11  342    0    4k   0 | 125M   25M
30-11 05:46:16| 66  18  16   0   0|   0     0 | 899M  941M 84.5M 1667M| 11  365    0    4k   0 | 117M   21M
30-11 05:46:17| 70  16  14   0   0|   0   120k| 901M  938M 84.5M 1668M| 11  376    0    5k   0 | 138M   23M
30-11 05:46:18| 68  18  14   0   0|   0  3584k| 908M  931M 84.5M 1669M| 11  393    0    5k   1 | 134M   26M
30-11 05:46:19| 64  20  16   0   0|   0     0 | 916M  922M 84.5M 1669M| 11  401    0    6k   0 | 132M   24M
30-11 05:46:20| 68  19  13   0   0|   0     0 | 916M  921M 84.5M 1670M| 11  414    0    6k   0 | 131M   24M
30-11 05:46:21| 71  15  14   0   0|   0     0 | 917M  919M 84.5M 1671M| 11  417    1    7k   0 | 136M   25M
30-11 05:46:22| 69  18  12   0   0|   0    16M| 917M  916M 84.5M 1674M| 11  420    0    7k   2 | 120M   23M
30-11 05:46:23| 70  14  16   0   0|   0     0 | 919M  913M 84.5M 1675M| 11  411    0    8k   0 | 112M   18M
30-11 05:46:24| 67  17  16   0   0|   0     0 | 919M  912M 84.5M 1676M| 11  423    0    8k   0 | 115M   19M
30-11 05:46:25| 69  14  17   0   1|   0     0 | 924M  906M 84.5M 1677M| 11  429    0    9k   1 | 126M   19M
30-11 05:46:26| 62  19  18   0   0|   0   488k| 927M  902M 84.5M 1678M| 11  439    0    9k   0 | 115M   21M
30-11 05:46:27| 66  20  13   1   0|   0    20M| 899M  930M 84.5M 1678M| 11  436    1    9k   0 | 118M   19M
30-11 05:46:28| 68  16  15   0   0|   0     0 | 904M  924M 84.5M 1679M| 11  437    0   10k   1 | 115M   17M
30-11 05:46:29| 69  16  15   0   0|   0     0 | 909M  917M 84.5M 1680M| 11  439    0   10k   1 | 117M   17M
30-11 05:46:30| 73  13  14   0   0|   0  4304k| 917M  909M 84.5M 1681M| 11  420    0   10k   0 | 129M   20M
30-11 05:46:31| 70  14  16   0   0|   0     0 | 921M  904M 84.5M 1682M| 11  410    0   11k   4 | 120M   19M
30-11 05:46:32| 65  17  18   0   0|   0   128k| 925M  900M 84.5M 1682M| 11  421    0   11k   2 | 118M   16M
30-11 05:46:33| 63  17  20   0   0|   0    48k| 927M  896M 84.5M 1683M| 11  417    0   11k   1 | 112M   18M
30-11 05:46:34| 69  17  15   0   0|   0     0 | 929M  894M 84.5M 1684M| 11  407    0   12k   0 | 124M   20M
30-11 05:46:35| 68  16  15   0   0|   0     0 | 930M  892M 84.5M 1684M| 11  408    0   12k   0 | 120M   18M
30-11 05:46:36| 67  17  16   0   0|   0     0 | 931M  890M 84.5M 1685M| 11  405    0   13k   0 | 118M   18M
30-11 05:46:37| 70  16  14   0   0|   0  2832k| 905M  916M 84.5M 1686M| 11  410    0   13k   0 | 129M   21M
30-11 05:46:38| 69  16  14   1   0|   0    26M| 906M  914M 84.5M 1687M| 11  421    1   13k   1 | 121M   19M
30-11 05:46:39| 68  17  15   0   0|   0     0 | 907M  913M 84.5M 1687M| 11  428    0   14k   0 | 118M   17M
30-11 05:46:40| 68  16  16   0   0|   0   120k| 911M  908M 84.5M 1688M| 11  443    0   14k   0 | 129M   17M
30-11 05:46:41| 70  16  15   0   0|   0     0 | 913M  905M 84.5M 1689M| 11  445    0   14k   0 | 128M   16M
30-11 05:46:42| 70  17  13   0   0|   0   136k| 923M  894M 84.5M 1689M| 11  441    0   14k   0 | 132M   19M
30-11 05:46:43| 70  16  14   0   0|   0    15M| 928M  889M 84.5M 1690M| 11  431    1   15k   0 | 127M   17M
30-11 05:46:44| 69  17  14   0   0|   0     0 | 932M  884M 84.5M 1691M| 11  436    0   15k   0 | 129M   19M
30-11 05:46:45| 69  18  13   0   0|   0  3872k| 935M  881M 84.5M 1691M| 11  428    0   15k   0 | 129M   18M
30-11 05:46:46| 64  18  18   0   0|   0     0 | 906M  908M 84.5M 1692M| 11  435    0   15k   0 | 115M   16M
30-11 05:46:47| 68  16  16   0   1|   0   152k| 912M  902M 84.5M 1693M| 11  448    0   15k   0 | 121M   17M
30-11 05:46:48| 68  16  16   0   0|   0  3448k| 914M  900M 84.5M 1693M| 11  454    1   16k   1 | 125M   18M
30-11 05:46:49| 57  20  23   0   0|   0     0 | 920M  892M 84.5M 1694M| 11  446    0   16k   0 | 106M   19M
30-11 05:46:50| 66  18  15   0   0|   0  1176k| 923M  889M 84.5M 1694M| 11  442    0   16k   1 | 110M   17M
30-11 05:46:51| 64  17  18   0   0|   0   264k| 925M  886M 84.5M 1695M| 11  453    0   16k   0 | 116M   17M
30-11 05:46:52| 44  12  43   0   0|   0   168k| 925M  886M 84.5M 1696M| 11  423    0   16k   0 |  78M 8997k
30-11 05:46:53| 70  17  12   0   0|   0     0 | 927M  883M 84.5M 1696M| 11  407    1   16k   1 | 128M   17M
30-11 05:46:54| 68  15  17   0   0|   0     0 | 932M  877M 84.5M 1697M| 11  409    0   16k   1 | 127M   18M
30-11 05:46:55| 68  19  13   0   0|   0  1168k| 934M  873M 84.5M 1700M| 11  396    0   16k   1 | 141M   20M
30-11 05:46:56| 69  18  13   0   0|   0     0 | 938M  868M 84.5M 1700M| 11  379    0   16k   0 | 141M   22M
30-11 05:46:57| 67  18  15   0   0|   0   200k| 910M  895M 84.5M 1702M| 11  398    0   16k   1 | 131M   22M
30-11 05:46:58| 69  17  14   0   0|   0     0 | 912M  892M 84.5M 1702M| 11  402    0   16k   1 | 129M   23M
30-11 05:46:59| 67  17  15   0   0|   0     0 | 912M  891M 84.5M 1703M| 11  403    1   16k   0 | 129M   16M
30-11 05:47:00| 69  16  14   0   0|   0     0 | 916M  886M 84.5M 1704M| 11  416    0   16k   2 | 128M   16M
30-11 05:47:01| 70  17  14   0   0|   0   120k| 922M  880M 84.5M 1705M| 11  428    0   16k   0 | 126M   17M
30-11 05:47:02| 72  14  14   0   0|   0   152k| 923M  876M 84.5M 1707M| 11  434    0   16k   0 | 123M   17M
30-11 05:47:03| 66  18  16   0   0|   0     0 | 925M  873M 84.5M 1708M| 11  422    0   16k   0 | 133M   18M
30-11 05:47:04| 70  16  14   0   0|   0     0 | 929M  869M 84.5M 1708M| 11  427    0   16k   0 | 125M   18M
30-11 05:47:05| 68  17  15   0   0|   0     0 | 930M  867M 84.5M 1709M| 11  422    0   16k   0 | 126M   20M
30-11 05:47:06| 66  17  17   0   0|   0     0 | 935M  862M 84.5M 1710M| 11  424    0   16k   0 | 120M   19M
30-11 05:47:07| 70  16  14   0   0|   0   120k| 937M  858M 84.5M 1711M| 11  421    0   16k   0 | 120M   21M
30-11 05:47:08| 70  17  12   0   0|   0     0 | 912M  883M 84.5M 1712M| 11  432    1   16k   0 | 122M   20M
30-11 05:47:09| 70  16  15   0   0|   0     0 | 920M  872M 84.5M 1714M| 11  430    0   16k   0 | 120M   19M
30-11 05:47:10|  8   4  89   0   0|   0     0 | 921M  871M 84.5M 1714M| 11   20    0   16k   0 |3565k  576k
30-11 05:47:11|  0   2  98   0   0|   0   112k| 921M  871M 84.5M 1714M| 11   20    0   16k   0 |  76B   90B
30-11 05:47:12|  1   2  98   0   0|   0     0 | 921M  871M 84.5M 1714M| 11   20    0   16k   0 |   0     0 
30-11 05:47:13|  1   2  89   9   0|   0    36M| 921M  871M 84.5M 1714M| 11   20    0   16k   0 |   0     0 
30-11 05:47:14|  2   1  94   3   0|   0    13M| 921M  871M 84.5M 1714M| 11   20    0   15k   0 |  52B   66B
30-11 05:47:15|  1   1  98   0   0|   0     0 | 921M  871M 84.5M 1714M| 11   20    0   15k   0 |   0     0 
30-11 05:47:16|  1   1  97   0   0|   0  3416k| 921M  871M 84.5M 1714M| 11   20    0   15k   0 |   0     0 
30-11 05:47:17|  1   1  98   0   0|   0     0 | 923M  869M 84.5M 1714M| 11   20    0   15k   0 |   0     0 
30-11 05:47:18|  1   1  97   0   0|   0   384k| 923M  869M 84.6M 1714M| 11   20    0   14k   0 |   0     0 
30-11 05:47:19|  1   1  98   0   0|   0     0 | 923M  869M 84.6M 1714M| 11   20    0   14k   0 |   0     0 
30-11 05:47:20|  0   2  98   0   0|   0     0 | 923M  869M 84.6M 1714M| 11   20    0   14k   0 |   0     0 
30-11 05:47:21|  1   0  98   0   0|   0     0 | 923M  869M 84.6M 1714M| 11   20    0   14k   0 |  28B   42B
30-11 05:47:22|  0   2  98   0   0|   0     0 | 923M  869M 84.6M 1714M| 11   20    0   14k   0 |   0     0 
30-11 05:47:23|  1   1  98   0   0|   0    24k| 923M  869M 84.6M 1714M| 11   20    0   13k   0 |  76B   90B
30-11 05:47:24|  1   1  99   0   0|   0     0 | 923M  869M 84.6M 1714M| 11   20    0   13k   0 |   0     0 
30-11 05:47:25|  1   1  98   0   0|   0     0 | 923M  869M 84.6M 1714M| 11   20    0   13k   0 | 364B  462B
30-11 05:47:26|  0   1  98   0   0|   0     0 | 923M  869M 84.6M 1714M| 11   20    0   13k   0 |  76B   90B
30-11 05:47:27|  1   1  98   0   0|   0     0 | 923M  869M 84.6M 1714M| 11   20    0   12k   0 |   0     0 
30-11 05:47:28|  0   1  98   0   0|   0     0 | 923M  869M 84.6M 1714M| 11   20    0   12k   0 |   0     0 
30-11 05:47:29|  0   2  98   0   0|   0    24k| 923M  869M 84.6M 1714M| 11   20    0   12k   0 |  52B   66B
30-11 05:47:30|  1   1  98   0   0|   0     0 | 923M  869M 84.6M 1714M| 11   20    0   12k   0 | 140B  168B
30-11 05:47:31|  1   1  98   0   0|   0     0 | 923M  869M 84.6M 1714M| 11   20    0   11k   0 |  76B   90B
30-11 05:47:32|  1   2  97   0   0|   0     0 | 923M  869M 84.6M 1714M| 11   20    0   11k   0 | 320B 1376B
30-11 05:47:33|  0   1  98   0   0|   0     0 | 923M  869M 84.6M 1714M| 11   20    0   11k   0 |   0     0 
30-11 05:47:34|  1   2  97   0   0|   0    64k| 923M  869M 84.6M 1714M| 11   20    0   11k   0 | 840B  866B
30-11 05:47:35|  1   1  98   0   0|   0     0 | 923M  869M 84.6M 1714M| 11   20    0   10k   0 | 560B  598B
30-11 05:47:36| 12   2  86   0   0|   0     0 | 935M  857M 84.6M 1714M| 11   20    0   10k   0 | 875B 1192B
30-11 05:47:37| 29   4  67   0   0|   0     0 | 893M  899M 84.6M 1714M| 11   20    0    9k   0 |4318B   21k
30-11 05:47:38|  0   0  99   0   0|   0     0 | 893M  899M 84.6M 1714M| 11   20    0    9k   0 |   0     0 
30-11 05:47:39|  2   2  96   0   0|   0   232k| 893M  899M 84.6M 1714M| 11   20    0    9k   0 | 944B 2228B
30-11 05:47:40|  2   3  95   0   0|   0   320k| 894M  898M 84.6M 1714M| 11   20    0    9k   0 |1552B 4118B
30-11 05:47:41|  0   1  98   0   0|   0     0 | 895M  897M 84.6M 1714M| 11   20    0    8k   0 | 536B  572B
30-11 05:47:42|  1   0  99   0   0|   0   112k| 895M  897M 84.6M 1714M| 11   20    0    8k   0 |  76B   90B
30-11 05:47:43|  2   2  97   0   0|   0   160k| 895M  897M 84.6M 1714M| 11   20    0    7k   0 | 664B 1982B
30-11 05:47:44|  0   1  99   0   0|   0     0 | 895M  897M 84.6M 1714M| 11   20    0    7k   0 |  52B   66B
30-11 05:47:45|  1   0  98   0   0|   0   184k| 895M  897M 84.6M 1714M| 11   20    0    7k   0 |   0     0 
30-11 05:47:46|  1   0  98   1   0|   0  1784k| 895M  897M 84.6M 1714M| 11   20    0    7k   0 |   0     0 
30-11 05:47:47|  0   1  99   0   0|   0     0 | 895M  897M 84.6M 1714M| 11   20    0    6k   0 |   0     0 
30-11 05:47:48|  0   1  99   0   0|   0     0 | 895M  897M 84.6M 1714M| 11   20    0    6k   0 |   0     0 
30-11 05:47:49|  0   1  99   0   0|   0     0 | 895M  897M 84.6M 1714M| 11   20    0    5k   0 |   0     0 
30-11 05:47:50|  0   1  99   0   0|   0     0 | 895M  897M 84.6M 1714M| 11   20    0    5k   0 |   0     0 
30-11 05:47:51|  0   0  99   0   0|   0     0 | 895M  897M 84.6M 1714M| 11   20    0    4k   0 |   0     0 
30-11 05:47:52|  0   1  99   0   0|   0    24k| 895M  897M 84.6M 1714M| 11   20    0    4k   0 |   0     0 
30-11 05:47:53|  0   0  99   0   0|   0     0 | 895M  897M 84.6M 1714M| 11   20    0    4k   0 |   0     0 
30-11 05:47:54|  0   0  99   0   0|   0     0 | 895M  897M 84.6M 1714M| 11   20    0    4k   0 |   0     0 
30-11 05:47:55|  0   0 100   0   0|   0     0 | 895M  897M 84.6M 1714M| 11   20    0    3k   0 | 364B  462B
