----system---- --total-cpu-usage-- -dsk/total- ------memory-usage----- ------tcp-sockets------- -net/total-
     time     |usr sys idl wai stl| read  writ| used  free  buff  cach|lis  act  syn  tim  clo | recv  send
30-11 06:55:02|  5   2  93   0   0| 282k  603k| 857M  746M 93.3M 1888M| 11   13    0    5k   0 |   0     0 
30-11 06:55:03|  2   2  96   0   0|   0   256k| 857M  745M 93.3M 1888M| 11   13    0    4k   0 |   0     0 
30-11 06:55:04|  1   0  97   2   0|   0  3960k| 858M  745M 93.3M 1888M| 11   13    0    4k   0 |  28B   42B
30-11 06:55:05|  0   0 100   0   0|   0  1608k| 858M  745M 93.3M 1888M| 11   13    0    3k   0 |   0     0 
30-11 06:55:06|  1   0  98   0   0|   0  2280k| 858M  744M 93.3M 1888M| 11   13    0    3k   0 |   0     0 
30-11 06:55:07|  1   1  98   1   0|   0   352k| 861M  741M 93.3M 1888M| 11   17    0    3k   0 |7943B   11k
30-11 06:55:08|  2   1  96   0   0|   0   128k| 862M  741M 93.3M 1888M| 11   17    0    3k   0 | 174k  650k
30-11 06:55:09|  4   2  94   0   0|   0     0 | 868M  735M 93.3M 1888M| 11   17    0    2k   0 |  42k 3419k
30-11 06:55:10| 14   4  81   2   0| 128k 4560k| 868M  734M 93.4M 1889M| 11   22    0    2k   0 | 260k  173k
30-11 06:55:11|  6   3  91   0   0|   0     0 | 868M  734M 93.4M 1889M| 11   27    0  995    0 |1072k  414k
30-11 06:55:12|  8   5  86   1   0|   0   896k| 868M  733M 93.4M 1889M| 11   29    0    1k   0 |1531k  553k
30-11 06:55:13|  1   0  99   0   0|   0   200k| 868M  733M 93.4M 1889M| 11   29    0  170    0 |  52B  734B
30-11 06:55:14|  0   0  99   0   0|   0    40k| 868M  733M 93.4M 1889M| 11   33    0  176    0 | 219k  197k
30-11 06:55:15|  5   1  94   0   0|   0     0 | 869M  732M 93.4M 1889M| 11   29    0  163    0 | 310k  237k
30-11 06:55:16|  0   0 100   0   0|   0     0 | 869M  732M 93.4M 1889M| 11   25    0  163    0 | 720B  264B
30-11 06:55:17|  5   2  94   0   0|   0   368k| 869M  732M 93.4M 1890M| 11   47    0  211    0 | 382k  393k
30-11 06:55:18| 40  18  42   0   0|   0     0 | 888M  712M 93.4M 1891M| 11  149    0  912    0 |  20M   18M
30-11 06:55:19| 61  21  18   0   0|   0   120k| 889M  708M 93.4M 1893M| 11  205    0    2k   0 |  33M   32M
30-11 06:55:20| 55  22  23   0   0|   0  1936k| 893M  704M 93.4M 1894M| 11  262    0    3k   1 |  35M   32M
30-11 06:55:21| 54  26  21   0   0|   0     0 | 897M  698M 93.4M 1895M| 11  322    0    4k   0 |  37M   34M
30-11 06:55:22| 54  26  21   0   0|   0     0 | 898M  696M 93.4M 1897M| 11  345    0    5k   0 |  37M   34M
30-11 06:55:23| 54  24  22   0   0|   0     0 | 904M  689M 93.4M 1898M| 11  369    1    5k   0 |  35M   33M
30-11 06:55:24| 52  24  24   0   0|   0     0 | 904M  687M 93.4M 1899M| 11  386    0    6k   0 |  35M   32M
30-11 06:55:25| 54  25  18   3   0|   0    38M| 904M  686M 93.4M 1900M| 11  394    0    7k   0 |  36M   34M
30-11 06:55:26| 55  21  23   0   0|   0     0 | 905M  684M 93.4M 1901M| 11  397    0    7k   0 |  34M   31M
30-11 06:55:27| 56  21  23   0   0|   0   600k| 912M  675M 93.4M 1903M| 11  418    0    8k   0 |  31M   29M
30-11 06:55:28| 51  25  24   0   0|   0  1328k| 916M  670M 93.4M 1904M| 11  417    2    9k   0 |  36M   32M
30-11 06:55:29| 58  20  21   0   0|   0     0 | 920M  665M 93.4M 1905M| 11  429    0   10k   4 |  37M   33M
30-11 06:55:30| 54  23  22   1   0|   0    28M| 921M  662M 93.4M 1906M| 11  455    0   10k   0 |  35M   31M
30-11 06:55:31| 56  21  23   0   0|   0     0 | 922M  661M 93.4M 1908M| 11  457    0   11k   0 |  30M   29M
30-11 06:55:32| 52  23  25   0   0|   0     0 | 895M  686M 93.4M 1909M| 11  474    0   11k   3 |  35M   32M
30-11 06:55:33| 54  25  21   0   0|   0     0 | 903M  678M 93.4M 1910M| 11  485    0   12k   0 |  38M   35M
30-11 06:55:34| 51  24  24   0   0|   0     0 | 914M  665M 93.4M 1911M| 11  487    0   12k   0 |  32M   30M
30-11 06:55:35| 57  18  25   0   0|   0   296k| 919M  659M 93.4M 1912M| 11  489    0   13k   0 |  32M   29M
30-11 06:55:36| 56  22  22   0   0|   0     0 | 927M  650M 93.4M 1913M| 11  487    0   13k   0 |  31M   30M
30-11 06:55:37| 52  24  24   0   0|   0     0 | 899M  677M 93.4M 1914M| 11  516    0   14k   0 |  32M   29M
30-11 06:55:38| 54  23  23   0   0|   0     0 | 903M  671M 93.4M 1915M| 11  492    0   14k   0 |  33M   30M
30-11 06:55:39| 53  24  24   0   0|   0     0 | 904M  669M 93.4M 1916M| 11  490    1   15k   0 |  34M   30M
30-11 06:55:40| 51  22  26   1   0|   0   152k| 908M  665M 93.4M 1917M| 11  485    0   15k   0 |  30M   27M
30-11 06:55:41| 56  18  26   0   0|   0     0 | 917M  655M 93.4M 1918M| 11  463    0   15k   0 |  30M   26M
30-11 06:55:42| 58  20  22   0   0|   0     0 | 916M  654M 93.4M 1919M| 11  468    0   16k   0 |  30M   26M
30-11 06:55:43| 47  24  28   0   0|   0    72k| 918M  652M 93.4M 1920M| 11  484    0   16k   2 |  34M   31M
30-11 06:55:44| 52  27  21   0   0|   0     0 | 918M  651M 93.4M 1921M| 11  492    0   16k   0 |  27M   26M
30-11 06:55:45| 53  23  25   0   0|   0   144k| 922M  645M 93.4M 1922M| 11  488    0   16k   0 |  33M   31M
30-11 06:55:46| 54  22  24   0   0|   0     0 | 926M  640M 93.4M 1923M| 11  495    0   16k   1 |  33M   30M
30-11 06:55:47| 54  23  23   0   1|   0     0 | 930M  635M 93.4M 1924M| 11  483    0   16k   0 |  32M   29M
30-11 06:55:48| 54  25  22   0   0|   0   240k| 931M  633M 93.4M 1925M| 11  467    0   16k   0 |  33M   29M
30-11 06:55:49| 52  24  24   0   0|   0     0 | 930M  632M 93.4M 1927M| 11  456    0   16k   0 |  30M   27M
30-11 06:55:50| 52  23  25   0   0|   0  8160k| 933M  629M 93.4M 1928M| 11  473    1   16k   0 |  32M   29M
30-11 06:55:51| 56  21  23   0   0|   0    24M| 908M  653M 93.4M 1928M| 11  473    0   16k   1 |  31M   28M
30-11 06:55:52| 52  25  23   0   0|   0     0 | 910M  650M 93.4M 1930M| 11  452    0   16k   0 |  30M   27M
30-11 06:55:53| 52  23  25   0   0|   0     0 | 911M  648M 93.4M 1931M| 11  481    0   16k   0 |  31M   28M
30-11 06:55:54| 56  23  22   0   0|   0     0 | 911M  646M 93.4M 1932M| 11  480    0   16k   0 |  38M   34M
30-11 06:55:55| 53  25  21   1   0|   0    15M| 915M  641M 93.4M 1933M| 11  476    0   16k   2 |  33M   31M
30-11 06:55:56| 56  24  16   4   0|   0    71M| 919M  633M 93.4M 1936M| 11  490    0   16k   0 |  33M   30M
30-11 06:55:57| 39  16  45   0   0|   0     0 | 922M  630M 93.4M 1937M| 11  483    1   16k   0 |  23M   21M
30-11 06:55:58| 54  22  24   0   0|   0     0 | 924M  627M 93.4M 1938M| 11  481    0   16k   0 |  34M   30M
30-11 06:55:59| 58  20  22   0   0|   0     0 | 924M  626M 93.4M 1940M| 11  495    0   16k   0 |  31M   28M
30-11 06:56:00| 57  20  22   1   0|   0  1568k| 925M  624M 93.5M 1941M| 11  481    0   16k   0 |  37M   34M
30-11 06:56:01| 55  23  23   0   0|   0  1264k| 925M  621M 93.5M 1943M| 11  470    0   16k   2 |  32M   30M
30-11 06:56:02| 54  20  26   0   0|   0    32k| 928M  616M 93.5M 1944M| 11  478    0   16k   0 |  29M   27M
30-11 06:56:03| 55  24  21   0   0|   0     0 | 932M  612M 93.5M 1946M| 11  477    0   16k   0 |  31M   29M
30-11 06:56:04| 55  22  23   0   0|   0     0 | 932M  610M 93.5M 1947M| 11  469    1   16k   1 |  34M   32M
30-11 06:56:05| 53  23  24   0   0|   0   144k| 935M  606M 93.5M 1948M| 11  468    0   16k   0 |  33M   29M
30-11 06:56:06| 58  18  24   0   0|   0     0 | 936M  602M 93.5M 1951M| 11  471    0   16k   0 |  33M   29M
30-11 06:56:07| 52  24  23   0   0|   0    32k| 936M  601M 93.5M 1952M| 11  483    1   16k   2 |  34M   31M
30-11 06:56:08| 53  24  23   0   0|   0     0 | 936M  600M 93.5M 1953M| 11  467    0   16k   1 |  31M   29M
30-11 06:56:09| 51  24  25   0   0|   0     0 | 936M  599M 93.5M 1954M| 11  439    0   16k   1 |  32M   29M
30-11 06:56:10| 49  24  27   0   0|   0   136k| 940M  594M 93.5M 1955M| 11  455    0   16k   0 |  31M   28M
30-11 06:56:11| 53  23  24   0   0|   0     0 | 917M  616M 93.5M 1956M| 11  453    0   16k   1 |  36M   32M
30-11 06:56:12| 55  19  26   0   0|   0     0 | 919M  613M 93.5M 1957M| 11  439    0   16k   0 |  37M   34M
30-11 06:56:13| 54  22  23   0   0|   0    32k| 919M  612M 93.5M 1958M| 11  463    0   16k   1 |  33M   30M
30-11 06:56:14| 51  25  24   0   0|   0     0 | 918M  612M 93.5M 1959M| 11  486    1   16k   0 |  32M   29M
30-11 06:56:15| 49  26  25   0   0|   0   152k| 919M  610M 93.5M 1960M| 11  485    0   16k   0 |  31M   29M
30-11 06:56:16| 52  23  26   0   0|   0     0 | 920M  608M 93.5M 1961M| 11  486    1   16k   1 |  23M   22M
30-11 06:56:17| 44  19  37   0   0|   0     0 | 920M  607M 93.5M 1962M| 11   23    0   16k   0 |  20M   18M
30-11 06:56:18|  1   1  98   0   0|   0    40k| 920M  607M 93.5M 1962M| 11   23    0   16k   0 | 308B   16k
30-11 06:56:19|  2   1  98   0   0|   0     0 | 920M  607M 93.5M 1962M| 11   23    0   16k   0 |   0     0 
30-11 06:56:20|  1   1  98   0   0|   0     0 | 920M  607M 93.5M 1962M| 11   23    0   16k   0 |   0     0 
30-11 06:56:21|  1   1  98   0   0|   0   112k| 920M  607M 93.5M 1962M| 11   23    0   16k   0 |   0     0 
30-11 06:56:22|  0   2  98   0   0|   0     0 | 920M  607M 93.5M 1962M| 11   23    0   16k   0 |   0     0 
30-11 06:56:23|  1   1  98   0   0|   0     0 | 920M  607M 93.5M 1962M| 11   23    0   16k   0 |   0     0 
30-11 06:56:24|  1   1  98   0   0|   0    32k| 920M  607M 93.5M 1962M| 11   23    0   16k   0 |   0     0 
30-11 06:56:25|  0   2  98   0   0|   0     0 | 920M  607M 93.5M 1962M| 11   23    0   15k   0 |   0     0 
30-11 06:56:26|  1   1  98   0   0|   0  8200k| 920M  607M 93.5M 1962M| 11   23    0   15k   0 |   0     0 
30-11 06:56:27|  1   2  77  21   0|   0    72M| 920M  607M 93.5M 1962M| 11   23    0   15k   0 |  76B   90B
30-11 06:56:28|  0   2  98   0   0|   0     0 | 920M  607M 93.5M 1962M| 11   23    0   15k   0 | 128B  156B
30-11 06:56:29|  1   1  98   0   0|   0    32k| 920M  607M 93.5M 1962M| 11   24    0   14k   0 | 688B  370B
30-11 06:56:30|  1   1  98   0   0|   0     0 | 920M  607M 93.5M 1962M| 11   24    0   14k   0 |   0     0 
30-11 06:56:31|  0   2  96   2   0|   0  8536k| 920M  607M 93.5M 1962M| 11   24    0   14k   0 |   0     0 
30-11 06:56:32|  0   1  98   0   0|   0     0 | 920M  607M 93.5M 1962M| 11   24    0   14k   0 | 520B  660B
30-11 06:56:33|  1   1  98   0   0|   0     0 | 920M  607M 93.5M 1962M| 11   23    0   13k   0 | 104B   66B
30-11 06:56:34|  1   1  98   0   0|   0    32k| 920M  607M 93.5M 1962M| 11   23    0   13k   0 |   0     0 
30-11 06:56:35|  1   0  98   0   0|   0     0 | 920M  607M 93.5M 1962M| 11   23    0   13k   0 |   0     0 
30-11 06:56:36|  1   1  98   0   0|   0   168k| 920M  607M 93.5M 1962M| 11   23    0   13k   0 |   0     0 
30-11 06:56:37|  1   1  98   0   0|   0    64k| 920M  607M 93.5M 1962M| 11   23    0   12k   0 |   0     0 
30-11 06:56:38|  0   1  98   0   0|   0     0 | 920M  607M 93.5M 1962M| 11   23    0   12k   0 |   0     0 
30-11 06:56:39|  1   1  98   0   0|   0     0 | 920M  607M 93.5M 1962M| 11   23    0   12k   0 |   0     0 
30-11 06:56:40|  1   0  98   0   0|   0    32k| 920M  607M 93.5M 1962M| 11   23    0   12k   0 |   0     0 
30-11 06:56:41|  1   1  98   0   0|   0     0 | 920M  607M 93.5M 1962M| 11   23    0   11k   0 |   0     0 
30-11 06:56:42|  0   1  98   0   0|   0    64k| 920M  607M 93.5M 1962M| 11   23    0   11k   0 |   0     0 
30-11 06:56:43|  0   1  98   0   0|   0     0 | 920M  607M 93.5M 1962M| 11   23    0   10k   0 |  52B   66B
30-11 06:56:44|  1   1  99   0   0|   0     0 | 920M  607M 93.5M 1962M| 11   23    0   10k   0 |  76B   90B
30-11 06:56:45|  0   1  98   0   0|   0    40k| 920M  607M 93.5M 1962M| 11   23    0   10k   0 |   0     0 
30-11 06:56:46|  1   0  99   0   0|   0     0 | 920M  607M 93.5M 1962M| 11   23    0   10k   0 |   0     0 
30-11 06:56:47|  1   1  99   0   0|   0     0 | 920M  607M 93.5M 1962M| 11   23    0    9k   0 |  52B   66B
30-11 06:56:48|  0   1  98   0   0|   0    40k| 920M  607M 93.5M 1962M| 11   23    0    9k   0 | 496B  636B
30-11 06:56:49|  2   2  96   0   0|   0     0 | 920M  607M 93.5M 1962M| 11   23    0    9k   0 | 244B 1454B
30-11 06:56:50|  0   1  99   0   0|   0     0 | 920M  607M 93.5M 1962M| 11   23    0    9k   0 |1032B 1046B
30-11 06:56:51|  1   1  98   0   0|   0    24k| 920M  607M 93.5M 1962M| 11   23    0    9k   0 | 840B  660B
30-11 06:56:52|  6   5  89   1   0|   0  1704k| 936M  591M 93.5M 1962M| 11   23    0    9k   0 | 595B 1410B
30-11 06:56:53| 48   4  47   0   0|   0    40k| 910M  617M 93.5M 1962M| 11   23    0    8k   0 |4370B   22k
30-11 06:56:54|  0   1  99   0   0|   0     0 | 910M  617M 93.5M 1962M| 11   23    0    8k   0 |   0     0 
30-11 06:56:55|  0   1  98   0   0|   0     0 | 910M  617M 93.5M 1962M| 11   23    0    8k   0 |   0     0 
30-11 06:56:56|  1   0  99   0   0|   0    88k| 910M  617M 93.5M 1962M| 11   23    0    8k   0 |   0     0 
30-11 06:56:57|  0   0  99   0   0|   0     0 | 910M  617M 93.5M 1962M| 11   23    0    8k   0 |   0     0 
30-11 06:56:58|  1   0  98   0   0|   0   136k| 910M  617M 93.5M 1962M| 11   23    0    7k   0 |  80B  108B
30-11 06:56:59|  0   1  99   0   0|   0   336k| 910M  617M 93.5M 1962M| 11   23    0    7k   0 |   0     0 
30-11 06:57:00|  0   1  99   0   0|   0  8192B| 910M  617M 93.5M 1962M| 11   23    0    7k   0 |  76B   90B
30-11 06:57:01|  0   1  99   0   0|   0     0 | 910M  617M 93.5M 1962M| 11   23    0    7k   0 |   0     0 
