----system---- --total-cpu-usage-- -dsk/total- ------memory-usage----- ------tcp-sockets------- -net/total-
     time     |usr sys idl wai stl| read  writ| used  free  buff  cach|lis  act  syn  tim  clo | recv  send
30-11 06:33:34|  5   1  93   0   0| 301k  609k| 852M  887M 90.8M 1759M| 11   13    0   24    0 |   0     0 
30-11 06:33:35|  3   4  93   0   0|  32k  272k| 852M  887M 90.8M 1759M| 11   13    0   23    0 |   0     0 
30-11 06:33:36|  0   0  98   2   0|   0  4000k| 852M  886M 90.8M 1759M| 11   13    0   23    0 |  28B   42B
30-11 06:33:37|  0   1  99   0   0|   0  1608k| 855M  883M 90.8M 1759M| 11   17    0   23    0 |6470B 8483B
30-11 06:33:38|  3   0  96   1   0|   0  2352k| 856M  883M 90.8M 1758M| 11   17    0   24    0 | 153k  569k
30-11 06:33:39|  2   2  95   1   0|   0   424k| 862M  876M 90.9M 1758M| 11   17    0   28    0 |  57k 2659k
30-11 06:33:40| 13   3  84   1   0|  96k  880k| 863M  874M 90.9M 1759M| 11   20    0   32    0 |  15k  948k
30-11 06:33:41|  9   3  86   3   0|   0  7912k| 865M  873M 90.9M 1760M| 11   27    0   75    0 | 924k  358k
30-11 06:33:42|  8   5  87   0   0|   0     0 | 865M  873M 90.9M 1760M| 11   27    0   88    0 |1566k  502k
30-11 06:33:43|  4   1  95   1   0|   0   984k| 865M  873M 90.9M 1760M| 11   29    0  100    0 | 441k  241k
30-11 06:33:44|  0   0 100   0   0|   0   136k| 865M  873M 90.9M 1760M| 11   29    0  100    0 |  76B   90B
30-11 06:33:45|  4   1  95   0   0|   0    16k| 865M  872M 90.9M 1760M| 11   35    0  165    0 | 593k  463k
30-11 06:33:46|  0   0 100   0   0|   0   184k| 865M  872M 90.9M 1760M| 11   26    0  165    0 |1944B   11k
30-11 06:33:47|  2   1  97   0   0|   0     0 | 865M  872M 90.9M 1760M| 11   32    0  185    0 | 163k  109k
30-11 06:33:48| 14   4  82   0   0|   0     0 | 867M  870M 90.9M 1760M| 11   88    0  327    0 |2947k 2665k
30-11 06:33:49| 42  23  35   0   0|   0     0 | 877M  859M 90.9M 1761M| 11  169    0  993    1 |  23M   21M
30-11 06:33:50| 48  25  26   1   0|   0   304k| 879M  856M 90.9M 1762M| 11  216    0    2k   0 |  22M   22M
30-11 06:33:51| 44  23  34   0   0|   0   880k| 885M  849M 91.0M 1763M| 11  260    0    3k   1 |  28M   25M
30-11 06:33:52| 47  22  31   0   0|   0  3792k| 884M  848M 91.0M 1764M| 11  305    0    3k   0 |  27M   25M
30-11 06:33:53| 49  18  33   0   0|   0     0 | 885M  847M 91.0M 1765M| 11  325    0    4k   3 |  29M   26M
30-11 06:33:54| 49  18  33   0   0|   0     0 | 892M  839M 91.0M 1766M| 11  354    0    4k   0 |  29M   27M
30-11 06:33:55| 46  16  38   0   1|   0     0 | 892M  838M 91.0M 1767M| 11  359    0    5k   0 |  22M   20M
30-11 06:33:56| 43  17  39   1   0|   0  1488k| 893M  836M 91.0M 1768M| 11  377    0    5k   0 |  22M   20M
30-11 06:33:57| 51  17  29   3   0|   0    32M| 901M  824M 91.0M 1771M| 11  385    0    6k   0 |  28M   25M
30-11 06:33:58| 54  19  27   0   0|   0     0 | 901M  823M 91.0M 1772M| 11  393    0    6k   0 |  31M   29M
30-11 06:33:59| 49  20  31   0   0|   0   536k| 904M  820M 91.0M 1773M| 11  413    0    7k   0 |  24M   23M
30-11 06:34:00| 52  18  30   0   0|   0     0 | 904M  818M 91.0M 1775M| 11  431    0    8k   0 |  27M   26M
30-11 06:34:01| 47  20  32   0   0|   0   160k| 905M  815M 91.0M 1777M| 11  441    0    9k   0 |  29M   27M
30-11 06:34:02| 47  21  27   5   0|   0    50M| 906M  812M 91.0M 1779M| 11  444    0    9k   0 |  28M   25M
30-11 06:34:03| 47  20  34   0   0|   0  7984k| 906M  811M 91.0M 1779M| 11  439    0    9k   0 |  25M   22M
30-11 06:34:04| 43  21  35   0   0|   0     0 | 907M  809M 91.0M 1780M| 11  435    0   10k   1 |  25M   23M
30-11 06:34:05| 49  19  32   0   0|   0     0 | 909M  807M 91.0M 1781M| 11  438    0   10k   1 |  23M   21M
30-11 06:34:06| 51  19  31   0   0|   0   200k| 910M  805M 91.0M 1782M| 11  437    1   11k   1 |  22M   21M
30-11 06:34:07| 45  23  33   0   0|   0     0 | 912M  802M 91.0M 1783M| 11  437    0   11k   0 |  26M   24M
30-11 06:34:08| 48  19  34   0   0|   0   144k| 912M  799M 91.0M 1785M| 11  436    1   12k   0 |  25M   22M
30-11 06:34:09| 46  21  34   0   0|   0     0 | 912M  798M 91.0M 1786M| 11  421    0   12k   2 |  26M   23M
30-11 06:34:10| 46  16  38   0   0|   0     0 | 912M  797M 91.0M 1787M| 11  424    0   12k   0 |  21M   18M
30-11 06:34:11| 45  20  35   0   0|   0   136k| 913M  796M 91.0M 1787M| 11  425    1   13k   0 |  24M   22M
30-11 06:34:12| 44  19  38   0   0|   0     0 | 913M  795M 91.0M 1788M| 11  428    0   13k   0 |  23M   20M
30-11 06:34:13| 51  20  30   0   0|   0     0 | 914M  793M 91.0M 1789M| 11  430    1   13k   0 |  25M   23M
30-11 06:34:14| 50  20  30   0   0|   0     0 | 914M  792M 91.0M 1790M| 11  441    0   14k   0 |  23M   22M
30-11 06:34:15| 51  18  31   0   0|   0     0 | 915M  791M 91.0M 1791M| 11  443    0   14k   0 |  27M   24M
30-11 06:34:16| 46  20  35   0   0|   0   120k| 918M  787M 91.0M 1791M| 11  438    1   14k   0 |  25M   23M
30-11 06:34:17| 48  21  30   0   1|   0     0 | 921M  783M 91.0M 1792M| 11  450    0   15k   0 |  24M   22M
30-11 06:34:18| 46  22  32   0   0|   0     0 | 921M  782M 91.0M 1793M| 11  464    1   15k   1 |  25M   22M
30-11 06:34:19| 49  20  30   0   0|   0     0 | 923M  779M 91.0M 1794M| 11  447    0   15k   0 |  26M   24M
30-11 06:34:20| 51  20  29   0   0|   0     0 | 925M  777M 91.0M 1795M| 11  446    1   16k   1 |  27M   25M
30-11 06:34:21| 48  22  30   0   0|   0   136k| 925M  775M 91.0M 1796M| 11  448    0   16k   0 |  28M   25M
30-11 06:34:22| 50  21  30   0   0|   0     0 | 926M  774M 91.0M 1796M| 11  433    2   16k   0 |  24M   21M
30-11 06:34:23| 49  19  31   1   0|   0  8104k| 925M  773M 91.0M 1797M| 11  422    0   16k   0 |  26M   23M
30-11 06:34:24| 48  24  27   0   0|   0     0 | 925M  773M 91.0M 1798M| 11  428    0   16k   0 |  31M   28M
30-11 06:34:25| 49  21  30   0   0|   0     0 | 928M  769M 91.0M 1799M| 11  429    0   16k   0 |  26M   24M
30-11 06:34:26| 48  22  30   0   0|   0   136k| 928M  767M 91.0M 1800M| 11  431    0   16k   0 |  24M   23M
30-11 06:34:27| 46  20  34   0   0|   0    96k| 930M  765M 91.0M 1801M| 11  433    1   16k   0 |  23M   21M
30-11 06:34:28| 48  21  27   4   0|   0    25M| 931M  763M 91.0M 1802M| 11  435    2   16k   0 |  26M   23M
30-11 06:34:29| 49  22  29   0   0|   0     0 | 933M  760M 91.0M 1803M| 11  442    0   16k   1 |  30M   27M
30-11 06:34:30| 48  20  32   0   0|   0     0 | 933M  760M 91.0M 1804M| 11  440    0   16k   0 |  28M   26M
30-11 06:34:31| 48  23  29   0   0|   0   208k| 934M  758M 91.0M 1804M| 11  442    0   16k   0 |  27M   25M
30-11 06:34:32| 46  22  32   0   0|   0   160k| 934M  757M 91.0M 1805M| 11  455    0   16k   0 |  26M   23M
30-11 06:34:33| 44  22  29   6   0|   0    39M| 932M  756M 91.0M 1808M| 11  457    0   16k   0 |  24M   22M
30-11 06:34:34| 50  20  28   2   0|   0    43M| 932M  755M 91.0M 1809M| 11  442    0   16k   0 |  27M   24M
30-11 06:34:35| 50  22  28   0   0|   0     0 | 933M  753M 91.0M 1810M| 11  441    0   16k   0 |  28M   26M
30-11 06:34:36| 48  21  31   0   0|   0   160k| 933M  752M 91.0M 1811M| 11  452    0   16k   0 |  27M   24M
30-11 06:34:37| 46  20  34   0   0|   0     0 | 933M  751M 91.0M 1812M| 11  448    0   16k   0 |  23M   21M
30-11 06:34:38| 47  24  29   0   0|   0     0 | 934M  750M 91.0M 1812M| 11  434    0   16k   0 |  28M   25M
30-11 06:34:39| 48  21  30   0   1|   0  2160k| 934M  749M 91.0M 1813M| 11  430    0   16k   0 |  26M   23M
30-11 06:34:40| 45  21  33   0   0|   0     0 | 935M  747M 91.0M 1814M| 11  443    1   16k   0 |  22M   20M
30-11 06:34:41| 43  23  34   0   0|   0   240k| 934M  747M 91.0M 1815M| 11  434    0   16k   0 |  25M   23M
30-11 06:34:42| 49  17  34   0   0|   0     0 | 934M  746M 91.0M 1815M| 11  423    0   16k   0 |  23M   20M
30-11 06:34:43| 46  23  32   0   0|   0     0 | 936M  743M 91.0M 1816M| 11  439    0   16k   2 |  23M   21M
30-11 06:34:44| 49  16  35   0   0|   0     0 | 936M  742M 91.0M 1817M| 11  448    0   16k   1 |  23M   20M
30-11 06:34:45| 47  20  33   0   0|   0     0 | 936M  742M 91.0M 1818M| 11  430    0   16k   0 |  26M   24M
30-11 06:34:46| 48  18  34   0   0|   0   104k| 935M  742M 91.0M 1818M| 11  442    0   16k   0 |  22M   19M
30-11 06:34:47| 47  19  34   0   0|   0     0 | 935M  742M 91.0M 1819M| 11  462    0   16k   0 |  23M   21M
30-11 06:34:48| 21   8  72   0   0|   0     0 | 937M  740M 91.0M 1819M| 11   17    0   16k   0 |8602k 7736k
30-11 06:34:49|  0   2  98   0   0|   0     0 | 937M  740M 91.0M 1819M| 11   17    0   16k   0 |   0     0 
30-11 06:34:50|  1   1  98   0   0|   0     0 | 937M  740M 91.0M 1819M| 11   17    0   16k   0 |   0     0 
30-11 06:34:51|  1   2  98   0   0|   0     0 | 937M  740M 91.0M 1819M| 11   17    0   16k   0 |   0     0 
30-11 06:34:52|  1   1  98   0   0|   0   192k| 937M  740M 91.0M 1819M| 11   17    0   16k   0 |  76B   90B
30-11 06:34:53|  1   1  98   0   0|   0     0 | 937M  740M 91.0M 1819M| 11   17    0   15k   0 |   0     0 
30-11 06:34:54|  1   1  98   0   0|   0     0 | 937M  740M 91.0M 1819M| 11   17    0   15k   0 |   0     0 
30-11 06:34:55|  1   1  98   0   0|   0     0 | 937M  740M 91.0M 1819M| 11   17    0   15k   0 | 504B  474B
30-11 06:34:56|  1   1  98   0   0|   0     0 | 937M  740M 91.0M 1819M| 11   17    0   15k   0 | 376B  252B
30-11 06:34:57|  1   1  98   0   0|   0    56k| 937M  740M 91.0M 1819M| 11   17    0   14k   0 |   0     0 
30-11 06:34:58|  1   1  98   0   0|   0    96k| 937M  740M 91.0M 1819M| 11   17    0   14k   0 |   0     0 
30-11 06:34:59|  1   2  92   5   0|   0    21M| 937M  740M 91.0M 1819M| 11   17    0   14k   0 |   0     0 
30-11 06:35:00|  0   1  98   0   0|   0     0 | 937M  740M 91.0M 1819M| 11   17    0   14k   0 |   0     0 
30-11 06:35:01|  1   1  98   0   0|   0     0 | 937M  740M 91.0M 1819M| 11   17    0   13k   0 | 324B  252B
30-11 06:35:02|  1   1  98   0   0|   0  8192B| 937M  740M 91.0M 1819M| 11   17    0   13k   0 |   0     0 
30-11 06:35:03|  1   1  98   0   0|   0   104k| 937M  740M 91.0M 1819M| 11   17    0   13k   0 | 208B  264B
30-11 06:35:04|  1   1  93   5   0|   0    16M| 937M  740M 91.0M 1819M| 11   17    0   13k   0 |   0     0 
30-11 06:35:05|  1   1  90   9   0|   0    18M| 937M  740M 91.0M 1819M| 11   17    0   12k   0 |   0     0 
30-11 06:35:06|  1   1  98   0   0|   0     0 | 937M  740M 91.0M 1819M| 11   17    0   12k   0 |   0     0 
30-11 06:35:07|  1   1  98   0   0|   0     0 | 937M  740M 91.0M 1819M| 11   17    0   12k   0 |   0     0 
30-11 06:35:08|  0   1  98   0   0|   0   104k| 937M  740M 91.0M 1819M| 11   17    0   12k   0 |   0     0 
30-11 06:35:09|  0   1  98   0   0|   0  3456k| 937M  740M 91.0M 1819M| 11   17    0   11k   0 |   0     0 
30-11 06:35:10|  0   1  98   0   0|   0     0 | 937M  740M 91.0M 1819M| 11   17    0   11k   0 |   0     0 
30-11 06:35:11|  1   1  99   0   0|   0     0 | 937M  740M 91.0M 1819M| 11   17    0   11k   0 | 128B  156B
30-11 06:35:12|  1   1  98   0   0|   0     0 | 937M  740M 91.0M 1819M| 11   17    0   11k   0 |   0     0 
30-11 06:35:13|  0   1  99   0   0|   0     0 | 937M  740M 91.0M 1819M| 11   17    0   10k   0 |  28B   42B
30-11 06:35:14|  0   1  98   0   0|   0    72k| 937M  740M 91.0M 1819M| 11   17    0   10k   0 |   0     0 
30-11 06:35:15|  1   0  99   0   0|   0     0 | 937M  740M 91.0M 1819M| 11   17    0    9k   0 |   0     0 
30-11 06:35:16|  0   1  98   0   0|   0     0 | 937M  740M 91.0M 1819M| 11   17    0    9k   0 |   0     0 
30-11 06:35:17|  0   1  98   0   0|   0     0 | 937M  740M 91.0M 1819M| 11   17    0    8k   0 |   0     0 
30-11 06:35:18|  0   0  99   0   0|   0     0 | 937M  740M 91.0M 1819M| 11   17    0    8k   0 | 208B  264B
30-11 06:35:19|  1   1  99   0   0|   0     0 | 937M  740M 91.0M 1819M| 11   17    0    8k   0 |   0     0 
30-11 06:35:20|  0   0  99   0   0|   0    32k| 937M  740M 91.0M 1819M| 11   17    0    8k   0 |   0     0 
30-11 06:35:21|  0   1  99   0   0|   0     0 | 937M  740M 91.0M 1819M| 11   17    0    8k   0 |   0     0 
30-11 06:35:22|  0   1  99   0   0|   0     0 | 937M  740M 91.0M 1819M| 11   17    0    7k   0 |   0     0 
30-11 06:35:23|  0   0  97   2   0|   0  1792k| 937M  740M 91.1M 1819M| 11   17    0    7k   0 |   0     0 
30-11 06:35:24|  0   1  99   0   0|   0     0 | 937M  740M 91.1M 1819M| 11   17    0    6k   0 |   0     0 
30-11 06:35:25|  0   1  99   0   0|   0  8192B| 937M  740M 91.1M 1819M| 11   17    0    6k   0 |   0     0 
30-11 06:35:26|  0   0  99   0   0|   0     0 | 937M  740M 91.1M 1819M| 11   17    0    6k   0 |  52B   66B
30-11 06:35:27|  0   0 100   0   0|   0     0 | 937M  740M 91.1M 1819M| 11   17    0    6k   0 |  76B   90B
30-11 06:35:28|  0   0  99   0   0|   0     0 | 937M  740M 91.1M 1819M| 11   17    0    6k   0 |   0     0 
30-11 06:35:29|  1   0  99   0   0|   0    32k| 937M  740M 91.1M 1819M| 11   17    0    6k   0 |   0     0 
30-11 06:35:30|  0   1  99   0   0|   0     0 | 937M  740M 91.1M 1819M| 11   17    0    5k   0 |   0     0 
30-11 06:35:31|  0   1  99   0   0|   0     0 | 937M  740M 91.1M 1819M| 11   17    0    5k   0 |  28B   42B
30-11 06:35:32|  1   0  99   0   0|   0     0 | 937M  740M 91.1M 1819M| 11   17    0    5k   0 |   0     0 
30-11 06:35:33|  0   0 100   0   0|   0     0 | 937M  740M 91.1M 1819M| 11   17    0    5k   0 | 208B  264B
