----system---- --total-cpu-usage-- -dsk/total- ------memory-usage----- ------tcp-sockets------- -net/total-
     time     |usr sys idl wai stl| read  writ| used  free  buff  cach|lis  act  syn  tim  clo | recv  send
30-11 06:33:28|  5   1  93   1   0| 298k 1843k| 840M 1604M  101M 1064M| 10   11    0   11    0 |   0     0 
30-11 06:33:29|  1   1  97   0   0|   0   344k| 840M 1604M  101M 1064M| 10   11    0   11    0 | 140B   90B
30-11 06:33:30|  0   1  98   2   0|   0  3992k| 840M 1604M  101M 1064M| 10   12    0   11    0 | 932B  844B
30-11 06:33:31|  0   0 100   0   0|   0  1624k| 840M 1604M  101M 1064M| 10   12    0   11    0 |   0     0 
30-11 06:33:32|  0   0  98   2   0|   0  2408k| 841M 1603M  101M 1064M| 10   11    0   11    0 | 144B  187B
30-11 06:33:33|  0   0 100   0   0|   0   272k| 841M 1603M  101M 1064M| 10   11    0   11    0 |   0     0 
30-11 06:33:34|  0   0 100   0   0|   0   144k| 841M 1603M  101M 1064M| 10   12    0   11    0 | 483B  527B
30-11 06:33:35|  0   0 100   0   0|   0     0 | 841M 1603M  101M 1064M| 10   12    0   11    0 | 627B  714B
30-11 06:33:36|  0   0 100   0   0|   0     0 | 841M 1603M  101M 1064M| 10   12    0   11    0 |   0     0 
30-11 06:33:37|  2   2  64  31   0| 256k   26M| 844M 1600M  101M 1064M| 10   13    0   11    0 |2436B 5209B
30-11 06:33:38| 14   3  52  31   0|1312k   16M| 853M 1591M  101M 1063M| 10   13    0   11    0 | 320k  106k
30-11 06:33:39| 15   4  56  26   0|   0    37M| 884M 1555M  101M 1070M| 10   13    0   11    0 |2854k  137k
30-11 06:33:40| 14   2  43  41   0|   0    57M| 900M 1532M  101M 1076M| 10   13    0   11    0 | 939k   16k
30-11 06:33:41| 16   2  66  16   0|   0    41M| 903M 1528M  101M 1077M| 10   12    0   11    0 | 156k  840k
30-11 06:33:42| 25   3  64   9   0|   0    23M| 902M 1528M  101M 1078M| 10   12    0   11    0 | 300k 1232k
30-11 06:33:43| 11   1  82   5   0|   0    10M| 902M 1528M  101M 1078M| 10   12    0   11    0 | 250k  809k
30-11 06:33:44|  0   0 100   0   0|   0     0 | 902M 1528M  101M 1078M| 10   12    0   11    0 |   0     0 
30-11 06:33:45|  6   0  92   1   0|   0  2032k| 902M 1528M  101M 1078M| 10   12    0   11    0 | 150k  459k
30-11 06:33:46|  0   0  99   1   0|   0   456k| 901M 1528M  101M 1079M| 10   12    0   11    0 | 191B  244B
30-11 06:33:47|  0   0 100   0   0|   0    80k| 901M 1528M  101M 1079M| 10   12    0   11    0 |  28B   42B
30-11 06:33:48| 15   2  70  13   0|  32k   15M| 902M 1526M  101M 1080M| 10   16    0   11    0 | 702k  872k
30-11 06:33:49| 66  12  18   2   0|   0    12M| 939M 1484M  101M 1085M| 10   27    0   11    0 |2370k   17M
30-11 06:33:50| 80  14   6   0   0|   0  3424k| 943M 1474M  101M 1091M| 10   28    0   11    0 |2817k   21M
30-11 06:33:51| 77  19   2   3   0|   0    34M| 951M 1461M  101M 1096M| 10   29    0   11    0 |2434k   23M
30-11 06:33:52| 80  16   4   1   0|   0  3096k| 953M 1453M  101M 1101M| 10   29    0   11    0 |2483k   25M
30-11 06:33:53| 82  14   4   1   0|   0  7040k| 956M 1445M  101M 1106M| 10   29    0   11    0 |2449k   27M
30-11 06:33:54| 80  12   4   4   0|   0    28M| 958M 1438M  101M 1112M| 10   29    0   11    0 |2571k   27M
30-11 06:33:55| 78  15   4   3   0|   0    26M| 960M 1431M  101M 1117M| 10   29    0   11    0 |2292k   23M
30-11 06:33:56| 68  12   6  14   0|   0    94M| 965M 1422M  101M 1122M| 10   29    0   11    0 |2157k   19M
30-11 06:33:57| 77  15   5   3   0|   0    24M| 966M 1415M  101M 1127M| 10   29    0   11    0 |2276k   27M
30-11 06:33:58| 80  16   4   0   0|   0  3752k| 968M 1408M  101M 1132M| 10   29    0   11    0 |2447k   28M
30-11 06:33:59| 80  16   4   0   0|   0  4928k| 973M 1398M  101M 1138M| 10   29    0   11    0 |2697k   24M
30-11 06:34:00| 80  17   2   0   0|   0  6752k| 977M 1388M  101M 1143M| 10   29    0   11    0 |2451k   24M
30-11 06:34:01| 84  13   3   0   0|  72k 9920k| 981M 1379M  101M 1148M| 10   29    0   11    0 |2503k   26M
30-11 06:34:02| 79  16   4   1   0|   0  8384k| 984M 1370M  101M 1154M| 10   29    0   11    0 |2591k   28M
30-11 06:34:03| 76  12   7   5   0|   0    24M| 987M 1362M  101M 1159M| 10   29    0   11    0 |2518k   22M
30-11 06:34:04| 72  14   7   6   0|   0    28M| 990M 1354M  101M 1164M| 10   29    0   11    0 |2271k   24M
30-11 06:34:05| 82  13   4   1   0|  32k   10M| 993M 1346M  101M 1169M| 10   29    0   11    0 |2606k   24M
30-11 06:34:06| 80  15   4   1   0|   0    12M| 997M 1336M  101M 1175M| 10   29    0   11    0 |2644k   20M
30-11 06:34:07| 78  18   4   1   0|   0    10M|1000M 1328M  101M 1180M| 10   29    0   11    0 |2219k   21M
30-11 06:34:08| 82  14   2   1   0|   0    10M|1002M 1321M  101M 1185M| 10   29    0   11    0 |2516k   23M
30-11 06:34:09| 76  16   5   2   1|   0    15M|1004M 1314M  101M 1190M| 10   29    0   11    0 |2381k   25M
30-11 06:34:10| 79  14   5   2   0|   0    16M|1006M 1307M  101M 1195M| 10   29    0   11    0 |2257k   23M
30-11 06:34:11| 70  19   7   5   0|   0    24M|1008M 1299M  101M 1200M| 10   29    0   11    0 |2533k   20M
30-11 06:34:12| 76  10   6   8   0|   0    41M|1010M 1293M  101M 1205M| 10   29    0   11    0 |2165k   21M
30-11 06:34:13| 74  17   7   2   0|   0    10M|1012M 1286M  101M 1210M| 10   29    0   11    0 |2362k   23M
30-11 06:34:14| 80  17   2   2   0|   0    11M|1014M 1278M  101M 1216M| 10   29    0   11    0 |2575k   21M
30-11 06:34:15| 78  16   4   2   0|   0    12M|1016M 1271M  101M 1221M| 10   29    0   11    0 |2314k   23M
30-11 06:34:16| 76  16   6   2   0|   0    18M|1017M 1265M  101M 1225M| 10   29    0   11    0 |2273k   23M
30-11 06:34:17| 78  15   5   2   0|   0    11M|1019M 1257M  101M 1231M| 10   29    0   11    0 |2457k   24M
30-11 06:34:18| 77  15   5   3   0|   0    18M|1020M 1252M  101M 1235M| 10   29    0   11    0 |2263k   23M
30-11 06:34:19| 81  12   4   2   0|   0    13M|1022M 1245M  101M 1241M| 10   29    0   11    0 |2416k   24M
30-11 06:34:20| 80  15   4   1   0|   0    11M|1023M 1238M  101M 1246M| 10   29    0   11    0 |2174k   26M
30-11 06:34:21| 81  14   4   2   0|   0    11M|1024M 1231M  101M 1251M| 10   29    0   11    0 |2465k   25M
30-11 06:34:22| 78  16   4   2   0|   0    13M|1026M 1225M  101M 1256M| 10   29    0   11    0 |2586k   22M
30-11 06:34:23| 78  15   4   3   0|   0    20M|1027M 1218M  101M 1261M| 10   29    0   11    0 |2390k   22M
30-11 06:34:24| 79  16   4   1   0|   0    11M|1029M 1211M  101M 1267M| 10   29    0   11    0 |2540k   28M
30-11 06:34:25| 81  13   4   2   0|   0    12M|1030M 1204M  101M 1272M| 10   29    0   11    0 |2298k   27M
30-11 06:34:26| 72  18   7   4   0|   0    27M|1032M 1197M  101M 1277M| 10   29    0    7    0 |2391k   24M
30-11 06:34:27| 81  15   2   1   0|   0    84M|1034M 1190M  101M 1282M| 10   29    0    7    0 |2257k   21M
30-11 06:34:28| 81  12   3   3   0|   0   181M|1038M 1181M  101M 1287M| 10   29    0    7    0 |2375k   22M
30-11 06:34:29| 81  12   6   1   0|   0    13M|1039M 1174M  101M 1292M| 10   29    0    0    0 |2531k   26M
30-11 06:34:30| 79  15   5   1   0|   0    12M|1042M 1167M  101M 1297M| 10   29    0    0    0 |2425k   28M
30-11 06:34:31| 77  14   8   1   0|   0    13M|1044M 1158M  101M 1303M| 10   29    0    0    0 |2537k   25M
30-11 06:34:32| 81  16   2   2   0|   0    13M|1046M 1151M  101M 1308M| 10   29    0    0    0 |2431k   25M
30-11 06:34:33| 77  13   7   3   0|   0    21M|1049M 1144M  101M 1313M| 10   29    0    0    0 |2308k   23M
30-11 06:34:34| 77  12   7   4   0|   0    20M|1051M 1136M  101M 1318M| 10   29    0    0    0 |2373k   22M
30-11 06:34:35| 78  17   5   1   0|   0    13M|1053M 1129M  101M 1323M| 10   29    0    0    0 |2405k   25M
30-11 06:34:36| 77  16   5   2   0|   0    14M|1054M 1122M  101M 1328M| 10   29    0    0    0 |2384k   26M
30-11 06:34:37| 79  13   6   1   0|   0    12M|1056M 1115M  101M 1333M| 10   29    0    0    0 |2336k   24M
30-11 06:34:38| 82  13   4   1   0|   0    11M|1059M 1107M  101M 1338M| 10   29    0    0    0 |2235k   24M
30-11 06:34:39| 82  14   3   1   0|   0    13M|1062M 1099M  101M 1343M| 10   29    0    0    0 |2426k   25M
30-11 06:34:40| 81  13   5   1   0|   0    20M|1065M 1091M  101M 1348M| 10   29    0    0    0 |2399k   21M
30-11 06:34:41| 76  15   6   3   0|   0    22M|1067M 1083M  101M 1354M| 10   29    0    0    0 |2418k   21M
30-11 06:34:42| 79  15   4   2   0|   0    12M|1068M 1077M  101M 1359M| 10   29    0    0    0 |2479k   22M
30-11 06:34:43| 81  15   4   1   0|   0    13M|1070M 1069M  101M 1365M| 10   29    0    0    0 |2645k   22M
30-11 06:34:44| 78  14   5   2   0|   0    12M|1040M 1094M  101M 1370M| 10   29    0    0    0 |2564k   20M
30-11 06:34:45| 78  15   6   1   0|   0    11M|1041M 1088M  101M 1374M| 10   29    0    0    0 |2114k   24M
30-11 06:34:46| 80  14   4   2   0|   0    11M|1042M 1081M  101M 1380M| 10   29    0    0    0 |2436k   23M
30-11 06:34:47| 80  15   4   2   0|   0    20M|1044M 1074M  101M 1385M| 10   29    0    0    0 |2481k   22M
30-11 06:34:48| 49  10  36   4   0|   0    12M|1045M 1070M  101M 1388M| 10   16    0    0    0 |1419k   13M
30-11 06:34:49|  0   0  94   5   0|   0  8936k|1045M 1070M  101M 1388M| 10   16    0    0    0 |   0     0 
30-11 06:34:50|  0   0  96   4   0|   0  7720k|1045M 1070M  101M 1388M| 10   16    0    0    0 |  76B   90B
30-11 06:34:51|  1   0  87  12   0|   0    14M|1045M 1070M  101M 1388M| 10   16    0    0    0 |   0     0 
30-11 06:34:52|  0   1  87  13   0|   0    14M|1045M 1070M  101M 1388M| 10   16    0    0    0 |   0     0 
30-11 06:34:53|  0   0  88  12   0|   0    14M|1045M 1070M  101M 1388M| 10   16    0    0    0 |   0     0 
30-11 06:34:54|  0   0  99   1   0|   0  2160k|1045M 1070M  101M 1388M| 10   16    0    0    0 |   0     0 
30-11 06:34:55|  0   0  99   1   0|   0  2152k|1045M 1070M  101M 1388M| 10   16    0    0    0 |   0     0 
30-11 06:34:56|  0   1  89  10   0|   0    13M|1045M 1070M  101M 1388M| 10   16    0    0    0 |  52B   66B
30-11 06:34:57|  0   0  95   5   0|   0  6328k|1045M 1070M  101M 1388M| 10   16    0    0    0 |   0     0 
30-11 06:34:58|  0   0 100   0   0|   0     0 |1045M 1070M  101M 1388M| 10   16    0    0    0 |   0     0 
30-11 06:34:59|  0   1  73  25   0|   0   155M|1045M 1070M  101M 1388M| 10   16    0    0    0 |   0     0 
30-11 06:35:00|  0   0 100   0   0|   0     0 |1045M 1070M  101M 1388M| 10   16    0    0    0 |   0     0 
30-11 06:35:01|  0   0 100   0   0|   0     0 |1045M 1070M  101M 1388M| 10   16    0    0    0 |   0     0 
30-11 06:35:02|  0   0 100   0   0|   0     0 |1045M 1070M  101M 1388M| 10   16    0    0    0 |   0     0 
30-11 06:35:03|  0   0 100   0   0|   0   136k|1045M 1070M  101M 1388M| 10   16    0    0    0 | 208B  264B
30-11 06:35:04|  0   0  94   6   0|   0  7296k|1045M 1070M  101M 1388M| 10   16    0    0    0 |   0     0 
30-11 06:35:05|  0   0  99   1   0|   0   304k|1045M 1070M  101M 1388M| 10   16    0    0    0 |   0     0 
30-11 06:35:06|  0   0 100   0   0|   0     0 |1045M 1070M  101M 1388M| 10   16    0    0    0 |  76B   90B
30-11 06:35:07|  0   0 100   0   0|   0     0 |1045M 1070M  101M 1388M| 10   16    0    0    0 |   0     0 
30-11 06:35:08|  0   0 100   0   0|   0    72k|1045M 1070M  101M 1388M| 10   16    0    0    0 |   0     0 
30-11 06:35:09|  0   0 100   0   0|   0     0 |1045M 1070M  101M 1388M| 10   16    0    0    0 |   0     0 
30-11 06:35:10|  0   0 100   0   0|   0     0 |1045M 1070M  101M 1388M| 10   16    0    0    0 |   0     0 
30-11 06:35:11|  0   0 100   0   0|   0    32k|1045M 1070M  101M 1388M| 10   16    0    0    0 |  52B   66B
30-11 06:35:12|  0   0 100   0   0|   0     0 |1045M 1070M  101M 1388M| 10   16    0    0    0 |   0     0 
30-11 06:35:13|  0   0 100   0   0|   0    64k|1045M 1070M  101M 1388M| 10   16    0    0    0 |   0     0 
30-11 06:35:14|  0   0  99   1   0|   0   568k|1045M 1070M  101M 1388M| 10   16    0    0    0 |   0     0 
30-11 06:35:15|  0   0 100   0   0|   0     0 |1045M 1070M  101M 1388M| 10   16    0    0    0 |   0     0 
30-11 06:35:16|  0   0 100   0   0|   0    64k|1045M 1070M  101M 1388M| 10   16    0    0    0 |   0     0 
30-11 06:35:17|  0   0 100   0   0|   0     0 |1045M 1070M  101M 1388M| 10   16    0    0    0 |   0     0 
30-11 06:35:18|  0   0 100   0   0|   0     0 |1045M 1070M  101M 1388M| 10   16    0    0    0 | 208B  264B
30-11 06:35:19|  0   0 100   0   0|   0     0 |1045M 1069M  101M 1388M| 10   16    0    0    0 | 752B 1180B
30-11 06:35:20|  0   0 100   0   0|   0    48k|1045M 1069M  101M 1388M| 10   16    0    0    0 | 420B  330B
30-11 06:35:21|  0   0  99   0   0|   0    40k|1045M 1069M  101M 1388M| 10   16    0    0    0 | 280B  584B
30-11 06:35:22|  0   0 100   0   0|   0     0 |1045M 1069M  101M 1388M| 10   16    0    0    0 | 192B  292B
30-11 06:35:23|  0   0 100   0   0|   0    80k|1045M 1069M  101M 1388M| 10   16    0    0    0 |  76B   90B
30-11 06:35:24|  0   0  99   1   0|   0   592k|1045M 1069M  101M 1388M| 10   16    0    0    0 | 420B  330B
30-11 06:35:25|  0   0 100   0   0|   0    48k|1045M 1069M  101M 1388M| 10   16    0    0    0 | 560B  440B
30-11 06:35:26|  1   1  98   0   0|   0     0 |1045M 1069M  101M 1388M| 10   16    0    0    0 |2536B 3828B
30-11 06:35:27|  0   0 100   0   0|   0    32k|1045M 1069M  101M 1388M| 10   16    0    0    0 | 352B  132B
