----system---- --total-cpu-usage-- -dsk/total- ------memory-usage----- ------tcp-sockets------- -net/total-
     time     |usr sys idl wai stl| read  writ| used  free  buff  cach|lis  act  syn  tim  clo | recv  send
30-11 06:33:25|  5   1  93   0   0| 236k  609k| 848M 1434M 77.3M 1241M| 10   11    0    7    0 |   0     0 
30-11 06:33:26|  1   1  98   0   0|  64k  264k| 848M 1434M 77.3M 1241M| 10   11    0    7    0 |  64B  110B
30-11 06:33:27|  0   0  98   2   0|   0  3952k| 848M 1434M 77.4M 1241M| 10   11    0    7    0 |   0     0 
30-11 06:33:28|  0   0 100   0   0|   0  1600k| 848M 1434M 77.4M 1241M| 10   11    0    7    0 |   0     0 
30-11 06:33:29|  0   0  99   1   0|   0  2408k| 848M 1434M 77.4M 1241M| 10   11    0    7    0 |   0     0 
30-11 06:33:30|  0   0  99   1   0|   0   296k| 848M 1434M 77.4M 1241M| 10   11    0    7    0 |   0     0 
30-11 06:33:31|  0   0 100   0   0|   0   128k| 848M 1434M 77.4M 1241M| 10   11    0    7    0 |   0     0 
30-11 06:33:32|  0   0 100   0   0|   0     0 | 848M 1434M 77.4M 1241M| 10   11    0    7    0 |   0     0 
30-11 06:33:33|  0   0 100   0   0|   0     0 | 848M 1434M 77.4M 1241M| 10   11    0    7    0 |   0     0 
30-11 06:33:34|  0   0 100   0   0|   0     0 | 848M 1434M 77.4M 1241M| 10   11    0    7    0 |   0     0 
30-11 06:33:35|  0   0 100   0   0|   0     0 | 848M 1434M 77.4M 1241M| 10   11    0    7    0 |   0     0 
30-11 06:33:36|  0   0  99   0   0|  64k    0 | 848M 1434M 77.4M 1241M| 10   11    0    7    0 |  63B   93B
30-11 06:33:37|  0   0  99   1   0|   0   224k| 848M 1434M 77.4M 1241M| 10   11    0    7    0 |  76B   90B
30-11 06:33:38|  0   0  97   3   0|   0  2792k| 848M 1434M 77.4M 1241M| 10   11    0    7    0 |   0     0 
30-11 06:33:39|  0   0 100   0   0|   0     0 | 848M 1434M 77.4M 1241M| 10   11    0    7    0 |   0     0 
30-11 06:33:40|  2   0  98   0   0|  64k   56k| 848M 1434M 77.4M 1241M| 10   11    0    7    0 | 970B 1509B
30-11 06:33:41|  1   1  98   1   0| 224k  600k| 848M 1433M 77.5M 1242M| 10   11    0    9    0 | 705B  743B
30-11 06:33:42|  0   0  99   0   0|   0    72k| 848M 1433M 77.5M 1242M| 10   11    0    9    0 |   0     0 
30-11 06:33:43|  1   1  97   1   0|  64k 1520k| 848M 1433M 77.5M 1241M| 10   11    0   11    0 | 630B  644B
30-11 06:33:44|  0   0 100   0   0|   0    72k| 848M 1433M 77.5M 1241M| 10   11    0   11    0 |   0     0 
30-11 06:33:45|  0   0 100   0   0|   0   128k| 848M 1433M 77.5M 1241M| 10   11    0   11    0 |   0     0 
30-11 06:33:46|  0   0 100   0   0|   0     0 | 848M 1433M 77.5M 1241M| 10   11    0   11    0 |   0     0 
30-11 06:33:47|  4   2  94   0   0|   0    96k| 850M 1431M 77.5M 1242M| 10   11    0   19    0 |2683B 2776B
30-11 06:33:48| 48  16  35   2   0|   0  9448k| 855M 1424M 77.5M 1243M| 10   14    0   53    0 |  31k   46k
30-11 06:33:49| 63  12  25   0   0|   0   176k| 857M 1420M 77.6M 1245M| 10   11    0   92    0 |  38k   58k
30-11 06:33:50| 64  15  21   0   0|   0   240k| 858M 1417M 77.6M 1247M| 10   11    0  131    3 |  39k   59k
30-11 06:33:51| 62  18  20   0   0|   0   232k| 858M 1415M 77.6M 1250M| 10   11    0  165    0 |  41k   65k
30-11 06:33:52| 62  18  20   0   0|   0   592k| 859M 1412M 77.6M 1252M| 10   14    0  195    0 |  41k   65k
30-11 06:33:53| 72  18  10   1   0|   0    21M| 858M 1410M 77.6M 1254M| 10   11    0  233    0 |  45k   73k
30-11 06:33:54| 79  18   3   0   0|  32k  304k| 858M 1408M 77.6M 1257M| 10   17    0  262    0 |  50k   79k
30-11 06:33:55| 74  21   5   0   0|   0   816k| 858M 1404M 77.6M 1260M| 10   11    0  292    0 |  50k   83k
30-11 06:33:56| 78  19   4   0   0|   0   936k| 857M 1402M 77.6M 1263M| 10   14    0  317    0 |  51k   82k
30-11 06:33:57| 79  20   1   0   0|   0   840k| 859M 1397M 77.6M 1266M| 10   11    0  347    0 |  54k   87k
30-11 06:33:58| 76  22   2   0   0|  32k   20M| 858M 1395M 77.6M 1269M| 10   14    0  379    0 |  51k   81k
30-11 06:33:59| 81  18   0   0   0|   0    24M| 858M 1391M 77.6M 1273M| 10   17    0  411    0 |  53k   85k
30-11 06:34:00| 74  24   1   0   0|   0   808k| 861M 1386M 77.7M 1275M| 10   17    0  441    0 |  53k   86k
30-11 06:34:01| 82  17   0   0   0|  64k  704k| 863M 1381M 77.7M 1278M| 10   17    0  475    0 |  52k   84k
30-11 06:34:02| 80  20   1   0   0|   0   832k| 860M 1381M 77.7M 1282M| 10   11    0  510    0 |  52k   85k
30-11 06:34:03| 83  16   1   1   0|   0   880k| 860M 1378M 77.7M 1285M| 10   17    0  534    0 |  53k   84k
30-11 06:34:04| 80  19   1   0   0|   0    24M| 861M 1373M 77.7M 1288M| 10   14    0  567    0 |  52k   85k
30-11 06:34:05| 78  21   0   0   0|   0   760k| 864M 1368M 77.7M 1291M| 10   16    0  600    1 |  53k   83k
30-11 06:34:06| 79  20   0   0   0|   0   760k| 863M 1365M 77.7M 1294M| 10   14    0  630    0 |  53k   87k
30-11 06:34:07| 80  20   0   0   0|   0   784k| 863M 1363M 77.7M 1297M| 10   14    0  661    0 |  53k   87k
30-11 06:34:08| 79  21   0   0   0|   0   808k| 861M 1361M 77.7M 1301M| 10   17    0  690    0 |  53k   85k
30-11 06:34:09| 75  24   2   0   0|   0   864k| 862M 1357M 77.7M 1304M| 10   11    0  717    0 |  53k   87k
30-11 06:34:10| 78  20   1   0   0|   0   736k| 863M 1352M 77.7M 1307M| 10   12    0  746    0 |  54k   86k
30-11 06:34:11| 80  19   1   0   0|   0   776k| 861M 1352M 77.7M 1310M| 10   14    0  775    0 |  52k   85k
30-11 06:34:12| 71  27   2   0   0|   0   808k| 861M 1349M 77.7M 1313M| 10   11    0  804    0 |  52k   86k
30-11 06:34:13| 80  20   1   0   0|   0   824k| 862M 1345M 77.8M 1316M| 10   17    0  829    0 |  54k   85k
30-11 06:34:14| 80  19   1   0   0|   0   176k| 865M 1339M 77.8M 1319M| 10   11    0  858    0 |  54k   89k
30-11 06:34:15| 76  22   2   0   0|   0   224k| 869M 1331M 77.8M 1322M| 10   14    0  885    0 |  52k   85k
30-11 06:34:16| 81  18   2   0   0|   0   232k| 869M 1328M 77.8M 1325M| 10   14    0  912    0 |  52k   85k
30-11 06:34:17| 81  17   2   0   0|   0   184k| 866M 1328M 77.8M 1328M| 10   11    0  946    0 |  52k   85k
30-11 06:34:18| 79  20   1   0   0|   0   288k| 865M 1326M 77.8M 1331M| 10   14    0  974    0 |  54k   88k
30-11 06:34:19| 80  20   1   0   0|   0    40M| 866M 1322M 77.8M 1334M| 10   17    0    1k   0 |  53k   84k
30-11 06:34:20| 78  19   2   0   0|   0   232k| 869M 1316M 77.8M 1338M| 10   11    0    1k   0 |  51k   86k
30-11 06:34:21| 77  21   2   0   0|   0   208k| 868M 1313M 77.8M 1341M| 10   14    0    1k   0 |  52k   83k
30-11 06:34:22| 79  20   1   0   0|   0   288k| 868M 1311M 77.8M 1344M| 10   17    0    1k   0 |  53k   87k
30-11 06:34:23| 79  21   0   0   0|   0   368k| 868M 1307M 77.8M 1347M| 10   11    0    1k   0 |  53k   86k
30-11 06:34:24| 80  19   1   0   0|   0    17M| 866M 1306M 77.8M 1350M| 10   14    0    1k   0 |  53k   85k
30-11 06:34:25| 78  21   1   0   0|   0   688k| 867M 1302M 77.8M 1353M| 10   11    0    1k   0 |  54k   88k
30-11 06:34:26| 78  21   2   0   0|   0   800k| 866M 1300M 77.8M 1356M| 10   14    0    1k   0 |  55k   90k
30-11 06:34:27| 79  20   1   0   0|   0   776k| 863M 1300M 77.8M 1360M| 10   11    0    1k   0 |  54k   88k
30-11 06:34:28| 74  26   0   0   0|   0   976k| 863M 1297M 77.9M 1363M| 10   17    0    1k   0 |  54k   88k
30-11 06:34:29| 74  22   1   2   0|  32k  126M| 868M 1289M 77.9M 1366M| 10   17    0    1k   0 |  51k   82k
30-11 06:34:30| 79  19   2   0   0|   0    42M| 867M 1287M 77.9M 1369M| 10   11    0    1k   0 |  51k   84k
30-11 06:34:31| 78  20   2   0   0|   0   792k| 865M 1286M 77.9M 1371M| 10   14    0    1k   0 |  51k   82k
30-11 06:34:32| 80  20   0   0   0|   0   792k| 867M 1281M 77.9M 1375M| 10   11    0    1k   0 |  51k   84k
30-11 06:34:33| 79  19   2   0   0|   0   848k| 868M 1276M 77.9M 1378M| 10   11    0    1k   0 |  54k   86k
30-11 06:34:34| 78  20   2   1   0|   0  1720k| 869M 1272M 77.9M 1381M| 10   17    0    1k   0 |  52k   84k
30-11 06:34:35| 79  20   1   0   0|   0    29M| 868M 1271M 77.9M 1384M| 10   17    0    1k   0 |  53k   86k
30-11 06:34:36| 80  19   0   0   0|   0   752k| 868M 1267M 77.9M 1387M| 10   17    0    1k   0 |  53k   85k
30-11 06:34:37| 76  22   2   1   0|   0   856k| 864M 1265M 77.9M 1393M| 10   17    0    2k   0 |  53k   87k
30-11 06:34:38| 77  22   1   0   0|   0   832k| 864M 1263M 77.9M 1396M| 10   15    0    2k   0 |  52k   86k
30-11 06:34:39| 76  23   0   0   0|   0   760k| 864M 1259M 77.9M 1399M| 10   14    0    2k   0 |  52k   85k
30-11 06:34:40| 76  24   1   0   0|   0   792k| 864M 1256M 77.9M 1402M| 10   11    0    2k   0 |  53k   87k
30-11 06:34:41| 80  19   0   0   0|   0   776k| 865M 1252M 77.9M 1406M| 10   11    0    2k   0 |  53k   84k
30-11 06:34:42| 78  21   0   0   0|   0   768k| 866M 1247M 77.9M 1409M| 10   14    0    2k   0 |  52k   82k
30-11 06:34:43| 82  18   0   0   0|   0   808k| 864M 1245M 77.9M 1413M| 10   14    0    2k   0 |  52k   84k
30-11 06:34:44| 79  19   1   0   0|   0   880k| 865M 1241M 78.0M 1417M| 10   14    0    2k   0 |  52k   85k
30-11 06:34:45| 75  24   1   0   0|   0   768k| 865M 1238M 78.0M 1420M| 10   11    0    2k   0 |  52k   86k
30-11 06:34:46| 81  17   1   0   0|   0   896k| 864M 1235M 78.0M 1423M| 10   11    0    2k   0 |  52k   84k
30-11 06:34:47| 78  22   1   0   0|   0   848k| 865M 1232M 78.0M 1426M| 10   17    0    2k   0 |  53k   85k
30-11 06:34:48| 19   5  76   1   0|   0   680k| 865M 1231M 78.0M 1427M| 10   11    0    2k   0 |  11k   20k
30-11 06:34:49|  0   0  99   0   0|   0   608k| 865M 1231M 78.0M 1427M| 10   11    0    2k   0 |   0     0 
30-11 06:34:50|  1   0  88  12   0|   0    36M| 865M 1231M 78.1M 1427M| 10   11    0    2k   0 |   0     0 
30-11 06:34:51|  0   1  86  13   0|   0    24M| 865M 1231M 78.2M 1427M| 10   11    0    2k   0 |   0     0 
30-11 06:34:52|  0   0  94   6   0|   0    10M| 865M 1231M 78.4M 1427M| 10   11    0    2k   0 |   0     0 
30-11 06:34:53|  1   0  95   4   0|   0  8576k| 865M 1231M 78.4M 1427M| 10   11    0    2k   0 |   0     0 
30-11 06:34:54|  0   0  96   4   0|   0  5496k| 864M 1231M 78.5M 1427M| 10   11    0    2k   0 |   0     0 
30-11 06:34:55|  1   1  95   4   0|   0    18M| 864M 1231M 78.6M 1427M| 10   11    0    2k   0 |   0     0 
30-11 06:34:56|  0   0 100   0   0|   0   144k| 864M 1231M 78.6M 1427M| 10   11    0    2k   0 |   0     0 
30-11 06:34:57|  0   0 100   0   0|   0     0 | 864M 1231M 78.6M 1427M| 10   11    0    2k   0 |   0     0 
30-11 06:34:58|  0   0 100   0   0|   0     0 | 864M 1231M 78.6M 1427M| 10   11    0    2k   0 |  76B   90B
30-11 06:34:59|  0   0  99   0   0|   0    40k| 864M 1231M 78.6M 1427M| 10   11    0    1k   0 |   0     0 
30-11 06:35:00|  0   0  94   5   0|   0    36M| 864M 1231M 78.6M 1427M| 10   11    0    1k   0 |   0     0 
30-11 06:35:01|  0   0  95   5   0|   0    43M| 864M 1231M 78.6M 1427M| 10   11    0    1k   0 |   0     0 
30-11 06:35:02|  0   0 100   0   0|   0   104k| 864M 1231M 78.6M 1427M| 10   11    0    1k   0 |   0     0 
30-11 06:35:03|  0   0 100   0   0|   0     0 | 864M 1231M 78.6M 1427M| 10   11    0    1k   0 |   0     0 
30-11 06:35:04|  0   0 100   0   0|   0     0 | 864M 1231M 78.6M 1427M| 10   11    0    1k   0 |   0     0 
30-11 06:35:05|  0   0 100   0   0|   0    24k| 864M 1231M 78.6M 1427M| 10   11    0    1k   0 |   0     0 
30-11 06:35:06|  0   0 100   0   0|   0     0 | 864M 1231M 78.6M 1427M| 10   11    0    1k   0 |   0     0 
30-11 06:35:07|  0   0 100   0   0|   0    48k| 864M 1231M 78.6M 1427M| 10   11    0    1k   0 |   0     0 
30-11 06:35:08|  0   0 100   0   0|   0     0 | 864M 1231M 78.6M 1427M| 10   11    0    1k   0 |   0     0 
30-11 06:35:09|  0   0  99   0   0|   0     0 | 864M 1231M 78.6M 1427M| 10   11    0    1k   0 |   0     0 
30-11 06:35:10|  0   0 100   0   0|   0    40k| 864M 1231M 78.6M 1427M| 10   11    0    1k   0 |   0     0 
30-11 06:35:11|  0   0 100   0   0|   0     0 | 864M 1231M 78.6M 1427M| 10   11    0    1k   0 |   0     0 
30-11 06:35:12|  0   0 100   0   0|   0    48k| 864M 1231M 78.6M 1427M| 10   11    0    1k   0 |   0     0 
30-11 06:35:13|  0   0 100   0   0|   0     0 | 864M 1231M 78.6M 1427M| 10   11    0    1k   0 |   0     0 
30-11 06:35:14|  0   0 100   0   0|   0     0 | 864M 1231M 78.6M 1427M| 10   11    0    1k   0 |  76B   90B
30-11 06:35:15|  0   0 100   0   0|   0     0 | 864M 1231M 78.6M 1427M| 10   11    0  974    0 |   0     0 
30-11 06:35:16|  0   0 100   0   0|   0    32k| 864M 1231M 78.6M 1427M| 10   11    0  974    0 |   0     0 
30-11 06:35:17|  0   0 100   0   0|   0   176k| 864M 1231M 78.6M 1427M| 10   11    0  913    0 |   0     0 
30-11 06:35:18|  0   0 100   0   0|   0    48k| 864M 1231M 78.6M 1427M| 10   11    0  913    0 |   0     0 
30-11 06:35:19|  0   0 100   0   0|   0     0 | 864M 1231M 78.6M 1427M| 10   11    0  851    0 |   0     0 
30-11 06:35:20|  0   0 100   0   0|   0     0 | 864M 1231M 78.6M 1427M| 10   11    0  851    0 |  28B   42B
30-11 06:35:21|  0   0 100   0   0|   0    40k| 864M 1231M 78.6M 1427M| 10   11    0  796    0 |   0     0 
30-11 06:35:22|  0   0 100   0   0|   0     0 | 864M 1231M 78.6M 1427M| 10   11    0  796    0 |   0     0 
30-11 06:35:23|  0   0 100   0   0|   0    64k| 864M 1231M 78.6M 1427M| 10   11    0  729    0 |   0     0 
30-11 06:35:24|  0   0 100   0   0|   0     0 | 864M 1231M 78.6M 1427M| 10   11    0  729    0 |   0     0 
