----system---- --total-cpu-usage-- -dsk/total- ------memory-usage----- ------tcp-sockets------- -net/total-
     time     |usr sys idl wai stl| read  writ| used  free  buff  cach|lis  act  syn  tim  clo | recv  send
30-11 05:29:02|  5   1  93   1   0| 406k 1633k| 855M 1603M 95.6M 1059M| 10   11    0    7   10 |   0     0 
30-11 05:29:03|  1   1  98   0   0|  32k  312k| 855M 1603M 95.6M 1059M| 10   11    0   17    0 | 596B  750B
30-11 05:29:04|  0   0  98   2   0|   0  3984k| 855M 1603M 95.6M 1059M| 10   11    0   17    0 |   0     0 
30-11 05:29:05|  0   0 100   0   0|   0  1600k| 855M 1602M 95.6M 1059M| 10   11    0   17    0 |  76B   90B
30-11 05:29:06|  0   0  99   1   0|   0  2448k| 855M 1602M 95.6M 1059M| 10   11    0   17    0 |  76B   90B
30-11 05:29:07|  1   0  99   0   0|   0   296k| 855M 1602M 95.6M 1059M| 10   12    0   17    0 | 932B  844B
30-11 05:29:08|  0   0 100   0   0|   0   192k| 855M 1602M 95.6M 1059M| 10   12    0   17    0 |   0     0 
30-11 05:29:09|  0   0 100   0   0|   0     0 | 855M 1602M 95.6M 1059M| 10   11    0   17    0 | 144B  187B
30-11 05:29:10|  0   0 100   0   0|   0     0 | 855M 1602M 95.6M 1059M| 10   11    0   17    0 |   0     0 
30-11 05:29:11|  0   0  99   0   0|   0     0 | 855M 1602M 95.6M 1059M| 10   12    0   17    0 | 483B  527B
30-11 05:29:12|  0   0 100   0   0|   0     0 | 855M 1602M 95.6M 1059M| 10   12    0   17    0 | 627B  714B
30-11 05:29:13|  0   0 100   0   0|   0    40k| 855M 1602M 95.6M 1059M| 10   12    0   17    0 |   0     0 
30-11 05:29:14|  0   0 100   0   0|   0    56k| 855M 1602M 95.6M 1059M| 10   12    0   17    0 |   0     0 
30-11 05:29:15|  0   0 100   0   0|   0     0 | 855M 1602M 95.6M 1059M| 10   12    0   17    0 |   0     0 
30-11 05:29:16|  0   0 100   0   0|   0     0 | 855M 1602M 95.6M 1059M| 10   12    0   17    0 |   0     0 
30-11 05:29:17|  0   0 100   0   0|   0     0 | 855M 1602M 95.6M 1059M| 10   12    0   17    0 |   0     0 
30-11 05:29:18|  0   0 100   0   0|   0     0 | 855M 1602M 95.6M 1059M| 10   12    0   17    0 |   0     0 
30-11 05:29:19|  0   0 100   0   0|   0    80k| 855M 1602M 95.6M 1059M| 10   12    0   17    0 |   0     0 
30-11 05:29:20|  0   0 100   0   0|   0     0 | 855M 1602M 95.6M 1059M| 10   12    0   17    0 |   0     0 
30-11 05:29:21|  0   0 100   0   0|   0     0 | 855M 1602M 95.6M 1059M| 10   12    0   17    0 |  76B   90B
30-11 05:29:22|  0   0 100   0   0|   0     0 | 855M 1602M 95.6M 1059M| 10   12    0   17    0 |   0     0 
30-11 05:29:23|  0   0 100   0   0|   0     0 | 855M 1602M 95.6M 1059M| 10   12    0   17    0 |   0     0 
30-11 05:29:24|  2   1  79  17   0| 576k 9752k| 857M 1601M 95.7M 1059M| 10   13    0   17    0 |2328B 5044B
30-11 05:29:25|  8   4  43  45   0|1600k   37M| 861M 1596M 95.9M 1059M| 10   13    0   17    0 |  88k   33k
30-11 05:29:26| 15   5  61  19   0|   0    28M| 889M 1562M 96.0M 1066M| 10   13    0   17    0 |2687k  200k
30-11 05:29:27| 13   3  51  34   0|  32k   46M| 896M 1547M 96.1M 1074M| 10   13    0   17    0 |1336k   25k
30-11 05:29:28| 11   2  64  23   0|   0    41M| 901M 1541M 96.2M 1075M| 10   12    0   17    0 | 127k  731k
30-11 05:29:29| 22   3  64  11   0|   0    26M| 900M 1541M 96.2M 1075M| 10   12    0   17    0 | 297k 1164k
30-11 05:29:30| 11   3  77   9   0|   0    25M| 899M 1540M 96.2M 1076M| 10   12    0   17    0 | 384k 1262k
30-11 05:29:31|  0   0  95   4   0|   0  5912k| 899M 1540M 96.2M 1076M| 10   12    0   17    0 |   0     0 
30-11 05:29:32|  1   0  98   0   0|   0   240k| 899M 1540M 96.2M 1076M| 10   12    0   17    0 |  16k  769k
30-11 05:29:33|  4   1  89   7   0|   0  5944k| 899M 1540M 96.3M 1077M| 10   12    0   17    0 | 134k  267k
30-11 05:29:34|  0   0  99   1   0|   0   176k| 899M 1540M 96.3M 1077M| 10   12    0   17    0 |   0     0 
30-11 05:29:35|  6   1  91   2   0|  32k 2928k| 901M 1539M 96.3M 1077M| 10   12    0   17    0 |  67k 2567k
30-11 05:29:36| 54   9  31   6   0|  32k   14M| 948M 1487M 96.3M 1081M| 10   25    0   17    0 |2460k   42M
30-11 05:29:37| 78  16   5   0   0|   0  8136k| 955M 1474M 96.3M 1087M| 10   28    0   17    0 |2946k   75M
30-11 05:29:38| 77  17   5   1   0|   0  9968k| 965M 1458M 96.3M 1093M| 10   28    0   17    0 |2586k   85M
30-11 05:29:39| 73  20   7   0   0|   0  7128k| 970M 1448M 96.3M 1098M| 10   28    0   17    0 |2646k  101M
30-11 05:29:40| 74  18   6   2   0|   0  9216k| 976M 1437M 96.3M 1104M| 10   28    0   17    0 |2840k   98M
30-11 05:29:41| 74  19   6   1   0|   0    11M| 979M 1428M 96.3M 1109M| 10   28    0   17    0 |2647k  100M
30-11 05:29:42| 76  17   6   1   0|   0    16M| 982M 1420M 96.3M 1114M| 10   28    0   17    0 |2497k   99M
30-11 05:29:43| 73  17   8   1   0|   0    11M| 987M 1410M 96.3M 1119M| 10   28    0   17    0 |2567k  103M
30-11 05:29:44| 79  15   5   1   0|   0    13M| 993M 1398M 96.4M 1125M| 10   28    0   17    0 |2596k  106M
30-11 05:29:45| 74  17   8   2   0|   0    15M| 998M 1388M 96.4M 1130M| 10   28    0   17    0 |2544k  103M
30-11 05:29:46| 75  16   7   2   0|   0    15M|1002M 1378M 96.4M 1136M| 10   28    0   17    0 |2903k  101M
30-11 05:29:47| 72  18   7   2   0|   0    19M|1006M 1369M 96.4M 1141M| 10   28    0   17    0 |2613k   98M
30-11 05:29:48| 74  18   6   1   0|  32k   15M|1007M 1362M 96.4M 1146M| 10   28    0   17    0 |2675k  102M
30-11 05:29:49| 73  18   7   3   0|   0    24M|1009M 1355M 96.5M 1152M| 10   28    0   17    0 |2677k   93M
30-11 05:29:50| 72  16   8   4   0|   0    29M|1011M 1347M 96.5M 1157M| 10   28    0   17    0 |2466k   83M
30-11 05:29:51| 76  18   5   2   0|   0    13M|1017M 1336M 96.5M 1162M| 10   28    0   17    0 |2706k   88M
30-11 05:29:52| 74  16   6   4   0|   0    53M|1023M 1325M 96.6M 1168M| 10   28    0   17    0 |2825k   95M
30-11 05:29:53| 70  17   8   4   0|   0    30M|1027M 1315M 96.6M 1173M| 10   28    0   17    0 |2477k  101M
30-11 05:29:54| 77  15   6   2   0|   0    22M|1029M 1308M 96.6M 1178M| 10   28    0   17    0 |2406k  105M
30-11 05:29:55| 71  19   7   3   0|   0    47M|1032M 1300M 96.6M 1183M| 10   28    0   17    0 |2531k  103M
30-11 05:29:56| 73  19   6   2   0|   0   130M|1003M 1324M 96.6M 1188M| 10   28    0   17    0 |2500k  108M
30-11 05:29:57| 68  16  11   5   0|   0    30M|1010M 1311M 96.7M 1193M| 10   28    0   17    0 |2558k   96M
30-11 05:29:58| 72  18   8   1   0|   0    18M|1016M 1300M 96.7M 1199M| 10   28    0   17    0 |2667k  101M
30-11 05:29:59| 72  21   7   1   0|   0    15M|1019M 1291M 96.7M 1204M| 10   28    0   17    0 |2878k   95M
30-11 05:30:00| 76  16   6   0   0|   0  9056k|1024M 1281M 96.7M 1210M| 10   28    0   17    0 |2573k   94M
30-11 05:30:01| 71  19   9   1   0|   0    19M|1024M 1276M 96.7M 1215M| 10   28    0   17    0 |2439k  102M
30-11 05:30:02| 76  18   6   0   0|   0    11M|1026M 1268M 96.8M 1220M| 10   28    0   17    0 |2636k  107M
30-11 05:30:03| 72  17  10   1   0|   0    10M|1028M 1261M 96.8M 1225M| 10   28    0   17    0 |2668k  103M
30-11 05:30:04| 73  15   9   2   0|   0    19M|1030M 1254M 96.8M 1230M| 10   28    0    0    0 |2506k  101M
30-11 05:30:05| 68  20  10   2   0|   0    19M|1032M 1247M 96.8M 1235M| 10   28    0    0    0 |2378k  101M
30-11 05:30:06| 76  16   7   1   0|   0    11M|1036M 1237M 96.8M 1241M| 10   28    0    0    0 |2646k   91M
30-11 05:30:07| 71  20   9   1   0|   0    11M|1043M 1225M 96.8M 1246M| 10   28    0    0    0 |2440k   90M
30-11 05:30:08| 76  17   6   1   0|   0    12M|1044M 1218M 96.8M 1251M| 10   28    0    0    0 |2453k   95M
30-11 05:30:09| 77  17   5   1   0|   0    12M|1048M 1209M 96.8M 1256M| 10   28    0    0    0 |2527k   99M
30-11 05:30:10| 70  18  11   2   0|   0    20M|1054M 1198M 96.9M 1261M| 10   28    0    0    0 |2515k   99M
30-11 05:30:11| 71  19   9   1   1|   0    10M|1057M 1190M 96.9M 1266M| 10   28    0    0    0 |2748k  101M
30-11 05:30:12| 70  21   8   1   0|   0    13M|1060M 1182M 96.9M 1271M| 10   28    0    0    0 |2461k   97M
30-11 05:30:13| 72  17   8   3   0|   0    20M|1063M 1173M 96.9M 1277M| 10   28    0    0    0 |2727k   94M
30-11 05:30:14| 74  17   8   1   0|   0    12M|1066M 1164M 96.9M 1282M| 10   28    0    0    0 |2524k  104M
30-11 05:30:15| 72  20   8   1   0|   0    12M|1068M 1156M 96.9M 1287M| 10   28    0    0    0 |2780k  102M
30-11 05:30:16| 70  19   8   2   0|   0    20M|1040M 1180M 96.9M 1292M| 10   28    0    0    0 |2199k  101M
30-11 05:30:17| 74  17   8   1   0|   0    13M|1047M 1167M 96.9M 1298M| 10   28    0    0    0 |2937k  102M
30-11 05:30:18| 72  16   9   3   0|   0    21M|1054M 1154M 97.0M 1303M| 10   28    0    0    0 |2641k   98M
30-11 05:30:19| 72  19   8   1   0|   0    12M|1059M 1144M 97.0M 1308M| 10   28    0    0    0 |2389k  105M
30-11 05:30:20| 73  17   8   2   0|   0    20M|1060M 1138M 97.0M 1313M| 10   28    0    0    0 |2427k   89M
30-11 05:30:21| 79  15   5   1   0|   0    12M|1066M 1127M 97.0M 1318M| 10   28    0    0    0 |2522k   98M
30-11 05:30:22| 73  17   9   1   0|   0    11M|1066M 1122M 97.0M 1323M| 10   28    0    0    0 |2259k  106M
30-11 05:30:23| 75  15   9   1   0|   0    12M|1069M 1114M 97.0M 1327M| 10   28    0    0    0 |2359k  107M
30-11 05:30:24| 75  17   7   1   0|   0    12M|1071M 1108M 97.0M 1332M| 10   28    0    0    0 |2384k  106M
30-11 05:30:25| 74  17   8   1   0|   0    12M|1073M 1100M 97.0M 1337M| 10   28    0    0    0 |2438k  105M
30-11 05:30:26| 77  16   6   0   0|   0    12M|1075M 1093M 97.0M 1342M| 10   28    0    0    0 |2602k  102M
30-11 05:30:27| 62  18   6  14   0|   0   255M|1079M 1084M 97.0M 1347M| 10   29    0    0    0 |2276k   82M
30-11 05:30:28| 81  14   4   1   0|   0    13M|1081M 1077M 97.0M 1352M| 10   29    0    0    0 |2366k  102M
30-11 05:30:29| 72  19   7   1   1|   0    11M|1083M 1070M 97.0M 1357M| 10   29    0    0    0 |2470k  102M
30-11 05:30:30| 72  18   8   2   0|   0    20M|1086M 1062M 97.1M 1362M| 10   29    0    0    0 |2428k  108M
30-11 05:30:31| 74  18   6   2   0|   0    11M|1088M 1054M 97.1M 1367M| 10   29    0    0    0 |2524k  111M
30-11 05:30:32| 78  14   6   1   0|   0    13M|1059M 1079M 97.1M 1372M| 10   29    0    0    0 |2504k  112M
30-11 05:30:33| 69  18   8   5   0|   0    24M|1061M 1071M 97.1M 1377M| 10   29    0    0    0 |2464k  104M
30-11 05:30:34| 72  18   9   2   0|   0    13M|1062M 1066M 97.1M 1382M| 10   29    0    0    0 |2427k  107M
30-11 05:30:35| 78  14   7   2   0|   0    12M|1063M 1059M 97.1M 1386M| 10   27    0    0    0 |2270k  106M
30-11 05:30:36|  2   0  94   4   0|   0    10M|1063M 1059M 97.1M 1386M| 10   20    0    0    0 |  20k 1621k
30-11 05:30:37|  0   0  96   4   0|   0  8736k|1063M 1059M 97.2M 1386M| 10   20    0    0    0 |   0     0 
30-11 05:30:38|  0   1  90   9   0|   0    14M|1063M 1059M 97.2M 1386M| 10   20    0    0    0 |   0     0 
30-11 05:30:39|  0   0  90  10   0|   0    14M|1063M 1059M 97.2M 1386M| 10   20    0    0    0 |   0     0 
30-11 05:30:40|  0   0  90   9   0|   0    14M|1063M 1059M 97.2M 1386M| 10   20    0    0    0 |   0     0 
30-11 05:30:41|  0   1  91   8   0|   0    12M|1063M 1059M 97.2M 1386M| 10   20    0    0    0 |   0     0 
30-11 05:30:42|  0   0  93   6   0|   0  8192k|1063M 1059M 97.2M 1386M| 10   20    0    0    0 |  76B   90B
30-11 05:30:43|  0   0  99   1   0|   0   864k|1063M 1059M 97.2M 1386M| 10   20    0    0    0 |   0     0 
30-11 05:30:44|  0   0  99   1   0|   0  1240k|1063M 1059M 97.3M 1386M| 10   20    0    0    0 |   0     0 
30-11 05:30:45|  0   0 100   0   0|   0     0 |1063M 1059M 97.3M 1386M| 10   20    0    0    0 |   0     0 
30-11 05:30:46|  0   0 100   0   0|   0     0 |1063M 1059M 97.3M 1386M| 10   20    0    0    0 |   0     0 
30-11 05:30:47|  0   0 100   0   0|   0     0 |1063M 1059M 97.3M 1386M| 10   20    0    0    0 |   0     0 
30-11 05:30:48|  0   0 100   0   0|   0    32k|1063M 1059M 97.3M 1386M| 10   20    0    0    0 |  52B   66B
30-11 05:30:49|  0   0 100   0   0|   0     0 |1063M 1059M 97.3M 1386M| 10   20    0    0    0 |   0     0 
30-11 05:30:50|  0   0 100   0   0|   0    56k|1063M 1059M 97.3M 1386M| 10   20    0    0    0 | 104B  132B
30-11 05:30:51|  0   0 100   0   0|   0     0 |1063M 1059M 97.3M 1386M| 10   20    0    0    0 | 312B  396B
30-11 05:30:52|  0   0  98   1   0|   0   672k|1063M 1059M 97.3M 1386M| 10   20    0    0    0 |   0     0 
30-11 05:30:53|  0   0 100   0   0|   0     0 |1063M 1059M 97.3M 1386M| 10   20    0    0    0 |  28B   42B
30-11 05:30:54|  0   0 100   0   0|   0    40k|1063M 1059M 97.3M 1386M| 10   20    0    0    0 |   0     0 
30-11 05:30:55|  0   0 100   0   0|   0     0 |1063M 1059M 97.3M 1386M| 10   20    0    0    0 |   0     0 
30-11 05:30:56|  0   0 100   0   0|   0     0 |1063M 1059M 97.3M 1386M| 10   20    0    0    0 |   0     0 
30-11 05:30:57|  0   0 100   0   0|   0     0 |1063M 1059M 97.3M 1386M| 10   20    0    0    0 |   0     0 
30-11 05:30:58|  0   0  92   8   0|   0    59M|1063M 1059M 97.3M 1386M| 10   20    0    0    0 |  76B   90B
30-11 05:30:59|  0   0 100   0   0|   0    40k|1063M 1059M 97.3M 1386M| 10   20    0    0    0 |   0     0 
30-11 05:31:00|  0   0 100   0   0|   0     0 |1063M 1059M 97.3M 1386M| 10   20    0    0    0 |   0     0 
30-11 05:31:01|  0   0 100   0   0|   0     0 |1063M 1059M 97.3M 1386M| 10   20    0    0    0 |   0     0 
