----system---- --total-cpu-usage-- -dsk/total- ------memory-usage----- ------tcp-sockets------- -net/total-
     time     |usr sys idl wai stl| read  writ| used  free  buff  cach|lis  act  syn  tim  clo | recv  send
25-11 04:16:27|  8   2  89   1   0| 386k 1501k| 869M  947M  132M 1611M| 11    7    0    0    6 |   0     0 
25-11 04:16:28|  1   1  97   1   0|   0   792k| 868M  947M  132M 1611M| 11    7    0    0    6 |7530B 6216B
25-11 04:16:29|  0   0  99   0   0|   0     0 | 868M  947M  132M 1611M| 11    7    0    0    6 |   0     0 
25-11 04:16:30|  0   0  99   1   0|   0  3904k| 869M  947M  132M 1611M| 11    7    0    0    6 |   0     0 
25-11 04:16:31|  0   0 100   0   0|   0  1608k| 869M  947M  132M 1611M| 11    7    0    0    6 |   0     0 
25-11 04:16:32|  0   0  98   1   0|   0  2352k| 869M  947M  132M 1611M| 11    7    0    0    6 |   0     0 
25-11 04:16:33|  0   0  99   1   0|   0   520k| 869M  947M  132M 1611M| 11    7    0    0    6 |   0     0 
25-11 04:16:34|  0   0 100   0   0|   0   144k| 869M  947M  132M 1611M| 11    7    0    0    6 | 122B  144B
25-11 04:16:35|  0   0 100   0   0|   0     0 | 869M  947M  132M 1611M| 11    7    0    0    6 |   0     0 
25-11 04:16:36|  0   0 100   0   0|   0     0 | 869M  947M  132M 1611M| 11    7    0    0    6 |   0     0 
25-11 04:16:37|  0   0 100   0   0|   0     0 | 869M  947M  132M 1611M| 11    7    0    0    6 |   0     0 
25-11 04:16:38|  0   0 100   0   0|   0     0 | 869M  947M  132M 1611M| 11    7    0    0    6 |   0     0 
25-11 04:16:39|  0   0 100   0   0|   0    32k| 869M  947M  132M 1611M| 11    7    0    0    6 |   0     0 
25-11 04:16:40|  0   0 100   0   0|   0     0 | 869M  947M  132M 1611M| 11    7    0    0    6 |   0     0 
25-11 04:16:41|  0   0 100   0   0|   0     0 | 869M  947M  132M 1611M| 11    7    0    0    6 |   0     0 
25-11 04:16:42|  0   0 100   0   0|   0     0 | 869M  947M  132M 1611M| 11    7    0    0    6 |   0     0 
25-11 04:16:43|  0   0 100   0   0|   0     0 | 869M  947M  132M 1611M| 11    7    0    0    6 |  98B  120B
25-11 04:16:44|  0   0 100   0   0|   0     0 | 869M  947M  132M 1611M| 11    7    0    0    6 |   0     0 
25-11 04:16:45|  0   0  99   0   0|   0    32k| 869M  947M  132M 1611M| 11    7    0    0    6 |   0     0 
25-11 04:16:46|  0   0 100   0   0|   0     0 | 869M  947M  132M 1611M| 11    7    0    0    6 |   0     0 
25-11 04:16:47|  0   0 100   0   0|   0     0 | 869M  947M  132M 1611M| 11    7    0    0    6 |   0     0 
25-11 04:16:48|  0   0  99   0   0|   0     0 | 869M  947M  132M 1611M| 11    7    0    0    6 |7459B 6216B
25-11 04:16:49|  0   0 100   0   0|   0     0 | 869M  947M  132M 1611M| 11    7    0    0    6 |  46B   54B
25-11 04:16:50|  0   0 100   0   0|   0    32k| 869M  947M  132M 1611M| 11    7    0    0    6 |  76B   90B
25-11 04:16:51|  0   0  98   1   0|   0  2800k| 869M  947M  132M 1611M| 11    7    0    0    6 |   0     0 
25-11 04:16:52|  0   0 100   0   0|   0     0 | 869M  947M  132M 1611M| 11    7    0    0    6 |   0     0 
25-11 04:16:53|  0   0 100   0   0|   0     0 | 869M  947M  132M 1611M| 11    7    0    0    6 |  28B   42B
25-11 04:16:54|  0   0 100   0   0|   0     0 | 869M  947M  132M 1611M| 11    7    0    0    6 |   0     0 
25-11 04:16:55|  0   0 100   0   0|   0     0 | 869M  947M  132M 1611M| 11    7    0    0    6 |   0     0 
25-11 04:16:56|  0   0  99   0   0|   0   136k| 869M  947M  132M 1611M| 11    7    0    0    6 |   0     0 
25-11 04:16:57|  0   0 100   0   0|   0     0 | 869M  947M  132M 1611M| 11    7    0    0    6 |   0     0 
25-11 04:16:58|  0   0 100   0   0|   0     0 | 869M  947M  132M 1611M| 11    7    0    0    6 |  52B   66B
25-11 04:16:59|  0   0 100   0   0|   0   272k| 869M  947M  132M 1611M| 11    7    0    0    6 |   0     0 
25-11 04:17:00|  0   0 100   0   0|   0   112k| 869M  947M  132M 1611M| 11    7    0    0    6 |  28B   42B
25-11 04:17:01|  0   0  99   0   0|   0    48k| 870M  946M  132M 1611M| 11    7    0    0    6 |   0     0 
25-11 04:17:02|  0   0 100   0   0|   0     0 | 870M  946M  132M 1611M| 11    7    0    0    6 |  76B   90B
25-11 04:17:03|  0   0 100   0   0|   0     0 | 870M  946M  132M 1611M| 11    7    0    0    6 |  74B   96B
25-11 04:17:04|  0   0 100   0   0|   0     0 | 870M  946M  132M 1611M| 11    7    0    0    6 |  46B   54B
25-11 04:17:05|  0   0 100   0   0|   0     0 | 870M  946M  132M 1611M| 11    7    0    0    6 |   0     0 
25-11 04:17:06|  0   0 100   0   0|   0     0 | 870M  946M  132M 1611M| 11    7    0    0    6 |  76B   90B
25-11 04:17:07|  0   0 100   0   0|   0    80k| 870M  946M  132M 1611M| 11    7    0    0    6 |   0     0 
25-11 04:17:08|  2   1  97   0   0| 256k   80k| 883M  933M  132M 1611M| 11   13    0    0    4 |  14k   16k
25-11 04:17:09|  3   1  96   0   0|   0   144k| 888M  928M  132M 1611M| 11   13    0    2    4 | 181k 2657k
25-11 04:17:10|  3   2  96   0   0|   0     0 | 889M  926M  132M 1611M| 11   13    0    8    4 |  35k 1287k
25-11 04:17:11| 17   7  76   1   0| 288k 1040k| 890M  924M  132M 1612M| 11   20    0   15    0 | 384k  235k
25-11 04:17:12|  2   2  94   1   0|   0  4080k| 891M  924M  132M 1612M| 11   20    0   15    0 |  85k  160k
25-11 04:17:13|  2   1  97   0   0|   0  1480k| 891M  923M  132M 1612M| 11   20    0   15    0 |  85k  160k
25-11 04:17:14|  5   2  92   1   0|   0  1848k| 894M  921M  132M 1612M| 11   20    0   16    0 |2257k  476k
25-11 04:17:15|  6   5  90   0   0|   0   176k| 895M  920M  132M 1612M| 11   20    0   16    0 | 375k  558k
25-11 04:17:16|  4   5  92   0   0|   0     0 | 895M  920M  132M 1612M| 11   17    0   16    0 | 373k  554k
25-11 04:17:17|  3   3  93   1   0|   0   976k| 896M  919M  132M 1612M| 11   17    0   16    0 | 377k  561k
25-11 04:17:18|  6   3  91   0   0|   0     0 | 896M  919M  132M 1612M| 11   19    0   21    0 | 382k  562k
25-11 04:17:19|  2   1  97   0   1|   0     0 | 896M  919M  132M 1612M| 11   19    0   26    0 | 428k  180k
25-11 04:17:20|  1   0  99   0   0|   0   112k| 896M  919M  132M 1612M| 11   19    0   26    0 |  86k  161k
25-11 04:17:21|  3   1  96   1   0|   0    64k| 896M  918M  132M 1612M| 11   19    0   27    0 |2078k  232k
25-11 04:17:22|  5   4  92   0   0|   0   640k| 897M  917M  132M 1612M| 11   19    0   27    0 | 378k  561k
25-11 04:17:23|  5   4  92   0   0|   0     0 | 897M  917M  132M 1612M| 11   18    0   27    0 | 378k  562k
25-11 04:17:24|  4   4  92   0   0|   0     0 | 897M  917M  132M 1612M| 11   17    0   27    0 | 377k  561k
25-11 04:17:25|  4   6  91   0   0|   0     0 | 897M  917M  132M 1612M| 11   17    0   27    0 | 376k  560k
25-11 04:17:26|  5   4  90   0   0|   0   112k| 902M  912M  132M 1612M| 11   21    0   41    0 | 687k  497k
25-11 04:17:27|  6   4  89   1   0|   0   552k| 902M  912M  132M 1612M| 11   21    0   63    0 | 935k  360k
25-11 04:17:28|  8   5  88   0   0|   0   120k| 902M  912M  132M 1612M| 11   21    0   67    0 |1226k  409k
25-11 04:17:29|  4   2  94   1   0|   0   464k| 902M  912M  132M 1612M| 11   23    0   82    0 | 363k  219k
25-11 04:17:30|  0   0  98   2   0|   0  1880k| 902M  912M  132M 1612M| 11   23    0   82    0 |   0     0 
25-11 04:17:31|  5   2  92   1   0|   0   360k| 902M  912M  132M 1613M| 11   26    0  157    0 |1263k  597k
25-11 04:17:32|  0   0 100   0   0|   0   352k| 902M  912M  132M 1613M| 11   25    0  157    0 | 860B   18k
25-11 04:17:33|  5   2  93   0   0|   0   128k| 906M  908M  132M 1613M| 11   32    0  175    0 |6711k  114k
25-11 04:17:34| 37  10  52   1   0|   0  1040k| 907M  907M  132M 1614M| 11   66    0  257    1 |1840k  978k
25-11 04:17:35| 78  22   0   0   0|   0   696k| 923M  888M  132M 1616M| 11  125    0  513    0 |  41M 8406k
25-11 04:17:36| 76  24   0   0   0|   0   760k| 936M  873M  132M 1618M| 11  154    0  857    0 |  46M   14M
25-11 04:17:37| 76  24   0   0   0|   0   920k| 941M  865M  132M 1621M| 11  173    0    1k   0 |  41M 7442k
25-11 04:17:38| 75  25   0   0   0|   0   632k| 940M  863M  132M 1623M| 11  177    0    2k   1 |  44M 8795k
25-11 04:17:39| 78  22   0   0   0|   0   552k| 947M  854M  132M 1625M| 11  183    0    2k   2 |  38M 8351k
25-11 04:17:40| 81  19   0   0   0|   0   816k| 955M  844M  132M 1628M| 11  192    0    2k   0 |  47M 8567k
25-11 04:17:41| 79  21   0   0   0|   0  1864k| 953M  844M  132M 1630M| 11  203    0    2k   0 |  44M 7556k
25-11 04:17:42| 78  22   0   0   0|   0   736k| 950M  844M  132M 1632M| 11  197    0    3k   2 |  45M   11M
25-11 04:17:43| 77  23   0   0   0|   0   760k| 949M  843M  132M 1635M| 11  214    0    3k   0 |  47M   10M
25-11 04:17:44| 76  24   0   0   0|   0  8888k| 950M  840M  132M 1637M| 11  213    0    3k   0 |  44M 6573k
25-11 04:17:45| 82  18   0   0   0|   0   616k| 949M  838M  132M 1639M| 11  216    0    3k   0 |  42M 7965k
25-11 04:17:46| 78  22   0   0   0|   0   616k| 951M  834M  132M 1642M| 11  224    0    3k   0 |  45M 7871k
25-11 04:17:47| 79  21   0   0   0|   0   632k| 956M  826M  132M 1644M| 11  236    0    4k   1 |  43M 8866k
25-11 04:17:48| 76  24   0   0   0|   0   664k| 955M  825M  132M 1647M| 11  226    0    4k   2 |  45M 8784k
25-11 04:17:49| 74  26   0   0   0|   0    75M| 955M  822M  132M 1649M| 11  240    0    4k   0 |  38M 7529k
25-11 04:17:50| 75  25   0   0   0|   0   752k| 955M  820M  132M 1651M| 11  248    0    4k   0 |  37M 7410k
25-11 04:17:51| 80  20   0   0   0|   0   640k| 953M  819M  132M 1654M| 11  252    0    5k   1 |  37M 7146k
25-11 04:17:52| 77  23   0   0   0|   0   664k| 956M  814M  132M 1656M| 11  259    0    5k   0 |  36M 8207k
25-11 04:17:53| 81  19   0   0   0|   0   768k| 934M  834M  132M 1658M| 11  245    0    5k   1 |  46M 8952k
25-11 04:17:54| 76  24   0   0   0|   0    39M| 938M  828M  132M 1660M| 11  245    0    5k   0 |  43M 8303k
25-11 04:17:55| 78  22   0   0   0|   0   720k| 951M  813M  132M 1663M| 11  240    0    5k   0 |  41M   11M
25-11 04:17:56| 77  22   0   0   0|   0   656k| 950M  811M  132M 1665M| 11  217    0    6k   2 |  40M 9226k
25-11 04:17:57| 79  21   0   0   0|   0  2336k| 954M  806M  132M 1667M| 11  226    0    6k   0 |  37M 7893k
25-11 04:17:58| 80  20   0   0   0|   0   664k| 957M  800M  132M 1670M| 11  224    0    6k   0 |  40M 7784k
25-11 04:17:59| 79  21   0   0   0|   0   856k| 957M  797M  132M 1672M| 11  222    0    6k   0 |  43M   10M
25-11 04:18:00| 78  22   0   0   0|   0   704k| 955M  797M  132M 1674M| 11  221    0    6k   1 |  43M   11M
25-11 04:18:01| 76  24   0   0   0|   0   688k| 953M  797M  132M 1677M| 11  218    0    7k   0 |  35M 8965k
25-11 04:18:02| 78  22   0   0   0|   0   696k| 951M  796M  132M 1679M| 11  224    0    7k   0 |  32M 8804k
25-11 04:18:03| 75  25   0   0   0|   0   720k| 952M  793M  132M 1682M| 11  224    0    7k   0 |  38M 8583k
25-11 04:18:04| 76  24   0   0   0|   0   608k| 954M  788M  132M 1684M| 11  230    0    7k   0 |  36M 7877k
25-11 04:18:05| 78  22   0   0   0|   0   600k| 957M  783M  132M 1686M| 11  231    0    7k   0 |  40M 7449k
25-11 04:18:06| 75  25   0   0   0|   0   664k| 955M  782M  132M 1689M| 11  232    0    8k   0 |  44M 8317k
25-11 04:18:07| 77  23   0   0   0|   0   880k| 957M  778M  132M 1692M| 11  230    0    8k   1 |  38M 7919k
25-11 04:18:08| 82  18   0   0   0|   0   672k| 956M  776M  132M 1694M| 11  235    0    8k   0 |  43M 7792k
25-11 04:18:09| 77  22   0   0   0|   0   712k| 955M  776M  132M 1696M| 11  226    0    8k   0 |  44M 7136k
25-11 04:18:10| 75  24   0   0   0|  32k  800k| 958M  770M  132M 1698M| 11  229    0    8k   0 |  37M 9018k
25-11 04:18:11| 74  26   0   0   0|   0   728k| 961M  764M  132M 1701M| 11  226    0    9k   0 |  40M 7940k
25-11 04:18:12| 80  20   0   0   0|   0   752k| 961M  762M  132M 1703M| 11  221    0    9k   0 |  38M 8387k
25-11 04:18:13| 75  25   0   0   0|   0   768k| 958M  762M  132M 1706M| 11  217    0    9k   1 |  41M 8090k
25-11 04:18:14| 77  23   0   0   0|   0   728k| 939M  779M  132M 1708M| 11  221    0    9k   0 |  39M   12M
25-11 04:18:15| 78  22   0   0   0|   0   680k| 946M  770M  132M 1710M| 11  228    0    9k   0 |  33M 7924k
25-11 04:18:16| 74  26   0   0   0|   0   824k| 945M  769M  132M 1713M| 11  221    0    9k   0 |  29M 9721k
25-11 04:18:17| 78  22   0   0   0|   0   808k| 944M  767M  132M 1715M| 11  219    0   10k   0 |  31M 6048k
25-11 04:18:18| 74  26   0   0   0|   0   720k| 950M  760M  132M 1717M| 11  212    0   10k   1 |  26M 6114k
25-11 04:18:19| 77  23   0   0   0|   0  8672k| 957M  751M  132M 1718M| 11  211    0   10k   0 |  17M 3717k
25-11 04:18:20| 76  24   0   0   0|   0    76M| 955M  751M  132M 1720M| 11  200    0   10k   2 |  29M 7197k
25-11 04:18:21| 76  24   0   0   0|   0    14M| 954M  750M  132M 1723M| 11  205    0   10k   0 |  36M 7546k
25-11 04:18:22| 76  24   0   0   0|   0  3240k| 953M  749M  132M 1725M| 11  202    0   10k   4 |  34M 8985k
25-11 04:18:23| 77  23   0   0   0|   0  1328k| 959M  740M  132M 1727M| 11  215    0   10k   1 |  30M 5330k
25-11 04:18:24| 78  22   0   0   0|   0   696k| 963M  734M  132M 1729M| 11  221    0   10k   2 |  33M 6752k
25-11 04:18:25| 77  23   0   0   0|   0    90M| 968M  727M  132M 1731M| 11  217    0   10k   2 |  33M 8005k
25-11 04:18:26| 78  22   0   0   0|   0   592k| 971M  722M  132M 1733M| 11  223    0   11k   2 |  40M 9523k
