----system---- --total-cpu-usage-- -dsk/total- ------memory-usage----- ------tcp-sockets------- -net/total-
     time     |usr sys idl wai stl| read  writ| used  free  buff  cach|lis  act  syn  tim  clo | recv  send
25-11 01:50:20|  5   1  91   3   0|1088k 2327k| 621M  540M 83.2M 2327M| 10    5    0    0    4 |   0     0 
25-11 01:50:21|  1   1  94   4   0|   0    13M| 621M  540M 83.2M 2327M| 10    5    0    0    4 |   0     0 
25-11 01:50:22|  0   0 100   0   0|   0   144k| 621M  540M 83.2M 2327M| 10    5    0    0    4 |   0     0 
25-11 01:50:23|  2   0  80  18   0|3424k 3752k| 635M  523M 83.3M 2329M| 10   10    0    0    3 |1143B 5410B
25-11 01:50:24|  6   4  42  49   0|1904k   28M| 645M  534M 84.9M 2307M| 10   12    0    1    3 |   0     0 
25-11 01:50:25|  1   3  49  47   0|   0    14M| 643M  533M 87.2M 2308M| 10   12    0    1    3 |   0     0 
25-11 01:50:26|  3   2  48  48   0|   0    22M| 644M  530M 89.4M 2308M| 10   12    0    1    3 |   0     0 
25-11 01:50:27|  3   2  49  47   0|   0    13M| 644M  528M 91.8M 2308M| 10   12    0    1    3 |   0     0 
25-11 01:50:28|  3   2  48  47   0|   0    13M| 643M  525M 94.1M 2308M| 10   12    0    1    3 |   0     0 
25-11 01:50:29|  2   2  49  47   0|   0    13M| 644M  523M 95.7M 2308M| 10   12    0    1    3 |  76B   90B
25-11 01:50:30|  2   3  48  47   0|   0    13M| 643M  522M 97.3M 2308M| 10   12    0    1    3 |   0     0 
25-11 01:50:31|  3   2  49  47   0|   0    12M| 644M  519M 99.2M 2309M| 10   12    0    1    3 |  46B   54B
25-11 01:50:32|  3   1  49  47   0|   0    13M| 642M  518M  101M 2309M| 10   12    0    1    3 |   0     0 
25-11 01:50:33|  1   2  49  48   0|   0    13M| 641M  517M  103M 2309M| 10   12    0    1    3 |   0     0 
25-11 01:50:34|  2   2  48  47   0|   0    13M| 640M  516M  105M 2309M| 10   12    0    1    3 |  74B   96B
25-11 01:50:35|  3   2  49  47   0|   0    13M| 639M  515M  107M 2309M| 10   12    0    1    3 |   0     0 
25-11 01:50:36|  6   4  42  48   0|   0    33M| 674M  465M  107M 2324M| 10   12    0    2    3 |6993B 3790B
25-11 01:50:37|  6   3  45  47   0|   0    19M| 670M  465M  109M 2326M| 10   12    0    4    3 |   0     0 
25-11 01:50:38| 10   3  37  50   0|   0    35M| 678M  442M  110M 2340M| 10   12    0    7    3 |  52B   66B
25-11 01:50:39| 38   5  39  18   0|   0    18M| 679M  437M  110M 2343M| 10   18    0   15    1 |6587B   27k
25-11 01:50:40| 50   3  45   2   0|   0  3272k| 679M  437M  110M 2343M| 10   18    0   15    1 | 116B 1502B
25-11 01:50:41| 49   3  46   2   0|   0  3200k| 679M  437M  110M 2343M| 10   18    0   15    1 |  28B   42B
25-11 01:50:42| 51   2  40   7   0|   0    15M| 680M  436M  110M 2343M| 10   18    0   15    1 |  76B   90B
25-11 01:50:43| 50   5  39   7   0|   0    14M| 682M  434M  110M 2343M| 10   18    0   16    1 | 789B  466B
25-11 01:50:44| 51  11  35   3   1|   0    14M| 682M  433M  110M 2343M| 10   15    0   16    1 | 592B  636B
25-11 01:50:45| 48  13  39   0   0|   0    80k| 682M  433M  110M 2343M| 10   15    0   16    1 |  76B   90B
25-11 01:50:46| 50  11  35   4   0|   0    14M| 682M  433M  111M 2343M| 10   15    0   16    1 |   0     0 
25-11 01:50:47| 48  14  38   1   0|   0   928k| 683M  432M  111M 2343M| 10   15    0   16    1 |  76B   90B
25-11 01:50:48| 49  11  39   0   0|   0     0 | 683M  432M  111M 2343M| 10   14    0   16    1 | 180B   66B
25-11 01:50:49| 51   9  39   1   0|   0   680k| 683M  432M  111M 2343M| 10   14    0   16    1 |  46B   54B
25-11 01:50:50| 47   6  45   3   0|   0  1264k| 684M  432M  111M 2343M| 10   17    0   26    1 |  10k   35k
25-11 01:50:51| 50   3  47   1   0|   0   648k| 684M  432M  111M 2343M| 10   17    0   26    1 |  46B   54B
25-11 01:50:52| 49   3  46   1   0|   0  1384k| 683M  432M  111M 2343M| 10   17    0   26    1 |   0     0 
25-11 01:50:53| 51   2  47   1   0|   0   176k| 683M  432M  111M 2343M| 10   17    0   26    1 |   0     0 
25-11 01:50:54| 52   4  44   0   0|   0   336k| 685M  430M  111M 2343M| 10   17    0   27    1 | 789B  910B
25-11 01:50:55| 51   9  39   1   0|   0  4520k| 686M  430M  111M 2343M| 10   15    0   27    1 | 412B  132B
25-11 01:50:56| 51   9  40   0   0|   0     0 | 686M  430M  111M 2343M| 10   15    0   27    1 |7536B 6216B
25-11 01:50:57| 52  10  38   0   0|   0   128k| 686M  430M  111M 2343M| 10   15    0   27    1 |   0     0 
25-11 01:50:58| 51  10  40   0   0|   0     0 | 686M  430M  111M 2343M| 10   15    0   27    1 |   0     0 
25-11 01:50:59| 49  11  39   0   0|   0   128k| 686M  430M  111M 2343M| 10   14    0   27    1 | 180B   66B
25-11 01:51:00| 49   8  41   2   0|   0  1456k| 690M  426M  111M 2343M| 10   19    0   39    1 |  11k   36k
25-11 01:51:01| 49   5  42   4   0|   0  2040k| 689M  426M  111M 2343M| 10   19    0   49    1 |  11k   43k
25-11 01:51:02| 48   7  39   6   0|   0  3664k| 689M  426M  111M 2344M| 10   19    0   62    1 |  14k   39k
25-11 01:51:03| 48  10  41   1   0|   0  1088k| 689M  426M  111M 2344M| 10   19    0   65    1 |2767B   42k
25-11 01:51:04| 51   7  39   3   0|   0  7648k| 689M  426M  111M 2344M| 10   19    0   67    1 |1845B   25k
25-11 01:51:05| 24   4  68   4   0|8192B 1408k| 689M  426M  111M 2344M| 10   18    0   82    1 | 115k   65k
25-11 01:51:06|  0   0  98   1   0|   0  1432k| 689M  426M  111M 2344M| 10   18    0   82    1 |   0     0 
25-11 01:51:07| 18   3  75   5   0|   0  2832k| 689M  425M  111M 2344M| 10   22    0  132    1 |  42k  314k
25-11 01:51:08| 11   2  81   7   0|   0  5784k| 689M  425M  111M 2344M| 10   23    0  157    1 | 125k   61k
25-11 01:51:09|  1   0  99   1   0|   0  1808k| 689M  425M  111M 2344M| 10   23    0  157    1 |   0     0 
25-11 01:51:10| 31   8  55   6   0|   0  2640k| 689M  424M  112M 2344M| 10   27    0  185    1 |  26k   84k
25-11 01:51:11| 65  11  18   6   0|   0    14M| 703M  406M  112M 2348M| 10   75    0  252    1 | 514k  198k
25-11 01:51:12| 89  11   0   0   0|   0    14M| 705M  401M  112M 2350M| 10   90    0  344    1 | 785k 1161k
25-11 01:51:13| 87  12   0   0   0|   0  7528k| 740M  364M  112M 2352M| 10  118    0  409    1 | 706k 1019k
25-11 01:51:14| 87  13   0   0   0|   0    11M| 749M  354M  113M 2353M| 10  135    0  493    1 | 531k 2222k
25-11 01:51:15| 85  15   0   0   0|   0  7976k| 748M  353M  113M 2354M| 10  142    0  570    1 | 482k 2796k
25-11 01:51:16| 84  16   0   0   0|   0  7840k| 751M  349M  113M 2355M| 10  143    0  733    1 | 510k 5500k
25-11 01:51:17| 86  14   0   0   0|   0  7696k| 751M  348M  113M 2356M| 10  138    0  859    1 | 510k 2722k
25-11 01:51:18| 88  12   0   0   0|   0  5720k| 752M  347M  113M 2356M| 10  137    0  931    1 | 243k 1683k
25-11 01:51:19| 91   9   0   0   0|   0  6240k| 752M  346M  114M 2357M| 10  146    0  984    1 | 402k 1275k
25-11 01:51:20| 90  10   0   0   0|   0  6336k| 750M  346M  114M 2359M| 10  148    0    1k   1 | 436k 2090k
25-11 01:51:21| 88  12   0   0   0|   0  9224k| 754M  341M  114M 2360M| 10  150    0    1k   3 | 323k 1508k
25-11 01:51:22| 90  10   0   0   0|   0  6264k| 754M  340M  114M 2361M| 10  145    0    1k   1 | 213k  821k
25-11 01:51:23| 86  14   0   0   0|   0  5312k| 754M  339M  114M 2361M| 10  141    0    1k   1 | 399k 2640k
25-11 01:51:24| 82  18   0   0   0|   0  6008k| 755M  338M  114M 2362M| 10  139    0    1k   1 | 484k 1499k
25-11 01:51:25| 84  16   0   0   0|   0    20M| 755M  336M  115M 2364M| 10  135    0    1k   1 | 351k 3274k
25-11 01:51:26| 85  15   0   0   0|   0  5440k| 757M  333M  115M 2364M| 10  135    0    2k   1 | 450k 1567k
25-11 01:51:27| 86  14   0   0   0|   0  7784k| 757M  332M  115M 2365M| 10  142    0    2k   1 | 573k 3305k
25-11 01:51:28| 85  15   0   0   0|   0  5672k| 757M  331M  115M 2366M| 10  141    0    2k   1 | 405k 1729k
25-11 01:51:29| 89  11   0   0   0|   0  5624k| 757M  330M  115M 2366M| 10  146    0    2k   1 | 287k 1376k
25-11 01:51:30| 89  11   0   0   0|   0  6864k| 761M  325M  115M 2367M| 10  146    0    2k   1 | 692k 2644k
25-11 01:51:31| 93   7   0   0   0|   0  4328k| 760M  325M  116M 2368M| 10  146    0    2k   1 | 222k  621k
25-11 01:51:32| 90  10   0   0   0|   0  6072k| 766M  318M  116M 2369M| 10  141    0    2k   1 | 395k 2113k
25-11 01:51:33| 86  14   0   0   0|   0  6824k| 764M  318M  116M 2371M| 10  141    0    2k   1 | 235k  769k
25-11 01:51:34| 87  13   0   0   0|   0  4808k| 767M  314M  116M 2371M| 10  127    0    2k   1 | 295k 2950k
25-11 01:51:35| 90  10   0   0   0|   0  3664k| 767M  314M  116M 2372M| 10  126    0    2k   1 | 166k 2331k
25-11 01:51:36| 90  10   0   0   0|   0  4512k| 766M  314M  116M 2372M| 10  129    0    2k   1 | 207k  564k
25-11 01:51:37| 90  10   0   0   0|   0  5208k| 766M  314M  116M 2373M| 10  124    0    2k   1 | 423k 1892k
25-11 01:51:38| 87  13   0   0   0|   0  4984k| 770M  309M  116M 2373M| 10  129    0    2k   1 | 237k 1443k
25-11 01:51:39| 87  13   0   0   0|   0  6992k| 769M  309M  116M 2375M| 10  124    0    2k   1 | 118k  672k
25-11 01:51:40| 87  13   0   0   0|   0  3688k| 768M  308M  116M 2375M| 10  126    0    2k   1 | 294k  546k
25-11 01:51:41| 88  12   0   0   0|   0  4952k| 768M  308M  116M 2376M| 10  122    0    2k   1 | 119k 1270k
25-11 01:51:42| 91   9   0   0   0|   0  4472k| 769M  307M  117M 2376M| 10  124    0    2k   1 | 186k  967k
25-11 01:51:43| 89  11   0   0   0|   0  4152k| 769M  307M  117M 2376M| 10  128    0    2k   1 | 142k  630k
25-11 01:51:44| 86  14   0   0   0|   0  5272k| 768M  306M  117M 2377M| 10  117    0    2k   1 | 363k 1614k
25-11 01:51:45| 87  13   0   0   0|   0    19M| 768M  305M  117M 2378M| 10  129    0    2k   1 | 230k  576k
25-11 01:51:46| 87  13   0   0   0|   0  5928k| 769M  305M  117M 2378M| 10  135    0    2k   1 | 239k 1504k
25-11 01:51:47| 92   8   0   0   0|   0  5928k| 772M  300M  117M 2378M| 10  127    0    3k   1 | 400k 1131k
25-11 01:51:48| 91   9   0   0   0|   0  4448k| 773M  300M  117M 2379M| 10  129    0    3k   1 | 126k  402k
25-11 01:51:49| 90  10   0   0   0|   0  6840k| 776M  296M  117M 2379M| 10  135    0    3k   1 | 437k 2225k
25-11 01:51:50| 86  14   0   0   0|   0  6496k| 775M  296M  117M 2380M| 10  136    0    3k   1 | 422k 2138k
25-11 01:51:51| 84  16   0   0   0|   0  9160k| 775M  295M  117M 2381M| 10  138    0    3k   1 | 403k 1147k
25-11 01:51:52| 85  15   0   0   0|   0    11M| 772M  295M  118M 2384M| 10  138    0    3k   1 | 370k 1839k
25-11 01:51:53| 86  14   0   0   0|   0    10M| 773M  293M  118M 2384M| 10  157    0    3k   1 | 536k 1372k
25-11 01:51:54| 89  11   0   0   0|   0  6312k| 773M  292M  118M 2385M| 10  144    0    3k   1 | 415k 1724k
25-11 01:51:55| 85  15   0   0   0|   0    18M| 772M  291M  118M 2387M| 10  145    0    3k   1 | 375k 2933k
25-11 01:51:56| 92   8   0   0   0|   0  8312k| 772M  290M  118M 2388M| 10  140    0    3k   1 | 319k 1064k
25-11 01:51:57| 88  11   0   0   0|   0  6848k| 771M  289M  118M 2389M| 10  145    0    3k   1 | 368k 3083k
25-11 01:51:58| 83  17   0   0   0|   0  7784k| 773M  287M  118M 2390M| 10  139    0    3k   1 | 225k  880k
25-11 01:51:59| 88  12   0   0   0|   0  4416k| 776M  284M  118M 2390M| 10  134    0    3k   1 | 243k 2094k
25-11 01:52:00| 86  14   0   0   0|   0  8048k| 779M  280M  118M 2390M| 10  135    0    3k   1 | 233k 1058k
25-11 01:52:01| 89  11   0   0   0|   0  5152k| 779M  280M  118M 2391M| 10  136    0    3k   1 | 291k 1390k
25-11 01:52:02| 89  11   0   0   0|   0  5872k| 778M  280M  119M 2392M| 10  132    0    3k   1 | 463k 2946k
25-11 01:52:03| 88  12   0   0   0|   0  3936k| 778M  280M  119M 2392M| 10  128    0    4k   1 | 113k 2102k
25-11 01:52:04| 88  12   0   0   0|   0  4040k| 779M  278M  119M 2392M| 10  130    0    4k   1 | 137k 1278k
25-11 01:52:05| 86  14   0   0   0|   0  6720k| 779M  277M  119M 2393M| 10  128    0    4k   1 | 466k 3136k
25-11 01:52:06| 86  14   0   0   0|   0  5768k| 782M  273M  119M 2393M| 10  123    0    4k   1 | 503k 2394k
25-11 01:52:07| 86  14   0   0   0|   0  8504k| 783M  270M  119M 2396M| 10  120    0    4k   1 |  39k 1171k
25-11 01:52:08| 82  18   0   0   0|   0  4544k| 784M  269M  119M 2396M| 10  128    0    4k   1 | 345k 1285k
25-11 01:52:09| 84  16   0   0   0|   0  4840k| 785M  268M  119M 2396M| 10  129    0    4k   1 |  83k  503k
25-11 01:52:10| 88  12   0   0   0|   0  4736k| 785M  266M  119M 2397M| 10  122    0    4k   1 | 351k 2449k
25-11 01:52:11| 35   8  56   0   0|   0  2984k| 785M  266M  119M 2397M| 10   13    0    4k   1 | 133k  971k
25-11 01:52:12|  1   0  98   1   0|   0  1200k| 785M  266M  119M 2397M| 10   13    0    4k   1 |  46B   54B
25-11 01:52:13|  0   0  98   1   0|   0  1176k| 785M  266M  119M 2397M| 10   13    0    4k   1 |   0     0 
25-11 01:52:14|  0   1  89  10   0|   0    14M| 785M  266M  119M 2397M| 10   13    0    3k   1 |   0     0 
25-11 01:52:15|  0   1  90   9   0|   0    14M| 785M  266M  119M 2397M| 10   13    0    3k   1 |   0     0 
25-11 01:52:16|  0   1  85  14   0|   0    26M| 785M  266M  119M 2397M| 10   13    0    3k   1 |   0     0 
25-11 01:52:17|  1   1  89  10   0|   0    14M| 785M  266M  120M 2397M| 10   13    0    3k   1 |7438B 6216B
25-11 01:52:18|  1   0  99   1   0|   0   648k| 784M  266M  120M 2397M| 10   13    0    3k   1 |   0     0 
25-11 01:52:19|  0   0  95   4   0|   0  6072k| 784M  266M  120M 2397M| 10   13    0    3k   1 |   0     0 
