----system---- --total-cpu-usage-- -dsk/total- ------memory-usage----- ------tcp-sockets------- -net/total-
     time     |usr sys idl wai stl| read  writ| used  free  buff  cach|lis  act  syn  tim  clo | recv  send
30-11 05:03:56|  3   0  96   1   0| 369k  541k| 833M 1655M 57.0M 1069M| 10   11    0    7    0 |   0     0 
30-11 05:03:57|  1   2  95   2   0|   0  4296k| 833M 1654M 57.0M 1069M| 10   11    0    7    0 |   0     0 
30-11 05:03:58|  0   0  99   0   0|   0   496k| 834M 1654M 57.0M 1069M| 10   11    0    7    0 |   0     0 
30-11 05:03:59|  0   0  98   1   0|   0  2944k| 835M 1653M 57.1M 1069M| 10   11    0    7    0 |  63B   93B
30-11 05:04:00|  0   0  99   1   0|   0  2376k| 835M 1653M 57.1M 1069M| 10   11    0    7    0 |   0     0 
30-11 05:04:01|  0   0  99   0   0|   0   224k| 835M 1653M 57.1M 1069M| 10   11    0    7    0 |   0     0 
30-11 05:04:02|  0   0  99   0   0|   0   136k| 835M 1653M 57.1M 1069M| 10   11    0    7    0 |   0     0 
30-11 05:04:03|  1   0  99   0   0|   0    16k| 835M 1653M 57.1M 1069M| 10   11    0    7    0 | 140B  105B
30-11 05:04:04|  6   0  94   0   0|  32k  112k| 839M 1649M 57.1M 1069M| 10   11    0    9    0 |1529B 2127B
30-11 05:04:05|  0   0  99   0   0|  32k  528k| 839M 1649M 57.2M 1069M| 10   11    0    9    0 |   0     0 
30-11 05:04:06|  1   1  98   0   0|   0   104k| 840M 1647M 57.2M 1069M| 10   11    0   11    0 | 706B  734B
30-11 05:04:07|  0   0  98   1   0|   0  1192k| 840M 1647M 57.2M 1069M| 10   11    0   11    0 |   0     0 
30-11 05:04:08|  0   0 100   0   0|   0    16k| 840M 1647M 57.2M 1069M| 10   11    0   11    0 |   0     0 
30-11 05:04:09|  0   0  99   0   0|   0   176k| 840M 1647M 57.2M 1069M| 10   11    0   11    0 |   0     0 
30-11 05:04:10|  0   0 100   0   0|   0     0 | 840M 1647M 57.2M 1069M| 10   11    0   11    0 |   0     0 
30-11 05:04:11| 28   2  70   0   0|   0   104k| 845M 1643M 57.2M 1070M| 10   17    0   29    0 |8411B 8458B
30-11 05:04:12| 85  10   6   0   0|  32k 2472k| 848M 1638M 57.3M 1070M| 10   11    0   61    0 |  16k   22k
30-11 05:04:13| 90   6   3   0   0|   0   216k| 850M 1636M 57.3M 1071M| 10   14    0   93    0 |  18k   22k
30-11 05:04:14| 91   7   2   0   0|   0   192k| 850M 1635M 57.3M 1072M| 10   14    0  124    0 |  17k   22k
30-11 05:04:15| 91   6   3   0   0|   0   208k| 850M 1634M 57.3M 1072M| 10   14    0  156    1 |  18k   43k
30-11 05:04:16| 89   8   3   0   0|   0   416k| 854M 1630M 57.4M 1073M| 10   14    0  189    0 |  18k   22k
30-11 05:04:17| 88   8   2   0   0|   0  7432k| 853M 1630M 57.4M 1074M| 10   14    0  220    0 |  17k   22k
30-11 05:04:18| 88   8   5   0   0|  64k  232k| 853M 1630M 57.4M 1075M| 10   14    0  251    0 |  17k   22k
30-11 05:04:19| 91   5   5   0   0|   0   240k| 853M 1628M 57.4M 1075M| 10   11    0  283    0 |  17k   22k
30-11 05:04:20| 87   7   5   0   0|   0   216k| 853M 1628M 57.4M 1076M| 10   11    0  306    0 |  16k   22k
30-11 05:04:21| 90   7   4   0   0|   0    10M| 853M 1627M 57.4M 1077M| 10   14    0  335    0 |  17k   22k
30-11 05:04:22| 87   7   6   0   0|   0   232k| 857M 1623M 57.4M 1077M| 10   11    0  362    0 |  16k   22k
30-11 05:04:23| 90   6   4   0   0|   0   184k| 857M 1621M 57.5M 1078M| 10   11    0  394    0 |  17k   23k
30-11 05:04:24| 86   9   4   0   0|   0   232k| 857M 1621M 57.5M 1079M| 10   14    0  422    0 |  17k   22k
30-11 05:04:25| 86   7   7   0   0|   0   216k| 856M 1621M 57.5M 1080M| 10   14    0  447    0 |  16k   21k
30-11 05:04:26| 87   8   5   0   0|   0  1552k| 858M 1618M 57.5M 1081M| 10   17    0  475    0 |  17k   22k
30-11 05:04:27| 89   8   4   0   0|   0   848k| 857M 1618M 57.5M 1081M| 10   14    0  505    0 |  16k   22k
30-11 05:04:28| 88   6   6   0   0|   0   856k| 856M 1618M 57.6M 1082M| 10   11    0  533    0 |  16k   23k
30-11 05:04:29| 89   6   4   0   0|   0   856k| 856M 1618M 57.6M 1083M| 10   11    0  562    0 |  17k   22k
30-11 05:04:30| 88   5   8   0   0|   0   176k| 856M 1617M 57.6M 1083M| 10   14    0  578    0 |  15k   21k
30-11 05:04:31| 84  10   5   0   0|   0   184k| 857M 1616M 57.6M 1084M| 10   15    0  601    0 |  23k   26k
30-11 05:04:32| 89  10   1   0   0|   0   192k| 857M 1615M 57.6M 1085M| 10   18    0  631    0 |  17k   23k
30-11 05:04:33| 93   6   1   0   0|   0   192k| 856M 1615M 57.6M 1085M| 10   15    1  660    0 |  17k   23k
30-11 05:04:34| 92   8   0   0   0|   0   232k| 855M 1615M 57.7M 1087M| 10   15    0  687    0 |  16k   22k
30-11 05:04:35| 91   7   2   0   0|   0   192k| 854M 1615M 57.7M 1087M| 10   18    0  711    0 |  16k   22k
30-11 05:04:36| 90   8   1   0   0|   0   208k| 856M 1613M 57.7M 1088M| 10   12    0  738    0 |  16k   23k
30-11 05:04:37| 93   7   1   0   0|   0   192k| 855M 1613M 57.7M 1089M| 10   13    0  760    0 |  17k   22k
30-11 05:04:38| 88  11   1   0   0|   0   184k| 855M 1611M 57.7M 1090M| 10   15    0  784    0 |  16k   21k
30-11 05:04:39| 90   9   1   0   0|   0   224k| 855M 1611M 57.7M 1090M| 10   15    0  808    0 |  16k   22k
30-11 05:04:40| 92   6   1   0   0|   0   216k| 856M 1610M 57.8M 1091M| 10   14    0  831    0 |  16k   23k
30-11 05:04:41| 92   6   2   0   0|   0   176k| 856M 1608M 57.8M 1092M| 10   11    0  843    0 |  14k   22k
30-11 05:04:42| 94   5   1   0   0|   0   152k| 856M 1608M 57.8M 1093M| 10   14    0  873    0 |  17k   22k
30-11 05:04:43| 91   9   0   0   0|   0   216k| 856M 1607M 57.8M 1094M| 10   17    0  900    0 |  17k   21k
30-11 05:04:44| 91   7   2   0   0|   0   216k| 855M 1607M 57.8M 1094M| 10   11    0  925    0 |  16k   23k
30-11 05:04:45| 94   6   0   0   0|   0   344k| 857M 1604M 57.8M 1095M| 10   14    0  949    0 |  16k   23k
30-11 05:04:46| 92   6   2   0   0|   0  8352k| 861M 1599M 57.8M 1096M| 10   14    0  978    0 |  17k   22k
30-11 05:04:47| 92   8   1   0   0|   0  1608k| 861M 1598M 57.9M 1097M| 10   14    0    1k   0 |  16k   22k
30-11 05:04:48| 92   7   2   0   0|   0    24M| 864M 1595M 57.9M 1098M| 10   11    0    1k   0 |  16k   22k
30-11 05:04:49| 92   7   1   0   0|   0   264k| 863M 1595M 57.9M 1098M| 10   14    0    1k   0 |  17k   22k
30-11 05:04:50| 92   8   0   0   0|   0   224k| 863M 1594M 57.9M 1099M| 10   14    0    1k   0 |  17k   23k
30-11 05:04:51| 93   7   0   0   0|   0    12M| 863M 1593M 57.9M 1100M| 10   14    0    1k   0 |  17k   22k
30-11 05:04:52| 92   8   0   0   0|   0   200k| 864M 1591M 57.9M 1101M| 10   17    0    1k   0 |  16k   22k
30-11 05:04:53| 91   7   2   0   0|   0    21M| 864M 1591M 57.9M 1102M| 10   17    0    1k   0 |  17k   22k
30-11 05:04:54| 91   8   1   0   0|   0   208k| 863M 1591M 58.0M 1102M| 10   11    0    1k   0 |  17k   23k
30-11 05:04:55| 89   9   1   0   0|   0   184k| 863M 1590M 58.0M 1103M| 10   17    0    1k   0 |  17k   22k
30-11 05:04:56| 93   6   1   0   0|   0   968k| 864M 1588M 58.0M 1104M| 10   14    0    1k   0 |  16k   22k
30-11 05:04:57| 91   7   1   0   0|   0   728k| 863M 1588M 58.0M 1105M| 10   17    0    1k   0 |  16k   22k
30-11 05:04:58| 91   8   1   0   0|   0   816k| 863M 1587M 58.0M 1106M| 10   17    0    1k   0 |  16k   22k
30-11 05:04:59| 92   6   2   0   0|   0   784k| 865M 1584M 58.1M 1107M| 10   17    0    1k   0 |  17k   22k
30-11 05:05:00| 92   8   0   0   0|   0   896k| 864M 1584M 58.1M 1108M| 10   14    0    1k   2 |  17k   22k
30-11 05:05:01| 93   7   0   0   0|   0   792k| 864M 1583M 58.1M 1109M| 10   14    0    1k   0 |  17k   22k
30-11 05:05:02| 91   7   2   0   0|   0   768k| 864M 1583M 58.1M 1109M| 10   14    0    1k   0 |  17k   22k
30-11 05:05:03| 92   8   1   0   0|   0   784k| 864M 1583M 58.2M 1110M| 10   17    0    1k   0 |  16k   22k
30-11 05:05:04| 92   7   1   0   0|   0   776k| 865M 1580M 58.2M 1112M| 10   11    0    1k   0 |  15k   22k
30-11 05:05:05| 90   9   1   0   0|   0   744k| 864M 1579M 58.2M 1113M| 10   14    0    1k   0 |  17k   22k
30-11 05:05:06| 88  10   2   0   0|   0   768k| 864M 1579M 58.2M 1114M| 10   14    0    1k   0 |  17k   22k
30-11 05:05:07| 92   8   0   0   0|   0   840k| 863M 1578M 58.2M 1114M| 10   14    0    2k   0 |  17k   22k
30-11 05:05:08| 92   7   1   0   0|   0   760k| 865M 1576M 58.2M 1115M| 10   17    0    2k   0 |  17k   22k
30-11 05:05:09| 90   8   2   0   0|   0   760k| 865M 1575M 58.3M 1116M| 10   14    0    2k   0 |  16k   23k
30-11 05:05:10| 92   8   0   0   0|   0   728k| 865M 1574M 58.3M 1117M| 10   17    0    2k   0 |  17k   22k
30-11 05:05:11| 79   5  16   0   0|   0   688k| 865M 1574M 58.3M 1117M| 10   11    0    2k   0 |  14k   20k
30-11 05:05:12|  0   0  99   0   0|   0   808k| 865M 1574M 58.4M 1117M| 10   11    0    2k   0 |   0     0 
30-11 05:05:13|  0   0  99   1   0|   0   512k| 864M 1574M 58.4M 1117M| 10   11    0    2k   0 |   0     0 
30-11 05:05:14|  0   0  99   0   0|   0   512k| 864M 1574M 58.4M 1117M| 10   11    0    2k   0 |   0     0 
30-11 05:05:15|  0   0  93   6   0|   0    12M| 864M 1574M 58.6M 1117M| 10   11    0    1k   0 |   0     0 
30-11 05:05:16|  0   0  93   6   0|   0    12M| 864M 1574M 58.9M 1117M| 10   11    0    1k   0 |   0     0 
30-11 05:05:17|  0   0  95   5   0|   0    11M| 864M 1574M 59.1M 1117M| 10   11    0    1k   0 |   0     0 
30-11 05:05:18|  0   0  94   5   0|   0  8704k| 864M 1574M 59.3M 1117M| 10   11    0    1k   0 |   0     0 
30-11 05:05:19|  0   0  96   4   0|   0  7456k| 863M 1574M 59.5M 1117M| 10   11    0    1k   0 |   0     0 
30-11 05:05:20|  0   0  98   1   0|   0  1136k| 863M 1574M 59.5M 1117M| 10   11    0    1k   0 |   0     0 
30-11 05:05:21|  0   0 100   0   0|   0   136k| 863M 1574M 59.5M 1117M| 10   11    0    1k   0 |   0     0 
30-11 05:05:22|  0   1  95   4   0|   0    14M| 863M 1574M 59.5M 1117M| 10   11    0    1k   0 |   0     0 
30-11 05:05:23|  0   0 100   0   0|   0    88k| 863M 1574M 59.6M 1117M| 10   11    0    1k   0 |  76B   90B
30-11 05:05:24|  0   1  93   7   0|   0    23M| 863M 1574M 59.6M 1117M| 10   11    0    1k   0 |   0     0 
30-11 05:05:25|  0   0 100   0   0|   0     0 | 863M 1574M 59.6M 1117M| 10   11    0    1k   0 |   0     0 
30-11 05:05:26|  0   0 100   0   0|   0     0 | 863M 1574M 59.6M 1117M| 10   11    0    1k   0 |  28B   42B
30-11 05:05:27|  0   0  99   0   0|   0   128k| 863M 1574M 59.6M 1117M| 10   11    1    1k   0 | 122B  148B
30-11 05:05:28|  0   0  99   0   0|   0    32k| 863M 1574M 59.6M 1117M| 10   11    1    1k   0 | 788B  892B
30-11 05:05:29|  0   1  99   0   0|   0     0 | 865M 1573M 59.6M 1117M| 10   11    1    1k   0 | 892B  612B
30-11 05:05:30|  4   4  76  16   0| 336k    0 | 884M 1553M 59.6M 1117M| 10   11    1    1k   0 |1164B 2538B
30-11 05:05:31| 33   2  50  15   0|1912k    0 | 894M 1543M 59.7M 1118M| 10   13    1    1k   0 |   0     0 
30-11 05:05:32| 50   1  49   0   0|   0   440k| 894M 1543M 59.7M 1118M| 10   13    1    1k   0 |   0     0 
30-11 05:05:33| 50   0  50   0   0|   0    40k| 894M 1543M 59.7M 1118M| 10   13    1  996    0 |   0     0 
30-11 05:05:34| 51   0  49   0   0|   0     0 | 894M 1543M 59.7M 1118M| 10   13    1  996    0 |   0    58B
30-11 05:05:35| 50   0  50   0   0|   0    24k| 894M 1543M 59.7M 1118M| 10   13    1  996    0 |  28B   42B
30-11 05:05:36| 51   0  49   0   0|   0     0 | 894M 1543M 59.7M 1118M| 10   13    1  945    0 |   0     0 
30-11 05:05:37| 50   0  50   0   0|   0   488k| 894M 1543M 59.7M 1118M| 10   13    1  945    0 |   0     0 
30-11 05:05:38| 50   1  49   0   0|   0    32k| 894M 1543M 59.7M 1118M| 10   13    1  897    0 |   0     0 
30-11 05:05:39| 50   1  50   0   0|   0     0 | 894M 1543M 59.7M 1118M| 10   13    1  897    0 |   0     0 
30-11 05:05:40|  6   2  92   0   0| 328k    0 | 855M 1581M 59.7M 1118M| 10   11    1  845    0 | 584B   15k
30-11 05:05:41|  0   0  99   0   0|   0     0 | 855M 1581M 59.7M 1118M| 10   11    1  845    0 |   0     0 
30-11 05:05:42|  0   0 100   0   0|   0   120k| 855M 1581M 59.7M 1118M| 10   11    1  810    0 |   0    58B
30-11 05:05:43|  0   0 100   0   0|   0    56k| 855M 1581M 59.7M 1118M| 10   11    1  810    0 |  76B   90B
30-11 05:05:44|  0   0 100   0   0|   0     0 | 855M 1581M 59.7M 1118M| 10   11    1  750    0 |   0     0 
30-11 05:05:45|  0   0 100   0   0|   0  8192B| 855M 1581M 59.7M 1118M| 10   11    1  750    0 |   0     0 
30-11 05:05:46|  0   0 100   0   0|   0     0 | 855M 1581M 59.7M 1118M| 10   11    1  700    0 |   0     0 
30-11 05:05:47|  0   0 100   0   0|   0     0 | 855M 1581M 59.7M 1118M| 10   11    1  700    0 |   0     0 
30-11 05:05:48|  0   0 100   0   0|   0    80k| 855M 1581M 59.7M 1118M| 10   11    1  648    0 |   0     0 
30-11 05:05:49|  0   1  99   0   0|   0    32k| 855M 1581M 59.7M 1118M| 10   11    1  648    0 |   0     0 
30-11 05:05:50|  0   0 100   0   0|   0     0 | 855M 1581M 59.7M 1118M| 10   11    1  594    0 |   0     0 
30-11 05:05:51|  0   1  99   0   0|   0     0 | 855M 1581M 59.7M 1118M| 10   11    1  594    0 | 140B  198B
30-11 05:05:52|  1   2  97   0   0|   0     0 | 855M 1581M 59.7M 1118M| 10   11    1  534    0 |1084B 2260B
30-11 05:05:53|  0   0  99   0   0|   0   136k| 855M 1581M 59.7M 1118M| 10   11    1  534    0 | 420B  456B
30-11 05:05:54|  0   1  99   0   0|   0    32k| 855M 1581M 59.7M 1118M| 10   12    1  475    0 | 864B  756B
30-11 05:05:55|  0   2  98   0   0|   0  8192B| 858M 1578M 59.7M 1118M| 10   12    1  475    0 | 928B  628B
